2018-05-23 11:36:22,275 [1] mfe_gui.frmMain.frmMain_Load(C:\BA\Software_projects\PIC\1510\8.5.18_ver_1_f\BA1510_GUI_SRC\MFE_gui\frmMain.cs:70) [INFO] - Statring Program, Version - 1.1.10.0, AtpLib - 1.4.4.0
2018-05-23 11:36:23,854 [1] mfe_gui.frmMain.btnConnect_Click(C:\BA\Software_projects\PIC\1510\8.5.18_ver_1_f\BA1510_GUI_SRC\MFE_gui\frmMain.cs:249) [INFO] - Connected to COM3
2018-05-23 11:36:24,564 [5] atpLib.Scenarios.Scenario.runTask(C:\BA\Software_projects\PIC\1510\source_code_1510_GUI\2\BA1510_GUI_SRC\atpLib\Scenarios\Scenario.cs:178) [INFO] - Running scenario "Get Momentery Status" - with timeout of: 10 seconds.
2018-05-23 11:36:24,577 [6] atpLib.Scenarios.SingleMessageSingleDeviceScenario.internalRun(C:\BA\Software_projects\PIC\1510\source_code_1510_GUI\2\BA1510_GUI_SRC\atpLib\Scenarios\SingleMessageSingleDeviceScenario.cs:27) [INFO] - sending a message of type: GetMomenteryStatusMessage
2018-05-23 11:36:24,583 [6] atpLib.Devices.RFC1662BinarySerialDevice.sendMsg(C:\BA\Software_projects\PIC\1510\source_code_1510_GUI\2\BA1510_GUI_SRC\atpLib\Devices\RFC1662Device\RFC1662BinarySerialDevice.cs:107) [INFO] - sending 9
2018-05-23 11:36:24,743 [6] atpLib.Devices.RFC1662BinarySerialDevice.receiveAnswer(C:\BA\Software_projects\PIC\1510\source_code_1510_GUI\2\BA1510_GUI_SRC\atpLib\Devices\RFC1662Device\RFC1662BinarySerialDevice.cs:86) [INFO] - got answer of type: 89
2018-05-23 11:36:24,754 [5] atpLib.Scenarios.Scenario.runTask(C:\BA\Software_projects\PIC\1510\source_code_1510_GUI\2\BA1510_GUI_SRC\atpLib\Scenarios\Scenario.cs:221) [INFO] - Scenario passed.
2018-05-23 11:36:26,960 [5] atpLib.Scenarios.Scenario.runTask(C:\BA\Software_projects\PIC\1510\source_code_1510_GUI\2\BA1510_GUI_SRC\atpLib\Scenarios\Scenario.cs:178) [INFO] - Running scenario "Get Momentery Status" - with timeout of: 10 seconds.
2018-05-23 11:36:26,963 [7] atpLib.Scenarios.SingleMessageSingleDeviceScenario.internalRun(C:\BA\Software_projects\PIC\1510\source_code_1510_GUI\2\BA1510_GUI_SRC\atpLib\Scenarios\SingleMessageSingleDeviceScenario.cs:27) [INFO] - sending a message of type: GetMomenteryStatusMessage
2018-05-23 11:36:26,964 [7] atpLib.Devices.RFC1662BinarySerialDevice.sendMsg(C:\BA\Software_projects\PIC\1510\source_code_1510_GUI\2\BA1510_GUI_SRC\atpLib\Devices\RFC1662Device\RFC1662BinarySerialDevice.cs:107) [INFO] - sending 9
2018-05-23 11:36:26,967 [7] atpLib.Devices.RFC1662BinarySerialDevice.receiveAnswer(C:\BA\Software_projects\PIC\1510\source_code_1510_GUI\2\BA1510_GUI_SRC\atpLib\Devices\RFC1662Device\RFC1662BinarySerialDevice.cs:86) [INFO] - got answer of type: 89
2018-05-23 11:36:26,971 [5] atpLib.Scenarios.Scenario.runTask(C:\BA\Software_projects\PIC\1510\source_code_1510_GUI\2\BA1510_GUI_SRC\atpLib\Scenarios\Scenario.cs:221) [INFO] - Scenario passed.
2018-05-23 11:36:27,592 [10] atpLib.Scenarios.Scenario.runTask(C:\BA\Software_projects\PIC\1510\source_code_1510_GUI\2\BA1510_GUI_SRC\atpLib\Scenarios\Scenario.cs:178) [INFO] - Running scenario "Get Momentery Status" - with timeout of: 10 seconds.
2018-05-23 11:36:27,600 [7] atpLib.Scenarios.SingleMessageSingleDeviceScenario.internalRun(C:\BA\Software_projects\PIC\1510\source_code_1510_GUI\2\BA1510_GUI_SRC\atpLib\Scenarios\SingleMessageSingleDeviceScenario.cs:27) [INFO] - sending a message of type: GetMomenteryStatusMessage
2018-05-23 11:36:27,604 [7] atpLib.Devices.RFC1662BinarySerialDevice.sendMsg(C:\BA\Software_projects\PIC\1510\source_code_1510_GUI\2\BA1510_GUI_SRC\atpLib\Devices\RFC1662Device\RFC1662BinarySerialDevice.cs:107) [INFO] - sending 9
2018-05-23 11:36:27,609 [7] atpLib.Devices.RFC1662BinarySerialDevice.receiveAnswer(C:\BA\Software_projects\PIC\1510\source_code_1510_GUI\2\BA1510_GUI_SRC\atpLib\Devices\RFC1662Device\RFC1662BinarySerialDevice.cs:86) [INFO] - got answer of type: 89
2018-05-23 11:36:27,615 [10] atpLib.Scenarios.Scenario.runTask(C:\BA\Software_projects\PIC\1510\source_code_1510_GUI\2\BA1510_GUI_SRC\atpLib\Scenarios\Scenario.cs:221) [INFO] - Scenario passed.
2018-05-23 11:36:28,120 [6] atpLib.Scenarios.Scenario.runTask(C:\BA\Software_projects\PIC\1510\source_code_1510_GUI\2\BA1510_GUI_SRC\atpLib\Scenarios\Scenario.cs:178) [INFO] - Running scenario "Get Momentery Status" - with timeout of: 10 seconds.
2018-05-23 11:36:28,124 [5] atpLib.Scenarios.SingleMessageSingleDeviceScenario.internalRun(C:\BA\Software_projects\PIC\1510\source_code_1510_GUI\2\BA1510_GUI_SRC\atpLib\Scenarios\SingleMessageSingleDeviceScenario.cs:27) [INFO] - sending a message of type: GetMomenteryStatusMessage
2018-05-23 11:36:28,127 [5] atpLib.Devices.RFC1662BinarySerialDevice.sendMsg(C:\BA\Software_projects\PIC\1510\source_code_1510_GUI\2\BA1510_GUI_SRC\atpLib\Devices\RFC1662Device\RFC1662BinarySerialDevice.cs:107) [INFO] - sending 9
2018-05-23 11:36:28,132 [5] atpLib.Devices.RFC1662BinarySerialDevice.receiveAnswer(C:\BA\Software_projects\PIC\1510\source_code_1510_GUI\2\BA1510_GUI_SRC\atpLib\Devices\RFC1662Device\RFC1662BinarySerialDevice.cs:86) [INFO] - got answer of type: 89
2018-05-23 11:36:28,137 [6] atpLib.Scenarios.Scenario.runTask(C:\BA\Software_projects\PIC\1510\source_code_1510_GUI\2\BA1510_GUI_SRC\atpLib\Scenarios\Scenario.cs:221) [INFO] - Scenario passed.
2018-05-23 11:36:28,577 [5] atpLib.Scenarios.Scenario.runTask(C:\BA\Software_projects\PIC\1510\source_code_1510_GUI\2\BA1510_GUI_SRC\atpLib\Scenarios\Scenario.cs:178) [INFO] - Running scenario "Get Momentery Status" - with timeout of: 10 seconds.
2018-05-23 11:36:28,580 [7] atpLib.Scenarios.SingleMessageSingleDeviceScenario.internalRun(C:\BA\Software_projects\PIC\1510\source_code_1510_GUI\2\BA1510_GUI_SRC\atpLib\Scenarios\SingleMessageSingleDeviceScenario.cs:27) [INFO] - sending a message of type: GetMomenteryStatusMessage
2018-05-23 11:36:28,583 [7] atpLib.Devices.RFC1662BinarySerialDevice.sendMsg(C:\BA\Software_projects\PIC\1510\source_code_1510_GUI\2\BA1510_GUI_SRC\atpLib\Devices\RFC1662Device\RFC1662BinarySerialDevice.cs:107) [INFO] - sending 9
2018-05-23 11:36:28,588 [7] atpLib.Devices.RFC1662BinarySerialDevice.receiveAnswer(C:\BA\Software_projects\PIC\1510\source_code_1510_GUI\2\BA1510_GUI_SRC\atpLib\Devices\RFC1662Device\RFC1662BinarySerialDevice.cs:86) [INFO] - got answer of type: 89
2018-05-23 11:36:28,594 [5] atpLib.Scenarios.Scenario.runTask(C:\BA\Software_projects\PIC\1510\source_code_1510_GUI\2\BA1510_GUI_SRC\atpLib\Scenarios\Scenario.cs:221) [INFO] - Scenario passed.
2018-05-23 11:36:29,089 [7] atpLib.Scenarios.Scenario.runTask(C:\BA\Software_projects\PIC\1510\source_code_1510_GUI\2\BA1510_GUI_SRC\atpLib\Scenarios\Scenario.cs:178) [INFO] - Running scenario "Get Momentery Status" - with timeout of: 10 seconds.
2018-05-23 11:36:29,094 [5] atpLib.Scenarios.SingleMessageSingleDeviceScenario.internalRun(C:\BA\Software_projects\PIC\1510\source_code_1510_GUI\2\BA1510_GUI_SRC\atpLib\Scenarios\SingleMessageSingleDeviceScenario.cs:27) [INFO] - sending a message of type: GetMomenteryStatusMessage
2018-05-23 11:36:29,097 [5] atpLib.Devices.RFC1662BinarySerialDevice.sendMsg(C:\BA\Software_projects\PIC\1510\source_code_1510_GUI\2\BA1510_GUI_SRC\atpLib\Devices\RFC1662Device\RFC1662BinarySerialDevice.cs:107) [INFO] - sending 9
2018-05-23 11:36:29,101 [5] atpLib.Devices.RFC1662BinarySerialDevice.receiveAnswer(C:\BA\Software_projects\PIC\1510\source_code_1510_GUI\2\BA1510_GUI_SRC\atpLib\Devices\RFC1662Device\RFC1662BinarySerialDevice.cs:86) [INFO] - got answer of type: 89
2018-05-23 11:36:29,108 [7] atpLib.Scenarios.Scenario.runTask(C:\BA\Software_projects\PIC\1510\source_code_1510_GUI\2\BA1510_GUI_SRC\atpLib\Scenarios\Scenario.cs:221) [INFO] - Scenario passed.
2018-05-23 11:36:46,217 [5] atpLib.Scenarios.Scenario.runTask(C:\BA\Software_projects\PIC\1510\source_code_1510_GUI\2\BA1510_GUI_SRC\atpLib\Scenarios\Scenario.cs:178) [INFO] - Running scenario "Change Mode" - with timeout of: 10 seconds.
2018-05-23 11:36:46,221 [7] atpLib.Scenarios.SingleMessageSingleDeviceScenario.internalRun(C:\BA\Software_projects\PIC\1510\source_code_1510_GUI\2\BA1510_GUI_SRC\atpLib\Scenarios\SingleMessageSingleDeviceScenario.cs:27) [INFO] - sending a message of type: ChangeModeMessage
2018-05-23 11:36:46,224 [7] atpLib.Devices.RFC1662BinarySerialDevice.sendMsg(C:\BA\Software_projects\PIC\1510\source_code_1510_GUI\2\BA1510_GUI_SRC\atpLib\Devices\RFC1662Device\RFC1662BinarySerialDevice.cs:107) [INFO] - sending 3
2018-05-23 11:36:46,229 [7] atpLib.Devices.RFC1662BinarySerialDevice.receiveAnswer(C:\BA\Software_projects\PIC\1510\source_code_1510_GUI\2\BA1510_GUI_SRC\atpLib\Devices\RFC1662Device\RFC1662BinarySerialDevice.cs:86) [INFO] - got answer of type: 80
2018-05-23 11:36:46,233 [5] atpLib.Scenarios.Scenario.runTask(C:\BA\Software_projects\PIC\1510\source_code_1510_GUI\2\BA1510_GUI_SRC\atpLib\Scenarios\Scenario.cs:221) [INFO] - Scenario passed.
2018-05-23 11:36:46,883 [10] atpLib.Scenarios.Scenario.runTask(C:\BA\Software_projects\PIC\1510\source_code_1510_GUI\2\BA1510_GUI_SRC\atpLib\Scenarios\Scenario.cs:178) [INFO] - Running scenario "Send Control Message" - with timeout of: 10 seconds.
2018-05-23 11:36:46,888 [6] atpLib.Scenarios.SingleMessageSingleDeviceScenario.internalRun(C:\BA\Software_projects\PIC\1510\source_code_1510_GUI\2\BA1510_GUI_SRC\atpLib\Scenarios\SingleMessageSingleDeviceScenario.cs:27) [INFO] - sending a message of type: ControlMessage
2018-05-23 11:36:46,891 [6] atpLib.Devices.RFC1662BinarySerialDevice.sendMsg(C:\BA\Software_projects\PIC\1510\source_code_1510_GUI\2\BA1510_GUI_SRC\atpLib\Devices\RFC1662Device\RFC1662BinarySerialDevice.cs:107) [INFO] - sending 0
2018-05-23 11:36:46,898 [6] atpLib.Devices.RFC1662BinarySerialDevice.receiveAnswer(C:\BA\Software_projects\PIC\1510\source_code_1510_GUI\2\BA1510_GUI_SRC\atpLib\Devices\RFC1662Device\RFC1662BinarySerialDevice.cs:86) [INFO] - got answer of type: 81
2018-05-23 11:36:46,902 [10] atpLib.Scenarios.Scenario.runTask(C:\BA\Software_projects\PIC\1510\source_code_1510_GUI\2\BA1510_GUI_SRC\atpLib\Scenarios\Scenario.cs:221) [INFO] - Scenario passed.
2018-05-23 11:36:47,730 [5] atpLib.Scenarios.Scenario.runTask(C:\BA\Software_projects\PIC\1510\source_code_1510_GUI\2\BA1510_GUI_SRC\atpLib\Scenarios\Scenario.cs:178) [INFO] - Running scenario "Send Control Message" - with timeout of: 10 seconds.
2018-05-23 11:36:47,732 [7] atpLib.Scenarios.SingleMessageSingleDeviceScenario.internalRun(C:\BA\Software_projects\PIC\1510\source_code_1510_GUI\2\BA1510_GUI_SRC\atpLib\Scenarios\SingleMessageSingleDeviceScenario.cs:27) [INFO] - sending a message of type: ControlMessage
2018-05-23 11:36:47,736 [7] atpLib.Devices.RFC1662BinarySerialDevice.sendMsg(C:\BA\Software_projects\PIC\1510\source_code_1510_GUI\2\BA1510_GUI_SRC\atpLib\Devices\RFC1662Device\RFC1662BinarySerialDevice.cs:107) [INFO] - sending 0
2018-05-23 11:36:47,744 [7] atpLib.Devices.RFC1662BinarySerialDevice.receiveAnswer(C:\BA\Software_projects\PIC\1510\source_code_1510_GUI\2\BA1510_GUI_SRC\atpLib\Devices\RFC1662Device\RFC1662BinarySerialDevice.cs:86) [INFO] - got answer of type: 81
2018-05-23 11:36:47,748 [5] atpLib.Scenarios.Scenario.runTask(C:\BA\Software_projects\PIC\1510\source_code_1510_GUI\2\BA1510_GUI_SRC\atpLib\Scenarios\Scenario.cs:221) [INFO] - Scenario passed.
2018-05-23 11:36:48,402 [6] atpLib.Scenarios.Scenario.runTask(C:\BA\Software_projects\PIC\1510\source_code_1510_GUI\2\BA1510_GUI_SRC\atpLib\Scenarios\Scenario.cs:178) [INFO] - Running scenario "Send Control Message" - with timeout of: 10 seconds.
2018-05-23 11:36:48,406 [7] atpLib.Scenarios.SingleMessageSingleDeviceScenario.internalRun(C:\BA\Software_projects\PIC\1510\source_code_1510_GUI\2\BA1510_GUI_SRC\atpLib\Scenarios\SingleMessageSingleDeviceScenario.cs:27) [INFO] - sending a message of type: ControlMessage
2018-05-23 11:36:48,410 [7] atpLib.Devices.RFC1662BinarySerialDevice.sendMsg(C:\BA\Software_projects\PIC\1510\source_code_1510_GUI\2\BA1510_GUI_SRC\atpLib\Devices\RFC1662Device\RFC1662BinarySerialDevice.cs:107) [INFO] - sending 0
2018-05-23 11:36:48,416 [7] atpLib.Devices.RFC1662BinarySerialDevice.receiveAnswer(C:\BA\Software_projects\PIC\1510\source_code_1510_GUI\2\BA1510_GUI_SRC\atpLib\Devices\RFC1662Device\RFC1662BinarySerialDevice.cs:86) [INFO] - got answer of type: 81
2018-05-23 11:36:48,420 [6] atpLib.Scenarios.Scenario.runTask(C:\BA\Software_projects\PIC\1510\source_code_1510_GUI\2\BA1510_GUI_SRC\atpLib\Scenarios\Scenario.cs:221) [INFO] - Scenario passed.
2018-05-23 11:36:49,162 [10] atpLib.Scenarios.Scenario.runTask(C:\BA\Software_projects\PIC\1510\source_code_1510_GUI\2\BA1510_GUI_SRC\atpLib\Scenarios\Scenario.cs:178) [INFO] - Running scenario "Send Control Message" - with timeout of: 10 seconds.
2018-05-23 11:36:49,166 [7] atpLib.Scenarios.SingleMessageSingleDeviceScenario.internalRun(C:\BA\Software_projects\PIC\1510\source_code_1510_GUI\2\BA1510_GUI_SRC\atpLib\Scenarios\SingleMessageSingleDeviceScenario.cs:27) [INFO] - sending a message of type: ControlMessage
2018-05-23 11:36:49,169 [7] atpLib.Devices.RFC1662BinarySerialDevice.sendMsg(C:\BA\Software_projects\PIC\1510\source_code_1510_GUI\2\BA1510_GUI_SRC\atpLib\Devices\RFC1662Device\RFC1662BinarySerialDevice.cs:107) [INFO] - sending 0
2018-05-23 11:36:49,175 [7] atpLib.Devices.RFC1662BinarySerialDevice.receiveAnswer(C:\BA\Software_projects\PIC\1510\source_code_1510_GUI\2\BA1510_GUI_SRC\atpLib\Devices\RFC1662Device\RFC1662BinarySerialDevice.cs:86) [INFO] - got answer of type: 81
2018-05-23 11:36:49,180 [10] atpLib.Scenarios.Scenario.runTask(C:\BA\Software_projects\PIC\1510\source_code_1510_GUI\2\BA1510_GUI_SRC\atpLib\Scenarios\Scenario.cs:221) [INFO] - Scenario passed.
2018-05-23 11:36:49,369 [6] atpLib.Scenarios.Scenario.runTask(C:\BA\Software_projects\PIC\1510\source_code_1510_GUI\2\BA1510_GUI_SRC\atpLib\Scenarios\Scenario.cs:178) [INFO] - Running scenario "Send Control Message" - with timeout of: 10 seconds.
2018-05-23 11:36:49,374 [7] atpLib.Scenarios.SingleMessageSingleDeviceScenario.internalRun(C:\BA\Software_projects\PIC\1510\source_code_1510_GUI\2\BA1510_GUI_SRC\atpLib\Scenarios\SingleMessageSingleDeviceScenario.cs:27) [INFO] - sending a message of type: ControlMessage
2018-05-23 11:36:49,378 [7] atpLib.Devices.RFC1662BinarySerialDevice.sendMsg(C:\BA\Software_projects\PIC\1510\source_code_1510_GUI\2\BA1510_GUI_SRC\atpLib\Devices\RFC1662Device\RFC1662BinarySerialDevice.cs:107) [INFO] - sending 0
2018-05-23 11:36:49,384 [7] atpLib.Devices.RFC1662BinarySerialDevice.receiveAnswer(C:\BA\Software_projects\PIC\1510\source_code_1510_GUI\2\BA1510_GUI_SRC\atpLib\Devices\RFC1662Device\RFC1662BinarySerialDevice.cs:86) [INFO] - got answer of type: 81
2018-05-23 11:36:49,389 [6] atpLib.Scenarios.Scenario.runTask(C:\BA\Software_projects\PIC\1510\source_code_1510_GUI\2\BA1510_GUI_SRC\atpLib\Scenarios\Scenario.cs:221) [INFO] - Scenario passed.
2018-05-23 11:36:49,753 [10] atpLib.Scenarios.Scenario.runTask(C:\BA\Software_projects\PIC\1510\source_code_1510_GUI\2\BA1510_GUI_SRC\atpLib\Scenarios\Scenario.cs:178) [INFO] - Running scenario "Send Control Message" - with timeout of: 10 seconds.
2018-05-23 11:36:49,757 [5] atpLib.Scenarios.SingleMessageSingleDeviceScenario.internalRun(C:\BA\Software_projects\PIC\1510\source_code_1510_GUI\2\BA1510_GUI_SRC\atpLib\Scenarios\SingleMessageSingleDeviceScenario.cs:27) [INFO] - sending a message of type: ControlMessage
2018-05-23 11:36:49,760 [5] atpLib.Devices.RFC1662BinarySerialDevice.sendMsg(C:\BA\Software_projects\PIC\1510\source_code_1510_GUI\2\BA1510_GUI_SRC\atpLib\Devices\RFC1662Device\RFC1662BinarySerialDevice.cs:107) [INFO] - sending 0
2018-05-23 11:36:49,766 [5] atpLib.Devices.RFC1662BinarySerialDevice.receiveAnswer(C:\BA\Software_projects\PIC\1510\source_code_1510_GUI\2\BA1510_GUI_SRC\atpLib\Devices\RFC1662Device\RFC1662BinarySerialDevice.cs:86) [INFO] - got answer of type: 81
2018-05-23 11:36:49,769 [10] atpLib.Scenarios.Scenario.runTask(C:\BA\Software_projects\PIC\1510\source_code_1510_GUI\2\BA1510_GUI_SRC\atpLib\Scenarios\Scenario.cs:221) [INFO] - Scenario passed.
2018-05-23 11:36:49,962 [6] atpLib.Scenarios.Scenario.runTask(C:\BA\Software_projects\PIC\1510\source_code_1510_GUI\2\BA1510_GUI_SRC\atpLib\Scenarios\Scenario.cs:178) [INFO] - Running scenario "Send Control Message" - with timeout of: 10 seconds.
2018-05-23 11:36:49,967 [7] atpLib.Scenarios.SingleMessageSingleDeviceScenario.internalRun(C:\BA\Software_projects\PIC\1510\source_code_1510_GUI\2\BA1510_GUI_SRC\atpLib\Scenarios\SingleMessageSingleDeviceScenario.cs:27) [INFO] - sending a message of type: ControlMessage
2018-05-23 11:36:49,971 [7] atpLib.Devices.RFC1662BinarySerialDevice.sendMsg(C:\BA\Software_projects\PIC\1510\source_code_1510_GUI\2\BA1510_GUI_SRC\atpLib\Devices\RFC1662Device\RFC1662BinarySerialDevice.cs:107) [INFO] - sending 0
2018-05-23 11:36:49,978 [7] atpLib.Devices.RFC1662BinarySerialDevice.receiveAnswer(C:\BA\Software_projects\PIC\1510\source_code_1510_GUI\2\BA1510_GUI_SRC\atpLib\Devices\RFC1662Device\RFC1662BinarySerialDevice.cs:86) [INFO] - got answer of type: 81
2018-05-23 11:36:49,982 [6] atpLib.Scenarios.Scenario.runTask(C:\BA\Software_projects\PIC\1510\source_code_1510_GUI\2\BA1510_GUI_SRC\atpLib\Scenarios\Scenario.cs:221) [INFO] - Scenario passed.
2018-05-23 11:36:50,161 [10] atpLib.Scenarios.Scenario.runTask(C:\BA\Software_projects\PIC\1510\source_code_1510_GUI\2\BA1510_GUI_SRC\atpLib\Scenarios\Scenario.cs:178) [INFO] - Running scenario "Send Control Message" - with timeout of: 10 seconds.
2018-05-23 11:36:50,166 [7] atpLib.Scenarios.SingleMessageSingleDeviceScenario.internalRun(C:\BA\Software_projects\PIC\1510\source_code_1510_GUI\2\BA1510_GUI_SRC\atpLib\Scenarios\SingleMessageSingleDeviceScenario.cs:27) [INFO] - sending a message of type: ControlMessage
2018-05-23 11:36:50,169 [7] atpLib.Devices.RFC1662BinarySerialDevice.sendMsg(C:\BA\Software_projects\PIC\1510\source_code_1510_GUI\2\BA1510_GUI_SRC\atpLib\Devices\RFC1662Device\RFC1662BinarySerialDevice.cs:107) [INFO] - sending 0
2018-05-23 11:36:50,175 [7] atpLib.Devices.RFC1662BinarySerialDevice.receiveAnswer(C:\BA\Software_projects\PIC\1510\source_code_1510_GUI\2\BA1510_GUI_SRC\atpLib\Devices\RFC1662Device\RFC1662BinarySerialDevice.cs:86) [INFO] - got answer of type: 81
2018-05-23 11:36:50,179 [10] atpLib.Scenarios.Scenario.runTask(C:\BA\Software_projects\PIC\1510\source_code_1510_GUI\2\BA1510_GUI_SRC\atpLib\Scenarios\Scenario.cs:221) [INFO] - Scenario passed.
2018-05-23 11:36:50,361 [7] atpLib.Scenarios.Scenario.runTask(C:\BA\Software_projects\PIC\1510\source_code_1510_GUI\2\BA1510_GUI_SRC\atpLib\Scenarios\Scenario.cs:178) [INFO] - Running scenario "Send Control Message" - with timeout of: 10 seconds.
2018-05-23 11:36:50,366 [5] atpLib.Scenarios.SingleMessageSingleDeviceScenario.internalRun(C:\BA\Software_projects\PIC\1510\source_code_1510_GUI\2\BA1510_GUI_SRC\atpLib\Scenarios\SingleMessageSingleDeviceScenario.cs:27) [INFO] - sending a message of type: ControlMessage
2018-05-23 11:36:50,369 [5] atpLib.Devices.RFC1662BinarySerialDevice.sendMsg(C:\BA\Software_projects\PIC\1510\source_code_1510_GUI\2\BA1510_GUI_SRC\atpLib\Devices\RFC1662Device\RFC1662BinarySerialDevice.cs:107) [INFO] - sending 0
2018-05-23 11:36:50,374 [5] atpLib.Devices.RFC1662BinarySerialDevice.receiveAnswer(C:\BA\Software_projects\PIC\1510\source_code_1510_GUI\2\BA1510_GUI_SRC\atpLib\Devices\RFC1662Device\RFC1662BinarySerialDevice.cs:86) [INFO] - got answer of type: 81
2018-05-23 11:36:50,382 [7] atpLib.Scenarios.Scenario.runTask(C:\BA\Software_projects\PIC\1510\source_code_1510_GUI\2\BA1510_GUI_SRC\atpLib\Scenarios\Scenario.cs:221) [INFO] - Scenario passed.
2018-05-23 11:36:50,578 [6] atpLib.Scenarios.Scenario.runTask(C:\BA\Software_projects\PIC\1510\source_code_1510_GUI\2\BA1510_GUI_SRC\atpLib\Scenarios\Scenario.cs:178) [INFO] - Running scenario "Send Control Message" - with timeout of: 10 seconds.
2018-05-23 11:36:50,584 [7] atpLib.Scenarios.SingleMessageSingleDeviceScenario.internalRun(C:\BA\Software_projects\PIC\1510\source_code_1510_GUI\2\BA1510_GUI_SRC\atpLib\Scenarios\SingleMessageSingleDeviceScenario.cs:27) [INFO] - sending a message of type: ControlMessage
2018-05-23 11:36:50,587 [7] atpLib.Devices.RFC1662BinarySerialDevice.sendMsg(C:\BA\Software_projects\PIC\1510\source_code_1510_GUI\2\BA1510_GUI_SRC\atpLib\Devices\RFC1662Device\RFC1662BinarySerialDevice.cs:107) [INFO] - sending 0
2018-05-23 11:36:50,592 [7] atpLib.Devices.RFC1662BinarySerialDevice.receiveAnswer(C:\BA\Software_projects\PIC\1510\source_code_1510_GUI\2\BA1510_GUI_SRC\atpLib\Devices\RFC1662Device\RFC1662BinarySerialDevice.cs:86) [INFO] - got answer of type: 81
2018-05-23 11:36:50,596 [6] atpLib.Scenarios.Scenario.runTask(C:\BA\Software_projects\PIC\1510\source_code_1510_GUI\2\BA1510_GUI_SRC\atpLib\Scenarios\Scenario.cs:221) [INFO] - Scenario passed.
2018-05-23 11:36:50,754 [7] atpLib.Scenarios.Scenario.runTask(C:\BA\Software_projects\PIC\1510\source_code_1510_GUI\2\BA1510_GUI_SRC\atpLib\Scenarios\Scenario.cs:178) [INFO] - Running scenario "Send Control Message" - with timeout of: 10 seconds.
2018-05-23 11:36:50,758 [6] atpLib.Scenarios.SingleMessageSingleDeviceScenario.internalRun(C:\BA\Software_projects\PIC\1510\source_code_1510_GUI\2\BA1510_GUI_SRC\atpLib\Scenarios\SingleMessageSingleDeviceScenario.cs:27) [INFO] - sending a message of type: ControlMessage
2018-05-23 11:36:50,762 [6] atpLib.Devices.RFC1662BinarySerialDevice.sendMsg(C:\BA\Software_projects\PIC\1510\source_code_1510_GUI\2\BA1510_GUI_SRC\atpLib\Devices\RFC1662Device\RFC1662BinarySerialDevice.cs:107) [INFO] - sending 0
2018-05-23 11:36:50,767 [6] atpLib.Devices.RFC1662BinarySerialDevice.receiveAnswer(C:\BA\Software_projects\PIC\1510\source_code_1510_GUI\2\BA1510_GUI_SRC\atpLib\Devices\RFC1662Device\RFC1662BinarySerialDevice.cs:86) [INFO] - got answer of type: 81
2018-05-23 11:36:50,772 [7] atpLib.Scenarios.Scenario.runTask(C:\BA\Software_projects\PIC\1510\source_code_1510_GUI\2\BA1510_GUI_SRC\atpLib\Scenarios\Scenario.cs:221) [INFO] - Scenario passed.
2018-05-23 11:36:51,363 [5] atpLib.Scenarios.Scenario.runTask(C:\BA\Software_projects\PIC\1510\source_code_1510_GUI\2\BA1510_GUI_SRC\atpLib\Scenarios\Scenario.cs:178) [INFO] - Running scenario "Send Control Message" - with timeout of: 10 seconds.
2018-05-23 11:36:51,366 [6] atpLib.Scenarios.SingleMessageSingleDeviceScenario.internalRun(C:\BA\Software_projects\PIC\1510\source_code_1510_GUI\2\BA1510_GUI_SRC\atpLib\Scenarios\SingleMessageSingleDeviceScenario.cs:27) [INFO] - sending a message of type: ControlMessage
2018-05-23 11:36:51,369 [6] atpLib.Devices.RFC1662BinarySerialDevice.sendMsg(C:\BA\Software_projects\PIC\1510\source_code_1510_GUI\2\BA1510_GUI_SRC\atpLib\Devices\RFC1662Device\RFC1662BinarySerialDevice.cs:107) [INFO] - sending 0
2018-05-23 11:36:51,375 [6] atpLib.Devices.RFC1662BinarySerialDevice.receiveAnswer(C:\BA\Software_projects\PIC\1510\source_code_1510_GUI\2\BA1510_GUI_SRC\atpLib\Devices\RFC1662Device\RFC1662BinarySerialDevice.cs:86) [INFO] - got answer of type: 81
2018-05-23 11:36:51,380 [5] atpLib.Scenarios.Scenario.runTask(C:\BA\Software_projects\PIC\1510\source_code_1510_GUI\2\BA1510_GUI_SRC\atpLib\Scenarios\Scenario.cs:221) [INFO] - Scenario passed.
2018-05-23 11:36:51,570 [10] atpLib.Scenarios.Scenario.runTask(C:\BA\Software_projects\PIC\1510\source_code_1510_GUI\2\BA1510_GUI_SRC\atpLib\Scenarios\Scenario.cs:178) [INFO] - Running scenario "Send Control Message" - with timeout of: 10 seconds.
2018-05-23 11:36:51,573 [6] atpLib.Scenarios.SingleMessageSingleDeviceScenario.internalRun(C:\BA\Software_projects\PIC\1510\source_code_1510_GUI\2\BA1510_GUI_SRC\atpLib\Scenarios\SingleMessageSingleDeviceScenario.cs:27) [INFO] - sending a message of type: ControlMessage
2018-05-23 11:36:51,578 [6] atpLib.Devices.RFC1662BinarySerialDevice.sendMsg(C:\BA\Software_projects\PIC\1510\source_code_1510_GUI\2\BA1510_GUI_SRC\atpLib\Devices\RFC1662Device\RFC1662BinarySerialDevice.cs:107) [INFO] - sending 0
2018-05-23 11:36:51,583 [6] atpLib.Devices.RFC1662BinarySerialDevice.receiveAnswer(C:\BA\Software_projects\PIC\1510\source_code_1510_GUI\2\BA1510_GUI_SRC\atpLib\Devices\RFC1662Device\RFC1662BinarySerialDevice.cs:86) [INFO] - got answer of type: 81
2018-05-23 11:36:51,586 [10] atpLib.Scenarios.Scenario.runTask(C:\BA\Software_projects\PIC\1510\source_code_1510_GUI\2\BA1510_GUI_SRC\atpLib\Scenarios\Scenario.cs:221) [INFO] - Scenario passed.
2018-05-23 11:36:51,770 [6] atpLib.Scenarios.Scenario.runTask(C:\BA\Software_projects\PIC\1510\source_code_1510_GUI\2\BA1510_GUI_SRC\atpLib\Scenarios\Scenario.cs:178) [INFO] - Running scenario "Send Control Message" - with timeout of: 10 seconds.
2018-05-23 11:36:51,774 [5] atpLib.Scenarios.SingleMessageSingleDeviceScenario.internalRun(C:\BA\Software_projects\PIC\1510\source_code_1510_GUI\2\BA1510_GUI_SRC\atpLib\Scenarios\SingleMessageSingleDeviceScenario.cs:27) [INFO] - sending a message of type: ControlMessage
2018-05-23 11:36:51,778 [5] atpLib.Devices.RFC1662BinarySerialDevice.sendMsg(C:\BA\Software_projects\PIC\1510\source_code_1510_GUI\2\BA1510_GUI_SRC\atpLib\Devices\RFC1662Device\RFC1662BinarySerialDevice.cs:107) [INFO] - sending 0
2018-05-23 11:36:51,783 [5] atpLib.Devices.RFC1662BinarySerialDevice.receiveAnswer(C:\BA\Software_projects\PIC\1510\source_code_1510_GUI\2\BA1510_GUI_SRC\atpLib\Devices\RFC1662Device\RFC1662BinarySerialDevice.cs:86) [INFO] - got answer of type: 81
2018-05-23 11:36:51,790 [6] atpLib.Scenarios.Scenario.runTask(C:\BA\Software_projects\PIC\1510\source_code_1510_GUI\2\BA1510_GUI_SRC\atpLib\Scenarios\Scenario.cs:221) [INFO] - Scenario passed.
2018-05-23 11:36:51,978 [7] atpLib.Scenarios.Scenario.runTask(C:\BA\Software_projects\PIC\1510\source_code_1510_GUI\2\BA1510_GUI_SRC\atpLib\Scenarios\Scenario.cs:178) [INFO] - Running scenario "Send Control Message" - with timeout of: 10 seconds.
2018-05-23 11:36:51,982 [5] atpLib.Scenarios.SingleMessageSingleDeviceScenario.internalRun(C:\BA\Software_projects\PIC\1510\source_code_1510_GUI\2\BA1510_GUI_SRC\atpLib\Scenarios\SingleMessageSingleDeviceScenario.cs:27) [INFO] - sending a message of type: ControlMessage
2018-05-23 11:36:51,986 [5] atpLib.Devices.RFC1662BinarySerialDevice.sendMsg(C:\BA\Software_projects\PIC\1510\source_code_1510_GUI\2\BA1510_GUI_SRC\atpLib\Devices\RFC1662Device\RFC1662BinarySerialDevice.cs:107) [INFO] - sending 0
2018-05-23 11:36:51,992 [5] atpLib.Devices.RFC1662BinarySerialDevice.receiveAnswer(C:\BA\Software_projects\PIC\1510\source_code_1510_GUI\2\BA1510_GUI_SRC\atpLib\Devices\RFC1662Device\RFC1662BinarySerialDevice.cs:86) [INFO] - got answer of type: 81
2018-05-23 11:36:51,998 [7] atpLib.Scenarios.Scenario.runTask(C:\BA\Software_projects\PIC\1510\source_code_1510_GUI\2\BA1510_GUI_SRC\atpLib\Scenarios\Scenario.cs:221) [INFO] - Scenario passed.
2018-05-23 11:36:52,177 [10] atpLib.Scenarios.Scenario.runTask(C:\BA\Software_projects\PIC\1510\source_code_1510_GUI\2\BA1510_GUI_SRC\atpLib\Scenarios\Scenario.cs:178) [INFO] - Running scenario "Send Control Message" - with timeout of: 10 seconds.
2018-05-23 11:36:52,182 [5] atpLib.Scenarios.SingleMessageSingleDeviceScenario.internalRun(C:\BA\Software_projects\PIC\1510\source_code_1510_GUI\2\BA1510_GUI_SRC\atpLib\Scenarios\SingleMessageSingleDeviceScenario.cs:27) [INFO] - sending a message of type: ControlMessage
2018-05-23 11:36:52,186 [5] atpLib.Devices.RFC1662BinarySerialDevice.sendMsg(C:\BA\Software_projects\PIC\1510\source_code_1510_GUI\2\BA1510_GUI_SRC\atpLib\Devices\RFC1662Device\RFC1662BinarySerialDevice.cs:107) [INFO] - sending 0
2018-05-23 11:36:52,190 [5] atpLib.Devices.RFC1662BinarySerialDevice.receiveAnswer(C:\BA\Software_projects\PIC\1510\source_code_1510_GUI\2\BA1510_GUI_SRC\atpLib\Devices\RFC1662Device\RFC1662BinarySerialDevice.cs:86) [INFO] - got answer of type: 81
2018-05-23 11:36:52,196 [10] atpLib.Scenarios.Scenario.runTask(C:\BA\Software_projects\PIC\1510\source_code_1510_GUI\2\BA1510_GUI_SRC\atpLib\Scenarios\Scenario.cs:221) [INFO] - Scenario passed.
2018-05-23 11:36:52,362 [6] atpLib.Scenarios.Scenario.runTask(C:\BA\Software_projects\PIC\1510\source_code_1510_GUI\2\BA1510_GUI_SRC\atpLib\Scenarios\Scenario.cs:178) [INFO] - Running scenario "Send Control Message" - with timeout of: 10 seconds.
2018-05-23 11:36:52,367 [5] atpLib.Scenarios.SingleMessageSingleDeviceScenario.internalRun(C:\BA\Software_projects\PIC\1510\source_code_1510_GUI\2\BA1510_GUI_SRC\atpLib\Scenarios\SingleMessageSingleDeviceScenario.cs:27) [INFO] - sending a message of type: ControlMessage
2018-05-23 11:36:52,370 [5] atpLib.Devices.RFC1662BinarySerialDevice.sendMsg(C:\BA\Software_projects\PIC\1510\source_code_1510_GUI\2\BA1510_GUI_SRC\atpLib\Devices\RFC1662Device\RFC1662BinarySerialDevice.cs:107) [INFO] - sending 0
2018-05-23 11:36:52,376 [5] atpLib.Devices.RFC1662BinarySerialDevice.receiveAnswer(C:\BA\Software_projects\PIC\1510\source_code_1510_GUI\2\BA1510_GUI_SRC\atpLib\Devices\RFC1662Device\RFC1662BinarySerialDevice.cs:86) [INFO] - got answer of type: 81
2018-05-23 11:36:52,383 [6] atpLib.Scenarios.Scenario.runTask(C:\BA\Software_projects\PIC\1510\source_code_1510_GUI\2\BA1510_GUI_SRC\atpLib\Scenarios\Scenario.cs:221) [INFO] - Scenario passed.
2018-05-23 11:36:52,793 [7] atpLib.Scenarios.Scenario.runTask(C:\BA\Software_projects\PIC\1510\source_code_1510_GUI\2\BA1510_GUI_SRC\atpLib\Scenarios\Scenario.cs:178) [INFO] - Running scenario "Send Control Message" - with timeout of: 10 seconds.
2018-05-23 11:36:52,798 [5] atpLib.Scenarios.SingleMessageSingleDeviceScenario.internalRun(C:\BA\Software_projects\PIC\1510\source_code_1510_GUI\2\BA1510_GUI_SRC\atpLib\Scenarios\SingleMessageSingleDeviceScenario.cs:27) [INFO] - sending a message of type: ControlMessage
2018-05-23 11:36:52,803 [5] atpLib.Devices.RFC1662BinarySerialDevice.sendMsg(C:\BA\Software_projects\PIC\1510\source_code_1510_GUI\2\BA1510_GUI_SRC\atpLib\Devices\RFC1662Device\RFC1662BinarySerialDevice.cs:107) [INFO] - sending 0
2018-05-23 11:36:52,809 [5] atpLib.Devices.RFC1662BinarySerialDevice.receiveAnswer(C:\BA\Software_projects\PIC\1510\source_code_1510_GUI\2\BA1510_GUI_SRC\atpLib\Devices\RFC1662Device\RFC1662BinarySerialDevice.cs:86) [INFO] - got answer of type: 81
2018-05-23 11:36:52,815 [7] atpLib.Scenarios.Scenario.runTask(C:\BA\Software_projects\PIC\1510\source_code_1510_GUI\2\BA1510_GUI_SRC\atpLib\Scenarios\Scenario.cs:221) [INFO] - Scenario passed.
2018-05-23 11:36:52,994 [6] atpLib.Scenarios.Scenario.runTask(C:\BA\Software_projects\PIC\1510\source_code_1510_GUI\2\BA1510_GUI_SRC\atpLib\Scenarios\Scenario.cs:178) [INFO] - Running scenario "Send Control Message" - with timeout of: 10 seconds.
2018-05-23 11:36:52,998 [10] atpLib.Scenarios.SingleMessageSingleDeviceScenario.internalRun(C:\BA\Software_projects\PIC\1510\source_code_1510_GUI\2\BA1510_GUI_SRC\atpLib\Scenarios\SingleMessageSingleDeviceScenario.cs:27) [INFO] - sending a message of type: ControlMessage
2018-05-23 11:36:53,002 [10] atpLib.Devices.RFC1662BinarySerialDevice.sendMsg(C:\BA\Software_projects\PIC\1510\source_code_1510_GUI\2\BA1510_GUI_SRC\atpLib\Devices\RFC1662Device\RFC1662BinarySerialDevice.cs:107) [INFO] - sending 0
2018-05-23 11:36:53,009 [10] atpLib.Devices.RFC1662BinarySerialDevice.receiveAnswer(C:\BA\Software_projects\PIC\1510\source_code_1510_GUI\2\BA1510_GUI_SRC\atpLib\Devices\RFC1662Device\RFC1662BinarySerialDevice.cs:86) [INFO] - got answer of type: 81
2018-05-23 11:36:53,016 [6] atpLib.Scenarios.Scenario.runTask(C:\BA\Software_projects\PIC\1510\source_code_1510_GUI\2\BA1510_GUI_SRC\atpLib\Scenarios\Scenario.cs:221) [INFO] - Scenario passed.
2018-05-23 11:36:53,186 [5] atpLib.Scenarios.Scenario.runTask(C:\BA\Software_projects\PIC\1510\source_code_1510_GUI\2\BA1510_GUI_SRC\atpLib\Scenarios\Scenario.cs:178) [INFO] - Running scenario "Send Control Message" - with timeout of: 10 seconds.
2018-05-23 11:36:53,190 [6] atpLib.Scenarios.SingleMessageSingleDeviceScenario.internalRun(C:\BA\Software_projects\PIC\1510\source_code_1510_GUI\2\BA1510_GUI_SRC\atpLib\Scenarios\SingleMessageSingleDeviceScenario.cs:27) [INFO] - sending a message of type: ControlMessage
2018-05-23 11:36:53,193 [6] atpLib.Devices.RFC1662BinarySerialDevice.sendMsg(C:\BA\Software_projects\PIC\1510\source_code_1510_GUI\2\BA1510_GUI_SRC\atpLib\Devices\RFC1662Device\RFC1662BinarySerialDevice.cs:107) [INFO] - sending 0
2018-05-23 11:36:53,200 [6] atpLib.Devices.RFC1662BinarySerialDevice.receiveAnswer(C:\BA\Software_projects\PIC\1510\source_code_1510_GUI\2\BA1510_GUI_SRC\atpLib\Devices\RFC1662Device\RFC1662BinarySerialDevice.cs:86) [INFO] - got answer of type: 81
2018-05-23 11:36:53,204 [5] atpLib.Scenarios.Scenario.runTask(C:\BA\Software_projects\PIC\1510\source_code_1510_GUI\2\BA1510_GUI_SRC\atpLib\Scenarios\Scenario.cs:221) [INFO] - Scenario passed.
2018-05-23 11:36:53,401 [10] atpLib.Scenarios.Scenario.runTask(C:\BA\Software_projects\PIC\1510\source_code_1510_GUI\2\BA1510_GUI_SRC\atpLib\Scenarios\Scenario.cs:178) [INFO] - Running scenario "Send Control Message" - with timeout of: 10 seconds.
2018-05-23 11:36:53,405 [7] atpLib.Scenarios.SingleMessageSingleDeviceScenario.internalRun(C:\BA\Software_projects\PIC\1510\source_code_1510_GUI\2\BA1510_GUI_SRC\atpLib\Scenarios\SingleMessageSingleDeviceScenario.cs:27) [INFO] - sending a message of type: ControlMessage
2018-05-23 11:36:53,409 [7] atpLib.Devices.RFC1662BinarySerialDevice.sendMsg(C:\BA\Software_projects\PIC\1510\source_code_1510_GUI\2\BA1510_GUI_SRC\atpLib\Devices\RFC1662Device\RFC1662BinarySerialDevice.cs:107) [INFO] - sending 0
2018-05-23 11:36:53,416 [7] atpLib.Devices.RFC1662BinarySerialDevice.receiveAnswer(C:\BA\Software_projects\PIC\1510\source_code_1510_GUI\2\BA1510_GUI_SRC\atpLib\Devices\RFC1662Device\RFC1662BinarySerialDevice.cs:86) [INFO] - got answer of type: 81
2018-05-23 11:36:53,421 [10] atpLib.Scenarios.Scenario.runTask(C:\BA\Software_projects\PIC\1510\source_code_1510_GUI\2\BA1510_GUI_SRC\atpLib\Scenarios\Scenario.cs:221) [INFO] - Scenario passed.
2018-05-23 11:36:53,602 [6] atpLib.Scenarios.Scenario.runTask(C:\BA\Software_projects\PIC\1510\source_code_1510_GUI\2\BA1510_GUI_SRC\atpLib\Scenarios\Scenario.cs:178) [INFO] - Running scenario "Send Control Message" - with timeout of: 10 seconds.
2018-05-23 11:36:53,606 [10] atpLib.Scenarios.SingleMessageSingleDeviceScenario.internalRun(C:\BA\Software_projects\PIC\1510\source_code_1510_GUI\2\BA1510_GUI_SRC\atpLib\Scenarios\SingleMessageSingleDeviceScenario.cs:27) [INFO] - sending a message of type: ControlMessage
2018-05-23 11:36:53,610 [10] atpLib.Devices.RFC1662BinarySerialDevice.sendMsg(C:\BA\Software_projects\PIC\1510\source_code_1510_GUI\2\BA1510_GUI_SRC\atpLib\Devices\RFC1662Device\RFC1662BinarySerialDevice.cs:107) [INFO] - sending 0
2018-05-23 11:36:53,616 [10] atpLib.Devices.RFC1662BinarySerialDevice.receiveAnswer(C:\BA\Software_projects\PIC\1510\source_code_1510_GUI\2\BA1510_GUI_SRC\atpLib\Devices\RFC1662Device\RFC1662BinarySerialDevice.cs:86) [INFO] - got answer of type: 81
2018-05-23 11:36:53,620 [6] atpLib.Scenarios.Scenario.runTask(C:\BA\Software_projects\PIC\1510\source_code_1510_GUI\2\BA1510_GUI_SRC\atpLib\Scenarios\Scenario.cs:221) [INFO] - Scenario passed.
2018-05-23 11:36:53,801 [5] atpLib.Scenarios.Scenario.runTask(C:\BA\Software_projects\PIC\1510\source_code_1510_GUI\2\BA1510_GUI_SRC\atpLib\Scenarios\Scenario.cs:178) [INFO] - Running scenario "Send Control Message" - with timeout of: 10 seconds.
2018-05-23 11:36:53,806 [10] atpLib.Scenarios.SingleMessageSingleDeviceScenario.internalRun(C:\BA\Software_projects\PIC\1510\source_code_1510_GUI\2\BA1510_GUI_SRC\atpLib\Scenarios\SingleMessageSingleDeviceScenario.cs:27) [INFO] - sending a message of type: ControlMessage
2018-05-23 11:36:53,809 [10] atpLib.Devices.RFC1662BinarySerialDevice.sendMsg(C:\BA\Software_projects\PIC\1510\source_code_1510_GUI\2\BA1510_GUI_SRC\atpLib\Devices\RFC1662Device\RFC1662BinarySerialDevice.cs:107) [INFO] - sending 0
2018-05-23 11:36:53,817 [10] atpLib.Devices.RFC1662BinarySerialDevice.receiveAnswer(C:\BA\Software_projects\PIC\1510\source_code_1510_GUI\2\BA1510_GUI_SRC\atpLib\Devices\RFC1662Device\RFC1662BinarySerialDevice.cs:86) [INFO] - got answer of type: 81
2018-05-23 11:36:53,820 [5] atpLib.Scenarios.Scenario.runTask(C:\BA\Software_projects\PIC\1510\source_code_1510_GUI\2\BA1510_GUI_SRC\atpLib\Scenarios\Scenario.cs:221) [INFO] - Scenario passed.
2018-05-23 11:36:54,011 [6] atpLib.Scenarios.Scenario.runTask(C:\BA\Software_projects\PIC\1510\source_code_1510_GUI\2\BA1510_GUI_SRC\atpLib\Scenarios\Scenario.cs:178) [INFO] - Running scenario "Send Control Message" - with timeout of: 10 seconds.
2018-05-23 11:36:54,014 [10] atpLib.Scenarios.SingleMessageSingleDeviceScenario.internalRun(C:\BA\Software_projects\PIC\1510\source_code_1510_GUI\2\BA1510_GUI_SRC\atpLib\Scenarios\SingleMessageSingleDeviceScenario.cs:27) [INFO] - sending a message of type: ControlMessage
2018-05-23 11:36:54,017 [10] atpLib.Devices.RFC1662BinarySerialDevice.sendMsg(C:\BA\Software_projects\PIC\1510\source_code_1510_GUI\2\BA1510_GUI_SRC\atpLib\Devices\RFC1662Device\RFC1662BinarySerialDevice.cs:107) [INFO] - sending 0
2018-05-23 11:36:54,023 [10] atpLib.Devices.RFC1662BinarySerialDevice.receiveAnswer(C:\BA\Software_projects\PIC\1510\source_code_1510_GUI\2\BA1510_GUI_SRC\atpLib\Devices\RFC1662Device\RFC1662BinarySerialDevice.cs:86) [INFO] - got answer of type: 81
2018-05-23 11:36:54,028 [6] atpLib.Scenarios.Scenario.runTask(C:\BA\Software_projects\PIC\1510\source_code_1510_GUI\2\BA1510_GUI_SRC\atpLib\Scenarios\Scenario.cs:221) [INFO] - Scenario passed.
2018-05-23 11:36:54,218 [7] atpLib.Scenarios.Scenario.runTask(C:\BA\Software_projects\PIC\1510\source_code_1510_GUI\2\BA1510_GUI_SRC\atpLib\Scenarios\Scenario.cs:178) [INFO] - Running scenario "Send Control Message" - with timeout of: 10 seconds.
2018-05-23 11:36:54,221 [10] atpLib.Scenarios.SingleMessageSingleDeviceScenario.internalRun(C:\BA\Software_projects\PIC\1510\source_code_1510_GUI\2\BA1510_GUI_SRC\atpLib\Scenarios\SingleMessageSingleDeviceScenario.cs:27) [INFO] - sending a message of type: ControlMessage
2018-05-23 11:36:54,225 [10] atpLib.Devices.RFC1662BinarySerialDevice.sendMsg(C:\BA\Software_projects\PIC\1510\source_code_1510_GUI\2\BA1510_GUI_SRC\atpLib\Devices\RFC1662Device\RFC1662BinarySerialDevice.cs:107) [INFO] - sending 0
2018-05-23 11:36:54,231 [10] atpLib.Devices.RFC1662BinarySerialDevice.receiveAnswer(C:\BA\Software_projects\PIC\1510\source_code_1510_GUI\2\BA1510_GUI_SRC\atpLib\Devices\RFC1662Device\RFC1662BinarySerialDevice.cs:86) [INFO] - got answer of type: 81
2018-05-23 11:36:54,235 [7] atpLib.Scenarios.Scenario.runTask(C:\BA\Software_projects\PIC\1510\source_code_1510_GUI\2\BA1510_GUI_SRC\atpLib\Scenarios\Scenario.cs:221) [INFO] - Scenario passed.
2018-05-23 11:36:55,760 [5] atpLib.Scenarios.Scenario.runTask(C:\BA\Software_projects\PIC\1510\source_code_1510_GUI\2\BA1510_GUI_SRC\atpLib\Scenarios\Scenario.cs:178) [INFO] - Running scenario "Get Momentery Status" - with timeout of: 10 seconds.
2018-05-23 11:36:55,765 [7] atpLib.Scenarios.SingleMessageSingleDeviceScenario.internalRun(C:\BA\Software_projects\PIC\1510\source_code_1510_GUI\2\BA1510_GUI_SRC\atpLib\Scenarios\SingleMessageSingleDeviceScenario.cs:27) [INFO] - sending a message of type: GetMomenteryStatusMessage
2018-05-23 11:36:55,767 [7] atpLib.Devices.RFC1662BinarySerialDevice.sendMsg(C:\BA\Software_projects\PIC\1510\source_code_1510_GUI\2\BA1510_GUI_SRC\atpLib\Devices\RFC1662Device\RFC1662BinarySerialDevice.cs:107) [INFO] - sending 9
2018-05-23 11:36:55,774 [7] atpLib.Devices.RFC1662BinarySerialDevice.receiveAnswer(C:\BA\Software_projects\PIC\1510\source_code_1510_GUI\2\BA1510_GUI_SRC\atpLib\Devices\RFC1662Device\RFC1662BinarySerialDevice.cs:86) [INFO] - got answer of type: 89
2018-05-23 11:36:55,779 [5] atpLib.Scenarios.Scenario.runTask(C:\BA\Software_projects\PIC\1510\source_code_1510_GUI\2\BA1510_GUI_SRC\atpLib\Scenarios\Scenario.cs:221) [INFO] - Scenario passed.
