2018-05-23 13:49:15,687 [1] mfe_gui.frmMain.frmMain_Load(C:\BA\Software_projects\PIC\1510\8.5.18_ver_1_f\BA1510_GUI_SRC\MFE_gui\frmMain.cs:70) [INFO] - Statring Program, Version - 1.1.10.0, AtpLib - 1.4.4.0
2018-05-23 13:49:17,862 [1] mfe_gui.frmMain.btnConnect_Click(C:\BA\Software_projects\PIC\1510\8.5.18_ver_1_f\BA1510_GUI_SRC\MFE_gui\frmMain.cs:249) [INFO] - Connected to COM3
2018-05-23 13:49:20,109 [5] atpLib.Scenarios.Scenario.runTask(C:\BA\Software_projects\PIC\1510\8.5.18_ver_1_f\BA1510_GUI_SRC\atpLib\Scenarios\Scenario.cs:178) [INFO] - Running scenario "Change Mode" - with timeout of: 10 seconds.
2018-05-23 13:49:20,120 [6] atpLib.Scenarios.SingleMessageSingleDeviceScenario.internalRun(C:\BA\Software_projects\PIC\1510\8.5.18_ver_1_f\BA1510_GUI_SRC\atpLib\Scenarios\SingleMessageSingleDeviceScenario.cs:27) [INFO] - sending a message of type: ChangeModeMessage
2018-05-23 13:49:20,125 [6] atpLib.Devices.RFC1662BinarySerialDevice.sendMsg(C:\BA\Software_projects\PIC\1510\8.5.18_ver_1_f\BA1510_GUI_SRC\atpLib\Devices\RFC1662Device\RFC1662BinarySerialDevice.cs:107) [INFO] - sending 3
2018-05-23 13:49:20,282 [6] atpLib.Devices.RFC1662BinarySerialDevice.receiveAnswer(C:\BA\Software_projects\PIC\1510\8.5.18_ver_1_f\BA1510_GUI_SRC\atpLib\Devices\RFC1662Device\RFC1662BinarySerialDevice.cs:86) [INFO] - got answer of type: 80
2018-05-23 13:49:20,292 [5] atpLib.Scenarios.Scenario.runTask(C:\BA\Software_projects\PIC\1510\8.5.18_ver_1_f\BA1510_GUI_SRC\atpLib\Scenarios\Scenario.cs:221) [INFO] - Scenario passed.
2018-05-23 13:49:21,267 [9] atpLib.Scenarios.Scenario.runTask(C:\BA\Software_projects\PIC\1510\8.5.18_ver_1_f\BA1510_GUI_SRC\atpLib\Scenarios\Scenario.cs:178) [INFO] - Running scenario "Send Control Message" - with timeout of: 10 seconds.
2018-05-23 13:49:21,269 [5] atpLib.Scenarios.SingleMessageSingleDeviceScenario.internalRun(C:\BA\Software_projects\PIC\1510\8.5.18_ver_1_f\BA1510_GUI_SRC\atpLib\Scenarios\SingleMessageSingleDeviceScenario.cs:27) [INFO] - sending a message of type: ControlMessage
2018-05-23 13:49:21,271 [5] atpLib.Devices.RFC1662BinarySerialDevice.sendMsg(C:\BA\Software_projects\PIC\1510\8.5.18_ver_1_f\BA1510_GUI_SRC\atpLib\Devices\RFC1662Device\RFC1662BinarySerialDevice.cs:107) [INFO] - sending 0
2018-05-23 13:49:21,277 [5] atpLib.Devices.RFC1662BinarySerialDevice.receiveAnswer(C:\BA\Software_projects\PIC\1510\8.5.18_ver_1_f\BA1510_GUI_SRC\atpLib\Devices\RFC1662Device\RFC1662BinarySerialDevice.cs:86) [INFO] - got answer of type: 81
2018-05-23 13:49:21,281 [9] atpLib.Scenarios.Scenario.runTask(C:\BA\Software_projects\PIC\1510\8.5.18_ver_1_f\BA1510_GUI_SRC\atpLib\Scenarios\Scenario.cs:221) [INFO] - Scenario passed.
2018-05-23 13:49:21,890 [7] atpLib.Scenarios.Scenario.runTask(C:\BA\Software_projects\PIC\1510\8.5.18_ver_1_f\BA1510_GUI_SRC\atpLib\Scenarios\Scenario.cs:178) [INFO] - Running scenario "Send Control Message" - with timeout of: 10 seconds.
2018-05-23 13:49:21,896 [6] atpLib.Scenarios.SingleMessageSingleDeviceScenario.internalRun(C:\BA\Software_projects\PIC\1510\8.5.18_ver_1_f\BA1510_GUI_SRC\atpLib\Scenarios\SingleMessageSingleDeviceScenario.cs:27) [INFO] - sending a message of type: ControlMessage
2018-05-23 13:49:21,899 [6] atpLib.Devices.RFC1662BinarySerialDevice.sendMsg(C:\BA\Software_projects\PIC\1510\8.5.18_ver_1_f\BA1510_GUI_SRC\atpLib\Devices\RFC1662Device\RFC1662BinarySerialDevice.cs:107) [INFO] - sending 0
2018-05-23 13:49:21,905 [6] atpLib.Devices.RFC1662BinarySerialDevice.receiveAnswer(C:\BA\Software_projects\PIC\1510\8.5.18_ver_1_f\BA1510_GUI_SRC\atpLib\Devices\RFC1662Device\RFC1662BinarySerialDevice.cs:86) [INFO] - got answer of type: 81
2018-05-23 13:49:21,910 [7] atpLib.Scenarios.Scenario.runTask(C:\BA\Software_projects\PIC\1510\8.5.18_ver_1_f\BA1510_GUI_SRC\atpLib\Scenarios\Scenario.cs:221) [INFO] - Scenario passed.
2018-05-23 13:49:22,267 [9] atpLib.Scenarios.Scenario.runTask(C:\BA\Software_projects\PIC\1510\8.5.18_ver_1_f\BA1510_GUI_SRC\atpLib\Scenarios\Scenario.cs:178) [INFO] - Running scenario "Send Control Message" - with timeout of: 10 seconds.
2018-05-23 13:49:22,271 [6] atpLib.Scenarios.SingleMessageSingleDeviceScenario.internalRun(C:\BA\Software_projects\PIC\1510\8.5.18_ver_1_f\BA1510_GUI_SRC\atpLib\Scenarios\SingleMessageSingleDeviceScenario.cs:27) [INFO] - sending a message of type: ControlMessage
2018-05-23 13:49:22,274 [6] atpLib.Devices.RFC1662BinarySerialDevice.sendMsg(C:\BA\Software_projects\PIC\1510\8.5.18_ver_1_f\BA1510_GUI_SRC\atpLib\Devices\RFC1662Device\RFC1662BinarySerialDevice.cs:107) [INFO] - sending 0
2018-05-23 13:49:22,280 [6] atpLib.Devices.RFC1662BinarySerialDevice.receiveAnswer(C:\BA\Software_projects\PIC\1510\8.5.18_ver_1_f\BA1510_GUI_SRC\atpLib\Devices\RFC1662Device\RFC1662BinarySerialDevice.cs:86) [INFO] - got answer of type: 81
2018-05-23 13:49:22,284 [9] atpLib.Scenarios.Scenario.runTask(C:\BA\Software_projects\PIC\1510\8.5.18_ver_1_f\BA1510_GUI_SRC\atpLib\Scenarios\Scenario.cs:221) [INFO] - Scenario passed.
2018-05-23 13:49:22,570 [7] atpLib.Scenarios.Scenario.runTask(C:\BA\Software_projects\PIC\1510\8.5.18_ver_1_f\BA1510_GUI_SRC\atpLib\Scenarios\Scenario.cs:178) [INFO] - Running scenario "Send Control Message" - with timeout of: 10 seconds.
2018-05-23 13:49:22,573 [6] atpLib.Scenarios.SingleMessageSingleDeviceScenario.internalRun(C:\BA\Software_projects\PIC\1510\8.5.18_ver_1_f\BA1510_GUI_SRC\atpLib\Scenarios\SingleMessageSingleDeviceScenario.cs:27) [INFO] - sending a message of type: ControlMessage
2018-05-23 13:49:22,578 [6] atpLib.Devices.RFC1662BinarySerialDevice.sendMsg(C:\BA\Software_projects\PIC\1510\8.5.18_ver_1_f\BA1510_GUI_SRC\atpLib\Devices\RFC1662Device\RFC1662BinarySerialDevice.cs:107) [INFO] - sending 0
2018-05-23 13:49:22,584 [6] atpLib.Devices.RFC1662BinarySerialDevice.receiveAnswer(C:\BA\Software_projects\PIC\1510\8.5.18_ver_1_f\BA1510_GUI_SRC\atpLib\Devices\RFC1662Device\RFC1662BinarySerialDevice.cs:86) [INFO] - got answer of type: 81
2018-05-23 13:49:22,590 [7] atpLib.Scenarios.Scenario.runTask(C:\BA\Software_projects\PIC\1510\8.5.18_ver_1_f\BA1510_GUI_SRC\atpLib\Scenarios\Scenario.cs:221) [INFO] - Scenario passed.
2018-05-23 13:49:23,003 [5] atpLib.Scenarios.Scenario.runTask(C:\BA\Software_projects\PIC\1510\8.5.18_ver_1_f\BA1510_GUI_SRC\atpLib\Scenarios\Scenario.cs:178) [INFO] - Running scenario "Send Control Message" - with timeout of: 10 seconds.
2018-05-23 13:49:23,005 [7] atpLib.Scenarios.SingleMessageSingleDeviceScenario.internalRun(C:\BA\Software_projects\PIC\1510\8.5.18_ver_1_f\BA1510_GUI_SRC\atpLib\Scenarios\SingleMessageSingleDeviceScenario.cs:27) [INFO] - sending a message of type: ControlMessage
2018-05-23 13:49:23,008 [7] atpLib.Devices.RFC1662BinarySerialDevice.sendMsg(C:\BA\Software_projects\PIC\1510\8.5.18_ver_1_f\BA1510_GUI_SRC\atpLib\Devices\RFC1662Device\RFC1662BinarySerialDevice.cs:107) [INFO] - sending 0
2018-05-23 13:49:23,014 [7] atpLib.Devices.RFC1662BinarySerialDevice.receiveAnswer(C:\BA\Software_projects\PIC\1510\8.5.18_ver_1_f\BA1510_GUI_SRC\atpLib\Devices\RFC1662Device\RFC1662BinarySerialDevice.cs:86) [INFO] - got answer of type: 81
2018-05-23 13:49:23,018 [5] atpLib.Scenarios.Scenario.runTask(C:\BA\Software_projects\PIC\1510\8.5.18_ver_1_f\BA1510_GUI_SRC\atpLib\Scenarios\Scenario.cs:221) [INFO] - Scenario passed.
2018-05-23 13:49:23,337 [7] atpLib.Scenarios.Scenario.runTask(C:\BA\Software_projects\PIC\1510\8.5.18_ver_1_f\BA1510_GUI_SRC\atpLib\Scenarios\Scenario.cs:178) [INFO] - Running scenario "Send Control Message" - with timeout of: 10 seconds.
2018-05-23 13:49:23,342 [6] atpLib.Scenarios.SingleMessageSingleDeviceScenario.internalRun(C:\BA\Software_projects\PIC\1510\8.5.18_ver_1_f\BA1510_GUI_SRC\atpLib\Scenarios\SingleMessageSingleDeviceScenario.cs:27) [INFO] - sending a message of type: ControlMessage
2018-05-23 13:49:23,346 [6] atpLib.Devices.RFC1662BinarySerialDevice.sendMsg(C:\BA\Software_projects\PIC\1510\8.5.18_ver_1_f\BA1510_GUI_SRC\atpLib\Devices\RFC1662Device\RFC1662BinarySerialDevice.cs:107) [INFO] - sending 0
2018-05-23 13:49:23,353 [6] atpLib.Devices.RFC1662BinarySerialDevice.receiveAnswer(C:\BA\Software_projects\PIC\1510\8.5.18_ver_1_f\BA1510_GUI_SRC\atpLib\Devices\RFC1662Device\RFC1662BinarySerialDevice.cs:86) [INFO] - got answer of type: 81
2018-05-23 13:49:23,359 [7] atpLib.Scenarios.Scenario.runTask(C:\BA\Software_projects\PIC\1510\8.5.18_ver_1_f\BA1510_GUI_SRC\atpLib\Scenarios\Scenario.cs:221) [INFO] - Scenario passed.
2018-05-23 13:49:23,881 [6] atpLib.Scenarios.Scenario.runTask(C:\BA\Software_projects\PIC\1510\8.5.18_ver_1_f\BA1510_GUI_SRC\atpLib\Scenarios\Scenario.cs:178) [INFO] - Running scenario "Send Control Message" - with timeout of: 10 seconds.
2018-05-23 13:49:23,886 [7] atpLib.Scenarios.SingleMessageSingleDeviceScenario.internalRun(C:\BA\Software_projects\PIC\1510\8.5.18_ver_1_f\BA1510_GUI_SRC\atpLib\Scenarios\SingleMessageSingleDeviceScenario.cs:27) [INFO] - sending a message of type: ControlMessage
2018-05-23 13:49:23,889 [7] atpLib.Devices.RFC1662BinarySerialDevice.sendMsg(C:\BA\Software_projects\PIC\1510\8.5.18_ver_1_f\BA1510_GUI_SRC\atpLib\Devices\RFC1662Device\RFC1662BinarySerialDevice.cs:107) [INFO] - sending 0
2018-05-23 13:49:23,896 [7] atpLib.Devices.RFC1662BinarySerialDevice.receiveAnswer(C:\BA\Software_projects\PIC\1510\8.5.18_ver_1_f\BA1510_GUI_SRC\atpLib\Devices\RFC1662Device\RFC1662BinarySerialDevice.cs:86) [INFO] - got answer of type: 81
2018-05-23 13:49:23,900 [6] atpLib.Scenarios.Scenario.runTask(C:\BA\Software_projects\PIC\1510\8.5.18_ver_1_f\BA1510_GUI_SRC\atpLib\Scenarios\Scenario.cs:221) [INFO] - Scenario passed.
2018-05-23 13:49:24,338 [7] atpLib.Scenarios.Scenario.runTask(C:\BA\Software_projects\PIC\1510\8.5.18_ver_1_f\BA1510_GUI_SRC\atpLib\Scenarios\Scenario.cs:178) [INFO] - Running scenario "Send Control Message" - with timeout of: 10 seconds.
2018-05-23 13:49:24,343 [6] atpLib.Scenarios.SingleMessageSingleDeviceScenario.internalRun(C:\BA\Software_projects\PIC\1510\8.5.18_ver_1_f\BA1510_GUI_SRC\atpLib\Scenarios\SingleMessageSingleDeviceScenario.cs:27) [INFO] - sending a message of type: ControlMessage
2018-05-23 13:49:24,346 [6] atpLib.Devices.RFC1662BinarySerialDevice.sendMsg(C:\BA\Software_projects\PIC\1510\8.5.18_ver_1_f\BA1510_GUI_SRC\atpLib\Devices\RFC1662Device\RFC1662BinarySerialDevice.cs:107) [INFO] - sending 0
2018-05-23 13:49:24,352 [6] atpLib.Devices.RFC1662BinarySerialDevice.receiveAnswer(C:\BA\Software_projects\PIC\1510\8.5.18_ver_1_f\BA1510_GUI_SRC\atpLib\Devices\RFC1662Device\RFC1662BinarySerialDevice.cs:86) [INFO] - got answer of type: 81
2018-05-23 13:49:24,356 [7] atpLib.Scenarios.Scenario.runTask(C:\BA\Software_projects\PIC\1510\8.5.18_ver_1_f\BA1510_GUI_SRC\atpLib\Scenarios\Scenario.cs:221) [INFO] - Scenario passed.
2018-05-23 13:49:25,361 [5] atpLib.Scenarios.Scenario.runTask(C:\BA\Software_projects\PIC\1510\8.5.18_ver_1_f\BA1510_GUI_SRC\atpLib\Scenarios\Scenario.cs:178) [INFO] - Running scenario "Send Control Message" - with timeout of: 10 seconds.
2018-05-23 13:49:25,364 [7] atpLib.Scenarios.SingleMessageSingleDeviceScenario.internalRun(C:\BA\Software_projects\PIC\1510\8.5.18_ver_1_f\BA1510_GUI_SRC\atpLib\Scenarios\SingleMessageSingleDeviceScenario.cs:27) [INFO] - sending a message of type: ControlMessage
2018-05-23 13:49:25,367 [7] atpLib.Devices.RFC1662BinarySerialDevice.sendMsg(C:\BA\Software_projects\PIC\1510\8.5.18_ver_1_f\BA1510_GUI_SRC\atpLib\Devices\RFC1662Device\RFC1662BinarySerialDevice.cs:107) [INFO] - sending 0
2018-05-23 13:49:25,372 [7] atpLib.Devices.RFC1662BinarySerialDevice.receiveAnswer(C:\BA\Software_projects\PIC\1510\8.5.18_ver_1_f\BA1510_GUI_SRC\atpLib\Devices\RFC1662Device\RFC1662BinarySerialDevice.cs:86) [INFO] - got answer of type: 81
2018-05-23 13:49:25,376 [5] atpLib.Scenarios.Scenario.runTask(C:\BA\Software_projects\PIC\1510\8.5.18_ver_1_f\BA1510_GUI_SRC\atpLib\Scenarios\Scenario.cs:221) [INFO] - Scenario passed.
2018-05-23 13:49:25,666 [9] atpLib.Scenarios.Scenario.runTask(C:\BA\Software_projects\PIC\1510\8.5.18_ver_1_f\BA1510_GUI_SRC\atpLib\Scenarios\Scenario.cs:178) [INFO] - Running scenario "Send Control Message" - with timeout of: 10 seconds.
2018-05-23 13:49:25,671 [7] atpLib.Scenarios.SingleMessageSingleDeviceScenario.internalRun(C:\BA\Software_projects\PIC\1510\8.5.18_ver_1_f\BA1510_GUI_SRC\atpLib\Scenarios\SingleMessageSingleDeviceScenario.cs:27) [INFO] - sending a message of type: ControlMessage
2018-05-23 13:49:25,674 [7] atpLib.Devices.RFC1662BinarySerialDevice.sendMsg(C:\BA\Software_projects\PIC\1510\8.5.18_ver_1_f\BA1510_GUI_SRC\atpLib\Devices\RFC1662Device\RFC1662BinarySerialDevice.cs:107) [INFO] - sending 0
2018-05-23 13:49:25,680 [7] atpLib.Devices.RFC1662BinarySerialDevice.receiveAnswer(C:\BA\Software_projects\PIC\1510\8.5.18_ver_1_f\BA1510_GUI_SRC\atpLib\Devices\RFC1662Device\RFC1662BinarySerialDevice.cs:86) [INFO] - got answer of type: 81
2018-05-23 13:49:25,685 [9] atpLib.Scenarios.Scenario.runTask(C:\BA\Software_projects\PIC\1510\8.5.18_ver_1_f\BA1510_GUI_SRC\atpLib\Scenarios\Scenario.cs:221) [INFO] - Scenario passed.
2018-05-23 13:49:25,921 [6] atpLib.Scenarios.Scenario.runTask(C:\BA\Software_projects\PIC\1510\8.5.18_ver_1_f\BA1510_GUI_SRC\atpLib\Scenarios\Scenario.cs:178) [INFO] - Running scenario "Send Control Message" - with timeout of: 10 seconds.
2018-05-23 13:49:25,925 [9] atpLib.Scenarios.SingleMessageSingleDeviceScenario.internalRun(C:\BA\Software_projects\PIC\1510\8.5.18_ver_1_f\BA1510_GUI_SRC\atpLib\Scenarios\SingleMessageSingleDeviceScenario.cs:27) [INFO] - sending a message of type: ControlMessage
2018-05-23 13:49:25,928 [9] atpLib.Devices.RFC1662BinarySerialDevice.sendMsg(C:\BA\Software_projects\PIC\1510\8.5.18_ver_1_f\BA1510_GUI_SRC\atpLib\Devices\RFC1662Device\RFC1662BinarySerialDevice.cs:107) [INFO] - sending 0
2018-05-23 13:49:25,934 [9] atpLib.Devices.RFC1662BinarySerialDevice.receiveAnswer(C:\BA\Software_projects\PIC\1510\8.5.18_ver_1_f\BA1510_GUI_SRC\atpLib\Devices\RFC1662Device\RFC1662BinarySerialDevice.cs:86) [INFO] - got answer of type: 81
2018-05-23 13:49:25,938 [6] atpLib.Scenarios.Scenario.runTask(C:\BA\Software_projects\PIC\1510\8.5.18_ver_1_f\BA1510_GUI_SRC\atpLib\Scenarios\Scenario.cs:221) [INFO] - Scenario passed.
2018-05-23 13:49:26,161 [9] atpLib.Scenarios.Scenario.runTask(C:\BA\Software_projects\PIC\1510\8.5.18_ver_1_f\BA1510_GUI_SRC\atpLib\Scenarios\Scenario.cs:178) [INFO] - Running scenario "Send Control Message" - with timeout of: 10 seconds.
2018-05-23 13:49:26,165 [5] atpLib.Scenarios.SingleMessageSingleDeviceScenario.internalRun(C:\BA\Software_projects\PIC\1510\8.5.18_ver_1_f\BA1510_GUI_SRC\atpLib\Scenarios\SingleMessageSingleDeviceScenario.cs:27) [INFO] - sending a message of type: ControlMessage
2018-05-23 13:49:26,169 [5] atpLib.Devices.RFC1662BinarySerialDevice.sendMsg(C:\BA\Software_projects\PIC\1510\8.5.18_ver_1_f\BA1510_GUI_SRC\atpLib\Devices\RFC1662Device\RFC1662BinarySerialDevice.cs:107) [INFO] - sending 0
2018-05-23 13:49:26,175 [5] atpLib.Devices.RFC1662BinarySerialDevice.receiveAnswer(C:\BA\Software_projects\PIC\1510\8.5.18_ver_1_f\BA1510_GUI_SRC\atpLib\Devices\RFC1662Device\RFC1662BinarySerialDevice.cs:86) [INFO] - got answer of type: 81
2018-05-23 13:49:26,180 [9] atpLib.Scenarios.Scenario.runTask(C:\BA\Software_projects\PIC\1510\8.5.18_ver_1_f\BA1510_GUI_SRC\atpLib\Scenarios\Scenario.cs:221) [INFO] - Scenario passed.
2018-05-23 13:49:26,378 [6] atpLib.Scenarios.Scenario.runTask(C:\BA\Software_projects\PIC\1510\8.5.18_ver_1_f\BA1510_GUI_SRC\atpLib\Scenarios\Scenario.cs:178) [INFO] - Running scenario "Send Control Message" - with timeout of: 10 seconds.
2018-05-23 13:49:26,381 [5] atpLib.Scenarios.SingleMessageSingleDeviceScenario.internalRun(C:\BA\Software_projects\PIC\1510\8.5.18_ver_1_f\BA1510_GUI_SRC\atpLib\Scenarios\SingleMessageSingleDeviceScenario.cs:27) [INFO] - sending a message of type: ControlMessage
2018-05-23 13:49:26,384 [5] atpLib.Devices.RFC1662BinarySerialDevice.sendMsg(C:\BA\Software_projects\PIC\1510\8.5.18_ver_1_f\BA1510_GUI_SRC\atpLib\Devices\RFC1662Device\RFC1662BinarySerialDevice.cs:107) [INFO] - sending 0
2018-05-23 13:49:26,389 [5] atpLib.Devices.RFC1662BinarySerialDevice.receiveAnswer(C:\BA\Software_projects\PIC\1510\8.5.18_ver_1_f\BA1510_GUI_SRC\atpLib\Devices\RFC1662Device\RFC1662BinarySerialDevice.cs:86) [INFO] - got answer of type: 81
2018-05-23 13:49:26,393 [6] atpLib.Scenarios.Scenario.runTask(C:\BA\Software_projects\PIC\1510\8.5.18_ver_1_f\BA1510_GUI_SRC\atpLib\Scenarios\Scenario.cs:221) [INFO] - Scenario passed.
2018-05-23 13:49:26,593 [5] atpLib.Scenarios.Scenario.runTask(C:\BA\Software_projects\PIC\1510\8.5.18_ver_1_f\BA1510_GUI_SRC\atpLib\Scenarios\Scenario.cs:178) [INFO] - Running scenario "Send Control Message" - with timeout of: 10 seconds.
2018-05-23 13:49:26,597 [9] atpLib.Scenarios.SingleMessageSingleDeviceScenario.internalRun(C:\BA\Software_projects\PIC\1510\8.5.18_ver_1_f\BA1510_GUI_SRC\atpLib\Scenarios\SingleMessageSingleDeviceScenario.cs:27) [INFO] - sending a message of type: ControlMessage
2018-05-23 13:49:26,600 [9] atpLib.Devices.RFC1662BinarySerialDevice.sendMsg(C:\BA\Software_projects\PIC\1510\8.5.18_ver_1_f\BA1510_GUI_SRC\atpLib\Devices\RFC1662Device\RFC1662BinarySerialDevice.cs:107) [INFO] - sending 0
2018-05-23 13:49:26,606 [9] atpLib.Devices.RFC1662BinarySerialDevice.receiveAnswer(C:\BA\Software_projects\PIC\1510\8.5.18_ver_1_f\BA1510_GUI_SRC\atpLib\Devices\RFC1662Device\RFC1662BinarySerialDevice.cs:86) [INFO] - got answer of type: 81
2018-05-23 13:49:26,610 [5] atpLib.Scenarios.Scenario.runTask(C:\BA\Software_projects\PIC\1510\8.5.18_ver_1_f\BA1510_GUI_SRC\atpLib\Scenarios\Scenario.cs:221) [INFO] - Scenario passed.
2018-05-23 13:49:26,779 [9] atpLib.Scenarios.Scenario.runTask(C:\BA\Software_projects\PIC\1510\8.5.18_ver_1_f\BA1510_GUI_SRC\atpLib\Scenarios\Scenario.cs:178) [INFO] - Running scenario "Send Control Message" - with timeout of: 10 seconds.
2018-05-23 13:49:26,781 [6] atpLib.Scenarios.SingleMessageSingleDeviceScenario.internalRun(C:\BA\Software_projects\PIC\1510\8.5.18_ver_1_f\BA1510_GUI_SRC\atpLib\Scenarios\SingleMessageSingleDeviceScenario.cs:27) [INFO] - sending a message of type: ControlMessage
2018-05-23 13:49:26,784 [6] atpLib.Devices.RFC1662BinarySerialDevice.sendMsg(C:\BA\Software_projects\PIC\1510\8.5.18_ver_1_f\BA1510_GUI_SRC\atpLib\Devices\RFC1662Device\RFC1662BinarySerialDevice.cs:107) [INFO] - sending 0
2018-05-23 13:49:26,790 [6] atpLib.Devices.RFC1662BinarySerialDevice.receiveAnswer(C:\BA\Software_projects\PIC\1510\8.5.18_ver_1_f\BA1510_GUI_SRC\atpLib\Devices\RFC1662Device\RFC1662BinarySerialDevice.cs:86) [INFO] - got answer of type: 81
2018-05-23 13:49:26,794 [9] atpLib.Scenarios.Scenario.runTask(C:\BA\Software_projects\PIC\1510\8.5.18_ver_1_f\BA1510_GUI_SRC\atpLib\Scenarios\Scenario.cs:221) [INFO] - Scenario passed.
2018-05-23 13:49:26,993 [5] atpLib.Scenarios.Scenario.runTask(C:\BA\Software_projects\PIC\1510\8.5.18_ver_1_f\BA1510_GUI_SRC\atpLib\Scenarios\Scenario.cs:178) [INFO] - Running scenario "Send Control Message" - with timeout of: 10 seconds.
2018-05-23 13:49:26,997 [7] atpLib.Scenarios.SingleMessageSingleDeviceScenario.internalRun(C:\BA\Software_projects\PIC\1510\8.5.18_ver_1_f\BA1510_GUI_SRC\atpLib\Scenarios\SingleMessageSingleDeviceScenario.cs:27) [INFO] - sending a message of type: ControlMessage
2018-05-23 13:49:27,001 [7] atpLib.Devices.RFC1662BinarySerialDevice.sendMsg(C:\BA\Software_projects\PIC\1510\8.5.18_ver_1_f\BA1510_GUI_SRC\atpLib\Devices\RFC1662Device\RFC1662BinarySerialDevice.cs:107) [INFO] - sending 0
2018-05-23 13:49:27,007 [7] atpLib.Devices.RFC1662BinarySerialDevice.receiveAnswer(C:\BA\Software_projects\PIC\1510\8.5.18_ver_1_f\BA1510_GUI_SRC\atpLib\Devices\RFC1662Device\RFC1662BinarySerialDevice.cs:86) [INFO] - got answer of type: 81
2018-05-23 13:49:27,010 [5] atpLib.Scenarios.Scenario.runTask(C:\BA\Software_projects\PIC\1510\8.5.18_ver_1_f\BA1510_GUI_SRC\atpLib\Scenarios\Scenario.cs:221) [INFO] - Scenario passed.
