2018-06-13 14:13:10,191 [1] mfe_gui.frmMain.frmMain_Load(C:\BA\Software_projects\PIC\1510\8.5.18_ver_1_f\BA1510_GUI_1.1.11\MFE_gui\frmMain.cs:70) [INFO] - Statring Program, Version - 1.1.11.0, AtpLib - 1.4.4.0
2018-06-13 14:13:12,411 [1] mfe_gui.frmMain.btnConnect_Click(C:\BA\Software_projects\PIC\1510\8.5.18_ver_1_f\BA1510_GUI_1.1.11\MFE_gui\frmMain.cs:249) [INFO] - Connected to COM3
2018-06-13 14:13:16,163 [5] atpLib.Scenarios.Scenario.runTask(C:\BA\Software_projects\PIC\1510\8.5.18_ver_1_f\BA1510_GUI_1.1.11\atpLib\Scenarios\Scenario.cs:178) [INFO] - Running scenario "Change Mode" - with timeout of: 10 seconds.
2018-06-13 14:13:16,175 [6] atpLib.Scenarios.SingleMessageSingleDeviceScenario.internalRun(C:\BA\Software_projects\PIC\1510\8.5.18_ver_1_f\BA1510_GUI_1.1.11\atpLib\Scenarios\SingleMessageSingleDeviceScenario.cs:27) [INFO] - sending a message of type: ChangeModeMessage
2018-06-13 14:13:16,180 [6] atpLib.Devices.RFC1662BinarySerialDevice.sendMsg(C:\BA\Software_projects\PIC\1510\8.5.18_ver_1_f\BA1510_GUI_1.1.11\atpLib\Devices\RFC1662Device\RFC1662BinarySerialDevice.cs:107) [INFO] - sending 3
2018-06-13 14:13:16,355 [6] atpLib.Devices.RFC1662BinarySerialDevice.receiveAnswer(C:\BA\Software_projects\PIC\1510\8.5.18_ver_1_f\BA1510_GUI_1.1.11\atpLib\Devices\RFC1662Device\RFC1662BinarySerialDevice.cs:86) [INFO] - got answer of type: 80
2018-06-13 14:13:16,362 [5] atpLib.Scenarios.Scenario.runTask(C:\BA\Software_projects\PIC\1510\8.5.18_ver_1_f\BA1510_GUI_1.1.11\atpLib\Scenarios\Scenario.cs:221) [INFO] - Scenario passed.
2018-06-13 14:13:21,861 [5] atpLib.Scenarios.Scenario.runTask(C:\BA\Software_projects\PIC\1510\8.5.18_ver_1_f\BA1510_GUI_1.1.11\atpLib\Scenarios\Scenario.cs:178) [INFO] - Running scenario "Set General Calibration Data" - with timeout of: 10 seconds.
2018-06-13 14:13:21,864 [7] atpLib.Scenarios.SingleMessageSingleDeviceScenario.internalRun(C:\BA\Software_projects\PIC\1510\8.5.18_ver_1_f\BA1510_GUI_1.1.11\atpLib\Scenarios\SingleMessageSingleDeviceScenario.cs:27) [INFO] - sending a message of type: SetCalibrationTableMessage
2018-06-13 14:13:21,868 [7] atpLib.Devices.RFC1662BinarySerialDevice.sendMsg(C:\BA\Software_projects\PIC\1510\8.5.18_ver_1_f\BA1510_GUI_1.1.11\atpLib\Devices\RFC1662Device\RFC1662BinarySerialDevice.cs:107) [INFO] - sending 4
2018-06-13 14:13:21,878 [7] atpLib.Devices.RFC1662BinarySerialDevice.receiveAnswer(C:\BA\Software_projects\PIC\1510\8.5.18_ver_1_f\BA1510_GUI_1.1.11\atpLib\Devices\RFC1662Device\RFC1662BinarySerialDevice.cs:86) [INFO] - got answer of type: 80
2018-06-13 14:13:21,884 [5] atpLib.Scenarios.Scenario.runTask(C:\BA\Software_projects\PIC\1510\8.5.18_ver_1_f\BA1510_GUI_1.1.11\atpLib\Scenarios\Scenario.cs:221) [INFO] - Scenario passed.
2018-06-13 14:13:21,888 [1] mfe_gui.frmMain.btnSetGeneralCalib_Click(C:\BA\Software_projects\PIC\1510\8.5.18_ver_1_f\BA1510_GUI_1.1.11\MFE_gui\frmMain.cs:493) [INFO] - got an ack response opcode: 128
2018-06-13 14:13:25,901 [5] atpLib.Scenarios.Scenario.runTask(C:\BA\Software_projects\PIC\1510\8.5.18_ver_1_f\BA1510_GUI_1.1.11\atpLib\Scenarios\Scenario.cs:178) [INFO] - Running scenario "Change Mode" - with timeout of: 10 seconds.
2018-06-13 14:13:25,904 [7] atpLib.Scenarios.SingleMessageSingleDeviceScenario.internalRun(C:\BA\Software_projects\PIC\1510\8.5.18_ver_1_f\BA1510_GUI_1.1.11\atpLib\Scenarios\SingleMessageSingleDeviceScenario.cs:27) [INFO] - sending a message of type: ChangeModeMessage
2018-06-13 14:13:25,907 [7] atpLib.Devices.RFC1662BinarySerialDevice.sendMsg(C:\BA\Software_projects\PIC\1510\8.5.18_ver_1_f\BA1510_GUI_1.1.11\atpLib\Devices\RFC1662Device\RFC1662BinarySerialDevice.cs:107) [INFO] - sending 3
2018-06-13 14:13:25,914 [7] atpLib.Devices.RFC1662BinarySerialDevice.receiveAnswer(C:\BA\Software_projects\PIC\1510\8.5.18_ver_1_f\BA1510_GUI_1.1.11\atpLib\Devices\RFC1662Device\RFC1662BinarySerialDevice.cs:86) [INFO] - got answer of type: 80
2018-06-13 14:13:25,918 [5] atpLib.Scenarios.Scenario.runTask(C:\BA\Software_projects\PIC\1510\8.5.18_ver_1_f\BA1510_GUI_1.1.11\atpLib\Scenarios\Scenario.cs:221) [INFO] - Scenario passed.
2018-06-13 14:13:27,227 [6] atpLib.Scenarios.Scenario.runTask(C:\BA\Software_projects\PIC\1510\8.5.18_ver_1_f\BA1510_GUI_1.1.11\atpLib\Scenarios\Scenario.cs:178) [INFO] - Running scenario "Get Momentery Status" - with timeout of: 10 seconds.
2018-06-13 14:13:27,229 [5] atpLib.Scenarios.SingleMessageSingleDeviceScenario.internalRun(C:\BA\Software_projects\PIC\1510\8.5.18_ver_1_f\BA1510_GUI_1.1.11\atpLib\Scenarios\SingleMessageSingleDeviceScenario.cs:27) [INFO] - sending a message of type: GetMomenteryStatusMessage
2018-06-13 14:13:27,232 [5] atpLib.Devices.RFC1662BinarySerialDevice.sendMsg(C:\BA\Software_projects\PIC\1510\8.5.18_ver_1_f\BA1510_GUI_1.1.11\atpLib\Devices\RFC1662Device\RFC1662BinarySerialDevice.cs:107) [INFO] - sending 9
2018-06-13 14:13:27,238 [5] atpLib.Devices.RFC1662BinarySerialDevice.receiveAnswer(C:\BA\Software_projects\PIC\1510\8.5.18_ver_1_f\BA1510_GUI_1.1.11\atpLib\Devices\RFC1662Device\RFC1662BinarySerialDevice.cs:86) [INFO] - got answer of type: 89
2018-06-13 14:13:27,242 [6] atpLib.Scenarios.Scenario.runTask(C:\BA\Software_projects\PIC\1510\8.5.18_ver_1_f\BA1510_GUI_1.1.11\atpLib\Scenarios\Scenario.cs:221) [INFO] - Scenario passed.
2018-06-13 14:13:27,853 [7] atpLib.Scenarios.Scenario.runTask(C:\BA\Software_projects\PIC\1510\8.5.18_ver_1_f\BA1510_GUI_1.1.11\atpLib\Scenarios\Scenario.cs:178) [INFO] - Running scenario "Get Momentery Status" - with timeout of: 10 seconds.
2018-06-13 14:13:27,857 [9] atpLib.Scenarios.SingleMessageSingleDeviceScenario.internalRun(C:\BA\Software_projects\PIC\1510\8.5.18_ver_1_f\BA1510_GUI_1.1.11\atpLib\Scenarios\SingleMessageSingleDeviceScenario.cs:27) [INFO] - sending a message of type: GetMomenteryStatusMessage
2018-06-13 14:13:27,860 [9] atpLib.Devices.RFC1662BinarySerialDevice.sendMsg(C:\BA\Software_projects\PIC\1510\8.5.18_ver_1_f\BA1510_GUI_1.1.11\atpLib\Devices\RFC1662Device\RFC1662BinarySerialDevice.cs:107) [INFO] - sending 9
2018-06-13 14:13:27,865 [9] atpLib.Devices.RFC1662BinarySerialDevice.receiveAnswer(C:\BA\Software_projects\PIC\1510\8.5.18_ver_1_f\BA1510_GUI_1.1.11\atpLib\Devices\RFC1662Device\RFC1662BinarySerialDevice.cs:86) [INFO] - got answer of type: 89
2018-06-13 14:13:27,870 [7] atpLib.Scenarios.Scenario.runTask(C:\BA\Software_projects\PIC\1510\8.5.18_ver_1_f\BA1510_GUI_1.1.11\atpLib\Scenarios\Scenario.cs:221) [INFO] - Scenario passed.
2018-06-13 14:13:28,201 [5] atpLib.Scenarios.Scenario.runTask(C:\BA\Software_projects\PIC\1510\8.5.18_ver_1_f\BA1510_GUI_1.1.11\atpLib\Scenarios\Scenario.cs:178) [INFO] - Running scenario "Get Momentery Status" - with timeout of: 10 seconds.
2018-06-13 14:13:28,204 [7] atpLib.Scenarios.SingleMessageSingleDeviceScenario.internalRun(C:\BA\Software_projects\PIC\1510\8.5.18_ver_1_f\BA1510_GUI_1.1.11\atpLib\Scenarios\SingleMessageSingleDeviceScenario.cs:27) [INFO] - sending a message of type: GetMomenteryStatusMessage
2018-06-13 14:13:28,206 [7] atpLib.Devices.RFC1662BinarySerialDevice.sendMsg(C:\BA\Software_projects\PIC\1510\8.5.18_ver_1_f\BA1510_GUI_1.1.11\atpLib\Devices\RFC1662Device\RFC1662BinarySerialDevice.cs:107) [INFO] - sending 9
2018-06-13 14:13:28,211 [7] atpLib.Devices.RFC1662BinarySerialDevice.receiveAnswer(C:\BA\Software_projects\PIC\1510\8.5.18_ver_1_f\BA1510_GUI_1.1.11\atpLib\Devices\RFC1662Device\RFC1662BinarySerialDevice.cs:86) [INFO] - got answer of type: 89
2018-06-13 14:13:28,214 [5] atpLib.Scenarios.Scenario.runTask(C:\BA\Software_projects\PIC\1510\8.5.18_ver_1_f\BA1510_GUI_1.1.11\atpLib\Scenarios\Scenario.cs:221) [INFO] - Scenario passed.
2018-06-13 14:13:28,421 [9] atpLib.Scenarios.Scenario.runTask(C:\BA\Software_projects\PIC\1510\8.5.18_ver_1_f\BA1510_GUI_1.1.11\atpLib\Scenarios\Scenario.cs:178) [INFO] - Running scenario "Get Momentery Status" - with timeout of: 10 seconds.
2018-06-13 14:13:28,424 [7] atpLib.Scenarios.SingleMessageSingleDeviceScenario.internalRun(C:\BA\Software_projects\PIC\1510\8.5.18_ver_1_f\BA1510_GUI_1.1.11\atpLib\Scenarios\SingleMessageSingleDeviceScenario.cs:27) [INFO] - sending a message of type: GetMomenteryStatusMessage
2018-06-13 14:13:28,427 [7] atpLib.Devices.RFC1662BinarySerialDevice.sendMsg(C:\BA\Software_projects\PIC\1510\8.5.18_ver_1_f\BA1510_GUI_1.1.11\atpLib\Devices\RFC1662Device\RFC1662BinarySerialDevice.cs:107) [INFO] - sending 9
2018-06-13 14:13:28,432 [7] atpLib.Devices.RFC1662BinarySerialDevice.receiveAnswer(C:\BA\Software_projects\PIC\1510\8.5.18_ver_1_f\BA1510_GUI_1.1.11\atpLib\Devices\RFC1662Device\RFC1662BinarySerialDevice.cs:86) [INFO] - got answer of type: 89
2018-06-13 14:13:28,436 [9] atpLib.Scenarios.Scenario.runTask(C:\BA\Software_projects\PIC\1510\8.5.18_ver_1_f\BA1510_GUI_1.1.11\atpLib\Scenarios\Scenario.cs:221) [INFO] - Scenario passed.
2018-06-13 14:13:28,605 [5] atpLib.Scenarios.Scenario.runTask(C:\BA\Software_projects\PIC\1510\8.5.18_ver_1_f\BA1510_GUI_1.1.11\atpLib\Scenarios\Scenario.cs:178) [INFO] - Running scenario "Get Momentery Status" - with timeout of: 10 seconds.
2018-06-13 14:13:28,609 [6] atpLib.Scenarios.SingleMessageSingleDeviceScenario.internalRun(C:\BA\Software_projects\PIC\1510\8.5.18_ver_1_f\BA1510_GUI_1.1.11\atpLib\Scenarios\SingleMessageSingleDeviceScenario.cs:27) [INFO] - sending a message of type: GetMomenteryStatusMessage
2018-06-13 14:13:28,612 [6] atpLib.Devices.RFC1662BinarySerialDevice.sendMsg(C:\BA\Software_projects\PIC\1510\8.5.18_ver_1_f\BA1510_GUI_1.1.11\atpLib\Devices\RFC1662Device\RFC1662BinarySerialDevice.cs:107) [INFO] - sending 9
2018-06-13 14:13:28,617 [6] atpLib.Devices.RFC1662BinarySerialDevice.receiveAnswer(C:\BA\Software_projects\PIC\1510\8.5.18_ver_1_f\BA1510_GUI_1.1.11\atpLib\Devices\RFC1662Device\RFC1662BinarySerialDevice.cs:86) [INFO] - got answer of type: 89
2018-06-13 14:13:28,623 [5] atpLib.Scenarios.Scenario.runTask(C:\BA\Software_projects\PIC\1510\8.5.18_ver_1_f\BA1510_GUI_1.1.11\atpLib\Scenarios\Scenario.cs:221) [INFO] - Scenario passed.
2018-06-13 14:13:28,792 [6] atpLib.Scenarios.Scenario.runTask(C:\BA\Software_projects\PIC\1510\8.5.18_ver_1_f\BA1510_GUI_1.1.11\atpLib\Scenarios\Scenario.cs:178) [INFO] - Running scenario "Get Momentery Status" - with timeout of: 10 seconds.
2018-06-13 14:13:28,796 [9] atpLib.Scenarios.SingleMessageSingleDeviceScenario.internalRun(C:\BA\Software_projects\PIC\1510\8.5.18_ver_1_f\BA1510_GUI_1.1.11\atpLib\Scenarios\SingleMessageSingleDeviceScenario.cs:27) [INFO] - sending a message of type: GetMomenteryStatusMessage
2018-06-13 14:13:28,800 [9] atpLib.Devices.RFC1662BinarySerialDevice.sendMsg(C:\BA\Software_projects\PIC\1510\8.5.18_ver_1_f\BA1510_GUI_1.1.11\atpLib\Devices\RFC1662Device\RFC1662BinarySerialDevice.cs:107) [INFO] - sending 9
2018-06-13 14:13:28,805 [9] atpLib.Devices.RFC1662BinarySerialDevice.receiveAnswer(C:\BA\Software_projects\PIC\1510\8.5.18_ver_1_f\BA1510_GUI_1.1.11\atpLib\Devices\RFC1662Device\RFC1662BinarySerialDevice.cs:86) [INFO] - got answer of type: 89
2018-06-13 14:13:28,810 [6] atpLib.Scenarios.Scenario.runTask(C:\BA\Software_projects\PIC\1510\8.5.18_ver_1_f\BA1510_GUI_1.1.11\atpLib\Scenarios\Scenario.cs:221) [INFO] - Scenario passed.
2018-06-13 14:13:28,971 [7] atpLib.Scenarios.Scenario.runTask(C:\BA\Software_projects\PIC\1510\8.5.18_ver_1_f\BA1510_GUI_1.1.11\atpLib\Scenarios\Scenario.cs:178) [INFO] - Running scenario "Get Momentery Status" - with timeout of: 10 seconds.
2018-06-13 14:13:28,974 [9] atpLib.Scenarios.SingleMessageSingleDeviceScenario.internalRun(C:\BA\Software_projects\PIC\1510\8.5.18_ver_1_f\BA1510_GUI_1.1.11\atpLib\Scenarios\SingleMessageSingleDeviceScenario.cs:27) [INFO] - sending a message of type: GetMomenteryStatusMessage
2018-06-13 14:13:28,978 [9] atpLib.Devices.RFC1662BinarySerialDevice.sendMsg(C:\BA\Software_projects\PIC\1510\8.5.18_ver_1_f\BA1510_GUI_1.1.11\atpLib\Devices\RFC1662Device\RFC1662BinarySerialDevice.cs:107) [INFO] - sending 9
2018-06-13 14:13:28,984 [9] atpLib.Devices.RFC1662BinarySerialDevice.receiveAnswer(C:\BA\Software_projects\PIC\1510\8.5.18_ver_1_f\BA1510_GUI_1.1.11\atpLib\Devices\RFC1662Device\RFC1662BinarySerialDevice.cs:86) [INFO] - got answer of type: 89
2018-06-13 14:13:28,990 [7] atpLib.Scenarios.Scenario.runTask(C:\BA\Software_projects\PIC\1510\8.5.18_ver_1_f\BA1510_GUI_1.1.11\atpLib\Scenarios\Scenario.cs:221) [INFO] - Scenario passed.
2018-06-13 14:13:29,145 [5] atpLib.Scenarios.Scenario.runTask(C:\BA\Software_projects\PIC\1510\8.5.18_ver_1_f\BA1510_GUI_1.1.11\atpLib\Scenarios\Scenario.cs:178) [INFO] - Running scenario "Get Momentery Status" - with timeout of: 10 seconds.
2018-06-13 14:13:29,149 [7] atpLib.Scenarios.SingleMessageSingleDeviceScenario.internalRun(C:\BA\Software_projects\PIC\1510\8.5.18_ver_1_f\BA1510_GUI_1.1.11\atpLib\Scenarios\SingleMessageSingleDeviceScenario.cs:27) [INFO] - sending a message of type: GetMomenteryStatusMessage
2018-06-13 14:13:29,152 [7] atpLib.Devices.RFC1662BinarySerialDevice.sendMsg(C:\BA\Software_projects\PIC\1510\8.5.18_ver_1_f\BA1510_GUI_1.1.11\atpLib\Devices\RFC1662Device\RFC1662BinarySerialDevice.cs:107) [INFO] - sending 9
2018-06-13 14:13:29,157 [7] atpLib.Devices.RFC1662BinarySerialDevice.receiveAnswer(C:\BA\Software_projects\PIC\1510\8.5.18_ver_1_f\BA1510_GUI_1.1.11\atpLib\Devices\RFC1662Device\RFC1662BinarySerialDevice.cs:86) [INFO] - got answer of type: 89
2018-06-13 14:13:29,160 [5] atpLib.Scenarios.Scenario.runTask(C:\BA\Software_projects\PIC\1510\8.5.18_ver_1_f\BA1510_GUI_1.1.11\atpLib\Scenarios\Scenario.cs:221) [INFO] - Scenario passed.
2018-06-13 14:13:29,329 [9] atpLib.Scenarios.Scenario.runTask(C:\BA\Software_projects\PIC\1510\8.5.18_ver_1_f\BA1510_GUI_1.1.11\atpLib\Scenarios\Scenario.cs:178) [INFO] - Running scenario "Get Momentery Status" - with timeout of: 10 seconds.
2018-06-13 14:13:29,332 [5] atpLib.Scenarios.SingleMessageSingleDeviceScenario.internalRun(C:\BA\Software_projects\PIC\1510\8.5.18_ver_1_f\BA1510_GUI_1.1.11\atpLib\Scenarios\SingleMessageSingleDeviceScenario.cs:27) [INFO] - sending a message of type: GetMomenteryStatusMessage
2018-06-13 14:13:29,335 [5] atpLib.Devices.RFC1662BinarySerialDevice.sendMsg(C:\BA\Software_projects\PIC\1510\8.5.18_ver_1_f\BA1510_GUI_1.1.11\atpLib\Devices\RFC1662Device\RFC1662BinarySerialDevice.cs:107) [INFO] - sending 9
2018-06-13 14:13:29,341 [5] atpLib.Devices.RFC1662BinarySerialDevice.receiveAnswer(C:\BA\Software_projects\PIC\1510\8.5.18_ver_1_f\BA1510_GUI_1.1.11\atpLib\Devices\RFC1662Device\RFC1662BinarySerialDevice.cs:86) [INFO] - got answer of type: 89
2018-06-13 14:13:29,345 [9] atpLib.Scenarios.Scenario.runTask(C:\BA\Software_projects\PIC\1510\8.5.18_ver_1_f\BA1510_GUI_1.1.11\atpLib\Scenarios\Scenario.cs:221) [INFO] - Scenario passed.
2018-06-13 14:13:29,523 [5] atpLib.Scenarios.Scenario.runTask(C:\BA\Software_projects\PIC\1510\8.5.18_ver_1_f\BA1510_GUI_1.1.11\atpLib\Scenarios\Scenario.cs:178) [INFO] - Running scenario "Get Momentery Status" - with timeout of: 10 seconds.
2018-06-13 14:13:29,526 [6] atpLib.Scenarios.SingleMessageSingleDeviceScenario.internalRun(C:\BA\Software_projects\PIC\1510\8.5.18_ver_1_f\BA1510_GUI_1.1.11\atpLib\Scenarios\SingleMessageSingleDeviceScenario.cs:27) [INFO] - sending a message of type: GetMomenteryStatusMessage
2018-06-13 14:13:29,529 [6] atpLib.Devices.RFC1662BinarySerialDevice.sendMsg(C:\BA\Software_projects\PIC\1510\8.5.18_ver_1_f\BA1510_GUI_1.1.11\atpLib\Devices\RFC1662Device\RFC1662BinarySerialDevice.cs:107) [INFO] - sending 9
2018-06-13 14:13:29,535 [6] atpLib.Devices.RFC1662BinarySerialDevice.receiveAnswer(C:\BA\Software_projects\PIC\1510\8.5.18_ver_1_f\BA1510_GUI_1.1.11\atpLib\Devices\RFC1662Device\RFC1662BinarySerialDevice.cs:86) [INFO] - got answer of type: 89
2018-06-13 14:13:29,539 [5] atpLib.Scenarios.Scenario.runTask(C:\BA\Software_projects\PIC\1510\8.5.18_ver_1_f\BA1510_GUI_1.1.11\atpLib\Scenarios\Scenario.cs:221) [INFO] - Scenario passed.
2018-06-13 14:13:32,984 [5] atpLib.Scenarios.Scenario.runTask(C:\BA\Software_projects\PIC\1510\8.5.18_ver_1_f\BA1510_GUI_1.1.11\atpLib\Scenarios\Scenario.cs:178) [INFO] - Running scenario "Change Mode" - with timeout of: 10 seconds.
2018-06-13 14:13:32,988 [7] atpLib.Scenarios.SingleMessageSingleDeviceScenario.internalRun(C:\BA\Software_projects\PIC\1510\8.5.18_ver_1_f\BA1510_GUI_1.1.11\atpLib\Scenarios\SingleMessageSingleDeviceScenario.cs:27) [INFO] - sending a message of type: ChangeModeMessage
2018-06-13 14:13:32,992 [7] atpLib.Devices.RFC1662BinarySerialDevice.sendMsg(C:\BA\Software_projects\PIC\1510\8.5.18_ver_1_f\BA1510_GUI_1.1.11\atpLib\Devices\RFC1662Device\RFC1662BinarySerialDevice.cs:107) [INFO] - sending 3
2018-06-13 14:13:32,996 [7] atpLib.Devices.RFC1662BinarySerialDevice.receiveAnswer(C:\BA\Software_projects\PIC\1510\8.5.18_ver_1_f\BA1510_GUI_1.1.11\atpLib\Devices\RFC1662Device\RFC1662BinarySerialDevice.cs:86) [INFO] - got answer of type: 80
2018-06-13 14:13:33,000 [5] atpLib.Scenarios.Scenario.runTask(C:\BA\Software_projects\PIC\1510\8.5.18_ver_1_f\BA1510_GUI_1.1.11\atpLib\Scenarios\Scenario.cs:221) [INFO] - Scenario passed.
2018-06-13 14:13:39,469 [5] atpLib.Scenarios.Scenario.runTask(C:\BA\Software_projects\PIC\1510\8.5.18_ver_1_f\BA1510_GUI_1.1.11\atpLib\Scenarios\Scenario.cs:178) [INFO] - Running scenario "Set General Calibration Data" - with timeout of: 10 seconds.
2018-06-13 14:13:39,472 [7] atpLib.Scenarios.SingleMessageSingleDeviceScenario.internalRun(C:\BA\Software_projects\PIC\1510\8.5.18_ver_1_f\BA1510_GUI_1.1.11\atpLib\Scenarios\SingleMessageSingleDeviceScenario.cs:27) [INFO] - sending a message of type: SetCalibrationTableMessage
2018-06-13 14:13:39,475 [7] atpLib.Devices.RFC1662BinarySerialDevice.sendMsg(C:\BA\Software_projects\PIC\1510\8.5.18_ver_1_f\BA1510_GUI_1.1.11\atpLib\Devices\RFC1662Device\RFC1662BinarySerialDevice.cs:107) [INFO] - sending 4
2018-06-13 14:13:39,485 [7] atpLib.Devices.RFC1662BinarySerialDevice.receiveAnswer(C:\BA\Software_projects\PIC\1510\8.5.18_ver_1_f\BA1510_GUI_1.1.11\atpLib\Devices\RFC1662Device\RFC1662BinarySerialDevice.cs:86) [INFO] - got answer of type: 80
2018-06-13 14:13:39,489 [5] atpLib.Scenarios.Scenario.runTask(C:\BA\Software_projects\PIC\1510\8.5.18_ver_1_f\BA1510_GUI_1.1.11\atpLib\Scenarios\Scenario.cs:221) [INFO] - Scenario passed.
2018-06-13 14:13:39,493 [1] mfe_gui.frmMain.btnSetGeneralCalib_Click(C:\BA\Software_projects\PIC\1510\8.5.18_ver_1_f\BA1510_GUI_1.1.11\MFE_gui\frmMain.cs:493) [INFO] - got an ack response opcode: 128
2018-06-13 14:13:41,361 [5] atpLib.Scenarios.Scenario.runTask(C:\BA\Software_projects\PIC\1510\8.5.18_ver_1_f\BA1510_GUI_1.1.11\atpLib\Scenarios\Scenario.cs:178) [INFO] - Running scenario "Set General Calibration Data" - with timeout of: 10 seconds.
2018-06-13 14:13:41,364 [7] atpLib.Scenarios.SingleMessageSingleDeviceScenario.internalRun(C:\BA\Software_projects\PIC\1510\8.5.18_ver_1_f\BA1510_GUI_1.1.11\atpLib\Scenarios\SingleMessageSingleDeviceScenario.cs:27) [INFO] - sending a message of type: SetCalibrationTableMessage
2018-06-13 14:13:41,367 [7] atpLib.Devices.RFC1662BinarySerialDevice.sendMsg(C:\BA\Software_projects\PIC\1510\8.5.18_ver_1_f\BA1510_GUI_1.1.11\atpLib\Devices\RFC1662Device\RFC1662BinarySerialDevice.cs:107) [INFO] - sending 4
2018-06-13 14:13:41,379 [7] atpLib.Devices.RFC1662BinarySerialDevice.receiveAnswer(C:\BA\Software_projects\PIC\1510\8.5.18_ver_1_f\BA1510_GUI_1.1.11\atpLib\Devices\RFC1662Device\RFC1662BinarySerialDevice.cs:86) [INFO] - got answer of type: 80
2018-06-13 14:13:41,382 [5] atpLib.Scenarios.Scenario.runTask(C:\BA\Software_projects\PIC\1510\8.5.18_ver_1_f\BA1510_GUI_1.1.11\atpLib\Scenarios\Scenario.cs:221) [INFO] - Scenario passed.
2018-06-13 14:13:41,386 [1] mfe_gui.frmMain.btnSetGeneralCalib_Click(C:\BA\Software_projects\PIC\1510\8.5.18_ver_1_f\BA1510_GUI_1.1.11\MFE_gui\frmMain.cs:493) [INFO] - got an ack response opcode: 128
2018-06-13 14:13:44,649 [5] atpLib.Scenarios.Scenario.runTask(C:\BA\Software_projects\PIC\1510\8.5.18_ver_1_f\BA1510_GUI_1.1.11\atpLib\Scenarios\Scenario.cs:178) [INFO] - Running scenario "Change Mode" - with timeout of: 10 seconds.
2018-06-13 14:13:44,653 [7] atpLib.Scenarios.SingleMessageSingleDeviceScenario.internalRun(C:\BA\Software_projects\PIC\1510\8.5.18_ver_1_f\BA1510_GUI_1.1.11\atpLib\Scenarios\SingleMessageSingleDeviceScenario.cs:27) [INFO] - sending a message of type: ChangeModeMessage
2018-06-13 14:13:44,657 [7] atpLib.Devices.RFC1662BinarySerialDevice.sendMsg(C:\BA\Software_projects\PIC\1510\8.5.18_ver_1_f\BA1510_GUI_1.1.11\atpLib\Devices\RFC1662Device\RFC1662BinarySerialDevice.cs:107) [INFO] - sending 3
2018-06-13 14:13:44,661 [7] atpLib.Devices.RFC1662BinarySerialDevice.receiveAnswer(C:\BA\Software_projects\PIC\1510\8.5.18_ver_1_f\BA1510_GUI_1.1.11\atpLib\Devices\RFC1662Device\RFC1662BinarySerialDevice.cs:86) [INFO] - got answer of type: 80
2018-06-13 14:13:44,665 [5] atpLib.Scenarios.Scenario.runTask(C:\BA\Software_projects\PIC\1510\8.5.18_ver_1_f\BA1510_GUI_1.1.11\atpLib\Scenarios\Scenario.cs:221) [INFO] - Scenario passed.
2018-06-13 14:13:45,843 [7] atpLib.Scenarios.Scenario.runTask(C:\BA\Software_projects\PIC\1510\8.5.18_ver_1_f\BA1510_GUI_1.1.11\atpLib\Scenarios\Scenario.cs:178) [INFO] - Running scenario "Get Momentery Status" - with timeout of: 10 seconds.
2018-06-13 14:13:45,847 [9] atpLib.Scenarios.SingleMessageSingleDeviceScenario.internalRun(C:\BA\Software_projects\PIC\1510\8.5.18_ver_1_f\BA1510_GUI_1.1.11\atpLib\Scenarios\SingleMessageSingleDeviceScenario.cs:27) [INFO] - sending a message of type: GetMomenteryStatusMessage
2018-06-13 14:13:45,851 [9] atpLib.Devices.RFC1662BinarySerialDevice.sendMsg(C:\BA\Software_projects\PIC\1510\8.5.18_ver_1_f\BA1510_GUI_1.1.11\atpLib\Devices\RFC1662Device\RFC1662BinarySerialDevice.cs:107) [INFO] - sending 9
2018-06-13 14:13:45,856 [9] atpLib.Devices.RFC1662BinarySerialDevice.receiveAnswer(C:\BA\Software_projects\PIC\1510\8.5.18_ver_1_f\BA1510_GUI_1.1.11\atpLib\Devices\RFC1662Device\RFC1662BinarySerialDevice.cs:86) [INFO] - got answer of type: 89
2018-06-13 14:13:45,861 [7] atpLib.Scenarios.Scenario.runTask(C:\BA\Software_projects\PIC\1510\8.5.18_ver_1_f\BA1510_GUI_1.1.11\atpLib\Scenarios\Scenario.cs:221) [INFO] - Scenario passed.
2018-06-13 14:13:46,385 [9] atpLib.Scenarios.Scenario.runTask(C:\BA\Software_projects\PIC\1510\8.5.18_ver_1_f\BA1510_GUI_1.1.11\atpLib\Scenarios\Scenario.cs:178) [INFO] - Running scenario "Get Momentery Status" - with timeout of: 10 seconds.
2018-06-13 14:13:46,389 [7] atpLib.Scenarios.SingleMessageSingleDeviceScenario.internalRun(C:\BA\Software_projects\PIC\1510\8.5.18_ver_1_f\BA1510_GUI_1.1.11\atpLib\Scenarios\SingleMessageSingleDeviceScenario.cs:27) [INFO] - sending a message of type: GetMomenteryStatusMessage
2018-06-13 14:13:46,393 [7] atpLib.Devices.RFC1662BinarySerialDevice.sendMsg(C:\BA\Software_projects\PIC\1510\8.5.18_ver_1_f\BA1510_GUI_1.1.11\atpLib\Devices\RFC1662Device\RFC1662BinarySerialDevice.cs:107) [INFO] - sending 9
2018-06-13 14:13:46,398 [7] atpLib.Devices.RFC1662BinarySerialDevice.receiveAnswer(C:\BA\Software_projects\PIC\1510\8.5.18_ver_1_f\BA1510_GUI_1.1.11\atpLib\Devices\RFC1662Device\RFC1662BinarySerialDevice.cs:86) [INFO] - got answer of type: 89
2018-06-13 14:13:46,402 [9] atpLib.Scenarios.Scenario.runTask(C:\BA\Software_projects\PIC\1510\8.5.18_ver_1_f\BA1510_GUI_1.1.11\atpLib\Scenarios\Scenario.cs:221) [INFO] - Scenario passed.
2018-06-13 14:13:46,719 [7] atpLib.Scenarios.Scenario.runTask(C:\BA\Software_projects\PIC\1510\8.5.18_ver_1_f\BA1510_GUI_1.1.11\atpLib\Scenarios\Scenario.cs:178) [INFO] - Running scenario "Get Momentery Status" - with timeout of: 10 seconds.
2018-06-13 14:13:46,723 [6] atpLib.Scenarios.SingleMessageSingleDeviceScenario.internalRun(C:\BA\Software_projects\PIC\1510\8.5.18_ver_1_f\BA1510_GUI_1.1.11\atpLib\Scenarios\SingleMessageSingleDeviceScenario.cs:27) [INFO] - sending a message of type: GetMomenteryStatusMessage
2018-06-13 14:13:46,726 [6] atpLib.Devices.RFC1662BinarySerialDevice.sendMsg(C:\BA\Software_projects\PIC\1510\8.5.18_ver_1_f\BA1510_GUI_1.1.11\atpLib\Devices\RFC1662Device\RFC1662BinarySerialDevice.cs:107) [INFO] - sending 9
2018-06-13 14:13:46,731 [6] atpLib.Devices.RFC1662BinarySerialDevice.receiveAnswer(C:\BA\Software_projects\PIC\1510\8.5.18_ver_1_f\BA1510_GUI_1.1.11\atpLib\Devices\RFC1662Device\RFC1662BinarySerialDevice.cs:86) [INFO] - got answer of type: 89
2018-06-13 14:13:46,735 [7] atpLib.Scenarios.Scenario.runTask(C:\BA\Software_projects\PIC\1510\8.5.18_ver_1_f\BA1510_GUI_1.1.11\atpLib\Scenarios\Scenario.cs:221) [INFO] - Scenario passed.
2018-06-13 14:13:46,925 [9] atpLib.Scenarios.Scenario.runTask(C:\BA\Software_projects\PIC\1510\8.5.18_ver_1_f\BA1510_GUI_1.1.11\atpLib\Scenarios\Scenario.cs:178) [INFO] - Running scenario "Get Momentery Status" - with timeout of: 10 seconds.
2018-06-13 14:13:46,927 [6] atpLib.Scenarios.SingleMessageSingleDeviceScenario.internalRun(C:\BA\Software_projects\PIC\1510\8.5.18_ver_1_f\BA1510_GUI_1.1.11\atpLib\Scenarios\SingleMessageSingleDeviceScenario.cs:27) [INFO] - sending a message of type: GetMomenteryStatusMessage
2018-06-13 14:13:46,931 [6] atpLib.Devices.RFC1662BinarySerialDevice.sendMsg(C:\BA\Software_projects\PIC\1510\8.5.18_ver_1_f\BA1510_GUI_1.1.11\atpLib\Devices\RFC1662Device\RFC1662BinarySerialDevice.cs:107) [INFO] - sending 9
2018-06-13 14:13:46,935 [6] atpLib.Devices.RFC1662BinarySerialDevice.receiveAnswer(C:\BA\Software_projects\PIC\1510\8.5.18_ver_1_f\BA1510_GUI_1.1.11\atpLib\Devices\RFC1662Device\RFC1662BinarySerialDevice.cs:86) [INFO] - got answer of type: 89
2018-06-13 14:13:46,939 [9] atpLib.Scenarios.Scenario.runTask(C:\BA\Software_projects\PIC\1510\8.5.18_ver_1_f\BA1510_GUI_1.1.11\atpLib\Scenarios\Scenario.cs:221) [INFO] - Scenario passed.
2018-06-13 14:13:47,118 [5] atpLib.Scenarios.Scenario.runTask(C:\BA\Software_projects\PIC\1510\8.5.18_ver_1_f\BA1510_GUI_1.1.11\atpLib\Scenarios\Scenario.cs:178) [INFO] - Running scenario "Get Momentery Status" - with timeout of: 10 seconds.
2018-06-13 14:13:47,122 [6] atpLib.Scenarios.SingleMessageSingleDeviceScenario.internalRun(C:\BA\Software_projects\PIC\1510\8.5.18_ver_1_f\BA1510_GUI_1.1.11\atpLib\Scenarios\SingleMessageSingleDeviceScenario.cs:27) [INFO] - sending a message of type: GetMomenteryStatusMessage
2018-06-13 14:13:47,126 [6] atpLib.Devices.RFC1662BinarySerialDevice.sendMsg(C:\BA\Software_projects\PIC\1510\8.5.18_ver_1_f\BA1510_GUI_1.1.11\atpLib\Devices\RFC1662Device\RFC1662BinarySerialDevice.cs:107) [INFO] - sending 9
2018-06-13 14:13:47,132 [6] atpLib.Devices.RFC1662BinarySerialDevice.receiveAnswer(C:\BA\Software_projects\PIC\1510\8.5.18_ver_1_f\BA1510_GUI_1.1.11\atpLib\Devices\RFC1662Device\RFC1662BinarySerialDevice.cs:86) [INFO] - got answer of type: 89
2018-06-13 14:13:47,137 [5] atpLib.Scenarios.Scenario.runTask(C:\BA\Software_projects\PIC\1510\8.5.18_ver_1_f\BA1510_GUI_1.1.11\atpLib\Scenarios\Scenario.cs:221) [INFO] - Scenario passed.
2018-06-13 14:13:47,315 [9] atpLib.Scenarios.Scenario.runTask(C:\BA\Software_projects\PIC\1510\8.5.18_ver_1_f\BA1510_GUI_1.1.11\atpLib\Scenarios\Scenario.cs:178) [INFO] - Running scenario "Get Momentery Status" - with timeout of: 10 seconds.
2018-06-13 14:13:47,319 [7] atpLib.Scenarios.SingleMessageSingleDeviceScenario.internalRun(C:\BA\Software_projects\PIC\1510\8.5.18_ver_1_f\BA1510_GUI_1.1.11\atpLib\Scenarios\SingleMessageSingleDeviceScenario.cs:27) [INFO] - sending a message of type: GetMomenteryStatusMessage
2018-06-13 14:13:47,322 [7] atpLib.Devices.RFC1662BinarySerialDevice.sendMsg(C:\BA\Software_projects\PIC\1510\8.5.18_ver_1_f\BA1510_GUI_1.1.11\atpLib\Devices\RFC1662Device\RFC1662BinarySerialDevice.cs:107) [INFO] - sending 9
2018-06-13 14:13:47,327 [7] atpLib.Devices.RFC1662BinarySerialDevice.receiveAnswer(C:\BA\Software_projects\PIC\1510\8.5.18_ver_1_f\BA1510_GUI_1.1.11\atpLib\Devices\RFC1662Device\RFC1662BinarySerialDevice.cs:86) [INFO] - got answer of type: 89
2018-06-13 14:13:47,331 [9] atpLib.Scenarios.Scenario.runTask(C:\BA\Software_projects\PIC\1510\8.5.18_ver_1_f\BA1510_GUI_1.1.11\atpLib\Scenarios\Scenario.cs:221) [INFO] - Scenario passed.
2018-06-13 14:13:47,503 [7] atpLib.Scenarios.Scenario.runTask(C:\BA\Software_projects\PIC\1510\8.5.18_ver_1_f\BA1510_GUI_1.1.11\atpLib\Scenarios\Scenario.cs:178) [INFO] - Running scenario "Get Momentery Status" - with timeout of: 10 seconds.
2018-06-13 14:13:47,507 [6] atpLib.Scenarios.SingleMessageSingleDeviceScenario.internalRun(C:\BA\Software_projects\PIC\1510\8.5.18_ver_1_f\BA1510_GUI_1.1.11\atpLib\Scenarios\SingleMessageSingleDeviceScenario.cs:27) [INFO] - sending a message of type: GetMomenteryStatusMessage
2018-06-13 14:13:47,510 [6] atpLib.Devices.RFC1662BinarySerialDevice.sendMsg(C:\BA\Software_projects\PIC\1510\8.5.18_ver_1_f\BA1510_GUI_1.1.11\atpLib\Devices\RFC1662Device\RFC1662BinarySerialDevice.cs:107) [INFO] - sending 9
2018-06-13 14:13:47,515 [6] atpLib.Devices.RFC1662BinarySerialDevice.receiveAnswer(C:\BA\Software_projects\PIC\1510\8.5.18_ver_1_f\BA1510_GUI_1.1.11\atpLib\Devices\RFC1662Device\RFC1662BinarySerialDevice.cs:86) [INFO] - got answer of type: 89
2018-06-13 14:13:47,518 [7] atpLib.Scenarios.Scenario.runTask(C:\BA\Software_projects\PIC\1510\8.5.18_ver_1_f\BA1510_GUI_1.1.11\atpLib\Scenarios\Scenario.cs:221) [INFO] - Scenario passed.
2018-06-13 14:13:47,920 [9] atpLib.Scenarios.Scenario.runTask(C:\BA\Software_projects\PIC\1510\8.5.18_ver_1_f\BA1510_GUI_1.1.11\atpLib\Scenarios\Scenario.cs:178) [INFO] - Running scenario "Get Momentery Status" - with timeout of: 10 seconds.
2018-06-13 14:13:47,924 [6] atpLib.Scenarios.SingleMessageSingleDeviceScenario.internalRun(C:\BA\Software_projects\PIC\1510\8.5.18_ver_1_f\BA1510_GUI_1.1.11\atpLib\Scenarios\SingleMessageSingleDeviceScenario.cs:27) [INFO] - sending a message of type: GetMomenteryStatusMessage
2018-06-13 14:13:47,928 [6] atpLib.Devices.RFC1662BinarySerialDevice.sendMsg(C:\BA\Software_projects\PIC\1510\8.5.18_ver_1_f\BA1510_GUI_1.1.11\atpLib\Devices\RFC1662Device\RFC1662BinarySerialDevice.cs:107) [INFO] - sending 9
2018-06-13 14:13:47,932 [6] atpLib.Devices.RFC1662BinarySerialDevice.receiveAnswer(C:\BA\Software_projects\PIC\1510\8.5.18_ver_1_f\BA1510_GUI_1.1.11\atpLib\Devices\RFC1662Device\RFC1662BinarySerialDevice.cs:86) [INFO] - got answer of type: 89
2018-06-13 14:13:47,936 [9] atpLib.Scenarios.Scenario.runTask(C:\BA\Software_projects\PIC\1510\8.5.18_ver_1_f\BA1510_GUI_1.1.11\atpLib\Scenarios\Scenario.cs:221) [INFO] - Scenario passed.
2018-06-13 14:13:48,091 [5] atpLib.Scenarios.Scenario.runTask(C:\BA\Software_projects\PIC\1510\8.5.18_ver_1_f\BA1510_GUI_1.1.11\atpLib\Scenarios\Scenario.cs:178) [INFO] - Running scenario "Get Momentery Status" - with timeout of: 10 seconds.
2018-06-13 14:13:48,094 [7] atpLib.Scenarios.SingleMessageSingleDeviceScenario.internalRun(C:\BA\Software_projects\PIC\1510\8.5.18_ver_1_f\BA1510_GUI_1.1.11\atpLib\Scenarios\SingleMessageSingleDeviceScenario.cs:27) [INFO] - sending a message of type: GetMomenteryStatusMessage
2018-06-13 14:13:48,098 [7] atpLib.Devices.RFC1662BinarySerialDevice.sendMsg(C:\BA\Software_projects\PIC\1510\8.5.18_ver_1_f\BA1510_GUI_1.1.11\atpLib\Devices\RFC1662Device\RFC1662BinarySerialDevice.cs:107) [INFO] - sending 9
2018-06-13 14:13:48,102 [7] atpLib.Devices.RFC1662BinarySerialDevice.receiveAnswer(C:\BA\Software_projects\PIC\1510\8.5.18_ver_1_f\BA1510_GUI_1.1.11\atpLib\Devices\RFC1662Device\RFC1662BinarySerialDevice.cs:86) [INFO] - got answer of type: 89
2018-06-13 14:13:48,108 [5] atpLib.Scenarios.Scenario.runTask(C:\BA\Software_projects\PIC\1510\8.5.18_ver_1_f\BA1510_GUI_1.1.11\atpLib\Scenarios\Scenario.cs:221) [INFO] - Scenario passed.
2018-06-13 14:13:48,322 [6] atpLib.Scenarios.Scenario.runTask(C:\BA\Software_projects\PIC\1510\8.5.18_ver_1_f\BA1510_GUI_1.1.11\atpLib\Scenarios\Scenario.cs:178) [INFO] - Running scenario "Get Momentery Status" - with timeout of: 10 seconds.
2018-06-13 14:13:48,326 [7] atpLib.Scenarios.SingleMessageSingleDeviceScenario.internalRun(C:\BA\Software_projects\PIC\1510\8.5.18_ver_1_f\BA1510_GUI_1.1.11\atpLib\Scenarios\SingleMessageSingleDeviceScenario.cs:27) [INFO] - sending a message of type: GetMomenteryStatusMessage
2018-06-13 14:13:48,329 [7] atpLib.Devices.RFC1662BinarySerialDevice.sendMsg(C:\BA\Software_projects\PIC\1510\8.5.18_ver_1_f\BA1510_GUI_1.1.11\atpLib\Devices\RFC1662Device\RFC1662BinarySerialDevice.cs:107) [INFO] - sending 9
2018-06-13 14:13:48,334 [7] atpLib.Devices.RFC1662BinarySerialDevice.receiveAnswer(C:\BA\Software_projects\PIC\1510\8.5.18_ver_1_f\BA1510_GUI_1.1.11\atpLib\Devices\RFC1662Device\RFC1662BinarySerialDevice.cs:86) [INFO] - got answer of type: 89
2018-06-13 14:13:48,340 [6] atpLib.Scenarios.Scenario.runTask(C:\BA\Software_projects\PIC\1510\8.5.18_ver_1_f\BA1510_GUI_1.1.11\atpLib\Scenarios\Scenario.cs:221) [INFO] - Scenario passed.
2018-06-13 14:13:48,589 [5] atpLib.Scenarios.Scenario.runTask(C:\BA\Software_projects\PIC\1510\8.5.18_ver_1_f\BA1510_GUI_1.1.11\atpLib\Scenarios\Scenario.cs:178) [INFO] - Running scenario "Get Momentery Status" - with timeout of: 10 seconds.
2018-06-13 14:13:48,592 [7] atpLib.Scenarios.SingleMessageSingleDeviceScenario.internalRun(C:\BA\Software_projects\PIC\1510\8.5.18_ver_1_f\BA1510_GUI_1.1.11\atpLib\Scenarios\SingleMessageSingleDeviceScenario.cs:27) [INFO] - sending a message of type: GetMomenteryStatusMessage
2018-06-13 14:13:48,595 [7] atpLib.Devices.RFC1662BinarySerialDevice.sendMsg(C:\BA\Software_projects\PIC\1510\8.5.18_ver_1_f\BA1510_GUI_1.1.11\atpLib\Devices\RFC1662Device\RFC1662BinarySerialDevice.cs:107) [INFO] - sending 9
2018-06-13 14:13:48,601 [7] atpLib.Devices.RFC1662BinarySerialDevice.receiveAnswer(C:\BA\Software_projects\PIC\1510\8.5.18_ver_1_f\BA1510_GUI_1.1.11\atpLib\Devices\RFC1662Device\RFC1662BinarySerialDevice.cs:86) [INFO] - got answer of type: 89
2018-06-13 14:13:48,605 [5] atpLib.Scenarios.Scenario.runTask(C:\BA\Software_projects\PIC\1510\8.5.18_ver_1_f\BA1510_GUI_1.1.11\atpLib\Scenarios\Scenario.cs:221) [INFO] - Scenario passed.
2018-06-13 14:15:22,023 [10] atpLib.Scenarios.Scenario.runTask(C:\BA\Software_projects\PIC\1510\8.5.18_ver_1_f\BA1510_GUI_1.1.11\atpLib\Scenarios\Scenario.cs:178) [INFO] - Running scenario "Change Mode" - with timeout of: 10 seconds.
2018-06-13 14:15:22,027 [11] atpLib.Scenarios.SingleMessageSingleDeviceScenario.internalRun(C:\BA\Software_projects\PIC\1510\8.5.18_ver_1_f\BA1510_GUI_1.1.11\atpLib\Scenarios\SingleMessageSingleDeviceScenario.cs:27) [INFO] - sending a message of type: ChangeModeMessage
2018-06-13 14:15:22,031 [11] atpLib.Devices.RFC1662BinarySerialDevice.sendMsg(C:\BA\Software_projects\PIC\1510\8.5.18_ver_1_f\BA1510_GUI_1.1.11\atpLib\Devices\RFC1662Device\RFC1662BinarySerialDevice.cs:107) [INFO] - sending 3
2018-06-13 14:15:22,038 [11] atpLib.Devices.RFC1662BinarySerialDevice.receiveAnswer(C:\BA\Software_projects\PIC\1510\8.5.18_ver_1_f\BA1510_GUI_1.1.11\atpLib\Devices\RFC1662Device\RFC1662BinarySerialDevice.cs:86) [INFO] - got answer of type: 80
2018-06-13 14:15:22,044 [10] atpLib.Scenarios.Scenario.runTask(C:\BA\Software_projects\PIC\1510\8.5.18_ver_1_f\BA1510_GUI_1.1.11\atpLib\Scenarios\Scenario.cs:221) [INFO] - Scenario passed.
2018-06-13 14:15:23,333 [11] atpLib.Scenarios.Scenario.runTask(C:\BA\Software_projects\PIC\1510\8.5.18_ver_1_f\BA1510_GUI_1.1.11\atpLib\Scenarios\Scenario.cs:178) [INFO] - Running scenario "Get Momentery Status" - with timeout of: 10 seconds.
2018-06-13 14:15:23,338 [18] atpLib.Scenarios.SingleMessageSingleDeviceScenario.internalRun(C:\BA\Software_projects\PIC\1510\8.5.18_ver_1_f\BA1510_GUI_1.1.11\atpLib\Scenarios\SingleMessageSingleDeviceScenario.cs:27) [INFO] - sending a message of type: GetMomenteryStatusMessage
2018-06-13 14:15:23,341 [18] atpLib.Devices.RFC1662BinarySerialDevice.sendMsg(C:\BA\Software_projects\PIC\1510\8.5.18_ver_1_f\BA1510_GUI_1.1.11\atpLib\Devices\RFC1662Device\RFC1662BinarySerialDevice.cs:107) [INFO] - sending 9
2018-06-13 14:15:23,347 [18] atpLib.Devices.RFC1662BinarySerialDevice.receiveAnswer(C:\BA\Software_projects\PIC\1510\8.5.18_ver_1_f\BA1510_GUI_1.1.11\atpLib\Devices\RFC1662Device\RFC1662BinarySerialDevice.cs:86) [INFO] - got answer of type: 89
2018-06-13 14:15:23,351 [11] atpLib.Scenarios.Scenario.runTask(C:\BA\Software_projects\PIC\1510\8.5.18_ver_1_f\BA1510_GUI_1.1.11\atpLib\Scenarios\Scenario.cs:221) [INFO] - Scenario passed.
2018-06-13 14:15:23,766 [10] atpLib.Scenarios.Scenario.runTask(C:\BA\Software_projects\PIC\1510\8.5.18_ver_1_f\BA1510_GUI_1.1.11\atpLib\Scenarios\Scenario.cs:178) [INFO] - Running scenario "Get Momentery Status" - with timeout of: 10 seconds.
2018-06-13 14:15:23,769 [18] atpLib.Scenarios.SingleMessageSingleDeviceScenario.internalRun(C:\BA\Software_projects\PIC\1510\8.5.18_ver_1_f\BA1510_GUI_1.1.11\atpLib\Scenarios\SingleMessageSingleDeviceScenario.cs:27) [INFO] - sending a message of type: GetMomenteryStatusMessage
2018-06-13 14:15:23,772 [18] atpLib.Devices.RFC1662BinarySerialDevice.sendMsg(C:\BA\Software_projects\PIC\1510\8.5.18_ver_1_f\BA1510_GUI_1.1.11\atpLib\Devices\RFC1662Device\RFC1662BinarySerialDevice.cs:107) [INFO] - sending 9
2018-06-13 14:15:23,777 [18] atpLib.Devices.RFC1662BinarySerialDevice.receiveAnswer(C:\BA\Software_projects\PIC\1510\8.5.18_ver_1_f\BA1510_GUI_1.1.11\atpLib\Devices\RFC1662Device\RFC1662BinarySerialDevice.cs:86) [INFO] - got answer of type: 89
2018-06-13 14:15:23,781 [10] atpLib.Scenarios.Scenario.runTask(C:\BA\Software_projects\PIC\1510\8.5.18_ver_1_f\BA1510_GUI_1.1.11\atpLib\Scenarios\Scenario.cs:221) [INFO] - Scenario passed.
2018-06-13 14:15:24,010 [16] atpLib.Scenarios.Scenario.runTask(C:\BA\Software_projects\PIC\1510\8.5.18_ver_1_f\BA1510_GUI_1.1.11\atpLib\Scenarios\Scenario.cs:178) [INFO] - Running scenario "Get Momentery Status" - with timeout of: 10 seconds.
2018-06-13 14:15:24,014 [13] atpLib.Scenarios.SingleMessageSingleDeviceScenario.internalRun(C:\BA\Software_projects\PIC\1510\8.5.18_ver_1_f\BA1510_GUI_1.1.11\atpLib\Scenarios\SingleMessageSingleDeviceScenario.cs:27) [INFO] - sending a message of type: GetMomenteryStatusMessage
2018-06-13 14:15:24,016 [13] atpLib.Devices.RFC1662BinarySerialDevice.sendMsg(C:\BA\Software_projects\PIC\1510\8.5.18_ver_1_f\BA1510_GUI_1.1.11\atpLib\Devices\RFC1662Device\RFC1662BinarySerialDevice.cs:107) [INFO] - sending 9
2018-06-13 14:15:24,021 [13] atpLib.Devices.RFC1662BinarySerialDevice.receiveAnswer(C:\BA\Software_projects\PIC\1510\8.5.18_ver_1_f\BA1510_GUI_1.1.11\atpLib\Devices\RFC1662Device\RFC1662BinarySerialDevice.cs:86) [INFO] - got answer of type: 89
2018-06-13 14:15:24,026 [16] atpLib.Scenarios.Scenario.runTask(C:\BA\Software_projects\PIC\1510\8.5.18_ver_1_f\BA1510_GUI_1.1.11\atpLib\Scenarios\Scenario.cs:221) [INFO] - Scenario passed.
2018-06-13 14:15:24,205 [11] atpLib.Scenarios.Scenario.runTask(C:\BA\Software_projects\PIC\1510\8.5.18_ver_1_f\BA1510_GUI_1.1.11\atpLib\Scenarios\Scenario.cs:178) [INFO] - Running scenario "Get Momentery Status" - with timeout of: 10 seconds.
2018-06-13 14:15:24,208 [18] atpLib.Scenarios.SingleMessageSingleDeviceScenario.internalRun(C:\BA\Software_projects\PIC\1510\8.5.18_ver_1_f\BA1510_GUI_1.1.11\atpLib\Scenarios\SingleMessageSingleDeviceScenario.cs:27) [INFO] - sending a message of type: GetMomenteryStatusMessage
2018-06-13 14:15:24,211 [18] atpLib.Devices.RFC1662BinarySerialDevice.sendMsg(C:\BA\Software_projects\PIC\1510\8.5.18_ver_1_f\BA1510_GUI_1.1.11\atpLib\Devices\RFC1662Device\RFC1662BinarySerialDevice.cs:107) [INFO] - sending 9
2018-06-13 14:15:24,216 [18] atpLib.Devices.RFC1662BinarySerialDevice.receiveAnswer(C:\BA\Software_projects\PIC\1510\8.5.18_ver_1_f\BA1510_GUI_1.1.11\atpLib\Devices\RFC1662Device\RFC1662BinarySerialDevice.cs:86) [INFO] - got answer of type: 89
2018-06-13 14:15:24,220 [11] atpLib.Scenarios.Scenario.runTask(C:\BA\Software_projects\PIC\1510\8.5.18_ver_1_f\BA1510_GUI_1.1.11\atpLib\Scenarios\Scenario.cs:221) [INFO] - Scenario passed.
2018-06-13 14:15:24,380 [16] atpLib.Scenarios.Scenario.runTask(C:\BA\Software_projects\PIC\1510\8.5.18_ver_1_f\BA1510_GUI_1.1.11\atpLib\Scenarios\Scenario.cs:178) [INFO] - Running scenario "Get Momentery Status" - with timeout of: 10 seconds.
2018-06-13 14:15:24,383 [13] atpLib.Scenarios.SingleMessageSingleDeviceScenario.internalRun(C:\BA\Software_projects\PIC\1510\8.5.18_ver_1_f\BA1510_GUI_1.1.11\atpLib\Scenarios\SingleMessageSingleDeviceScenario.cs:27) [INFO] - sending a message of type: GetMomenteryStatusMessage
2018-06-13 14:15:24,387 [13] atpLib.Devices.RFC1662BinarySerialDevice.sendMsg(C:\BA\Software_projects\PIC\1510\8.5.18_ver_1_f\BA1510_GUI_1.1.11\atpLib\Devices\RFC1662Device\RFC1662BinarySerialDevice.cs:107) [INFO] - sending 9
2018-06-13 14:15:24,392 [13] atpLib.Devices.RFC1662BinarySerialDevice.receiveAnswer(C:\BA\Software_projects\PIC\1510\8.5.18_ver_1_f\BA1510_GUI_1.1.11\atpLib\Devices\RFC1662Device\RFC1662BinarySerialDevice.cs:86) [INFO] - got answer of type: 89
2018-06-13 14:15:24,397 [16] atpLib.Scenarios.Scenario.runTask(C:\BA\Software_projects\PIC\1510\8.5.18_ver_1_f\BA1510_GUI_1.1.11\atpLib\Scenarios\Scenario.cs:221) [INFO] - Scenario passed.
2018-06-13 14:15:24,560 [11] atpLib.Scenarios.Scenario.runTask(C:\BA\Software_projects\PIC\1510\8.5.18_ver_1_f\BA1510_GUI_1.1.11\atpLib\Scenarios\Scenario.cs:178) [INFO] - Running scenario "Get Momentery Status" - with timeout of: 10 seconds.
2018-06-13 14:15:24,563 [13] atpLib.Scenarios.SingleMessageSingleDeviceScenario.internalRun(C:\BA\Software_projects\PIC\1510\8.5.18_ver_1_f\BA1510_GUI_1.1.11\atpLib\Scenarios\SingleMessageSingleDeviceScenario.cs:27) [INFO] - sending a message of type: GetMomenteryStatusMessage
2018-06-13 14:15:24,566 [13] atpLib.Devices.RFC1662BinarySerialDevice.sendMsg(C:\BA\Software_projects\PIC\1510\8.5.18_ver_1_f\BA1510_GUI_1.1.11\atpLib\Devices\RFC1662Device\RFC1662BinarySerialDevice.cs:107) [INFO] - sending 9
2018-06-13 14:15:24,571 [13] atpLib.Devices.RFC1662BinarySerialDevice.receiveAnswer(C:\BA\Software_projects\PIC\1510\8.5.18_ver_1_f\BA1510_GUI_1.1.11\atpLib\Devices\RFC1662Device\RFC1662BinarySerialDevice.cs:86) [INFO] - got answer of type: 89
2018-06-13 14:15:24,576 [11] atpLib.Scenarios.Scenario.runTask(C:\BA\Software_projects\PIC\1510\8.5.18_ver_1_f\BA1510_GUI_1.1.11\atpLib\Scenarios\Scenario.cs:221) [INFO] - Scenario passed.
2018-06-13 14:15:24,782 [16] atpLib.Scenarios.Scenario.runTask(C:\BA\Software_projects\PIC\1510\8.5.18_ver_1_f\BA1510_GUI_1.1.11\atpLib\Scenarios\Scenario.cs:178) [INFO] - Running scenario "Get Momentery Status" - with timeout of: 10 seconds.
2018-06-13 14:15:24,786 [18] atpLib.Scenarios.SingleMessageSingleDeviceScenario.internalRun(C:\BA\Software_projects\PIC\1510\8.5.18_ver_1_f\BA1510_GUI_1.1.11\atpLib\Scenarios\SingleMessageSingleDeviceScenario.cs:27) [INFO] - sending a message of type: GetMomenteryStatusMessage
2018-06-13 14:15:24,789 [18] atpLib.Devices.RFC1662BinarySerialDevice.sendMsg(C:\BA\Software_projects\PIC\1510\8.5.18_ver_1_f\BA1510_GUI_1.1.11\atpLib\Devices\RFC1662Device\RFC1662BinarySerialDevice.cs:107) [INFO] - sending 9
2018-06-13 14:15:24,793 [18] atpLib.Devices.RFC1662BinarySerialDevice.receiveAnswer(C:\BA\Software_projects\PIC\1510\8.5.18_ver_1_f\BA1510_GUI_1.1.11\atpLib\Devices\RFC1662Device\RFC1662BinarySerialDevice.cs:86) [INFO] - got answer of type: 89
2018-06-13 14:15:24,798 [16] atpLib.Scenarios.Scenario.runTask(C:\BA\Software_projects\PIC\1510\8.5.18_ver_1_f\BA1510_GUI_1.1.11\atpLib\Scenarios\Scenario.cs:221) [INFO] - Scenario passed.
2018-06-13 14:15:24,942 [13] atpLib.Scenarios.Scenario.runTask(C:\BA\Software_projects\PIC\1510\8.5.18_ver_1_f\BA1510_GUI_1.1.11\atpLib\Scenarios\Scenario.cs:178) [INFO] - Running scenario "Get Momentery Status" - with timeout of: 10 seconds.
2018-06-13 14:15:24,946 [18] atpLib.Scenarios.SingleMessageSingleDeviceScenario.internalRun(C:\BA\Software_projects\PIC\1510\8.5.18_ver_1_f\BA1510_GUI_1.1.11\atpLib\Scenarios\SingleMessageSingleDeviceScenario.cs:27) [INFO] - sending a message of type: GetMomenteryStatusMessage
2018-06-13 14:15:24,951 [18] atpLib.Devices.RFC1662BinarySerialDevice.sendMsg(C:\BA\Software_projects\PIC\1510\8.5.18_ver_1_f\BA1510_GUI_1.1.11\atpLib\Devices\RFC1662Device\RFC1662BinarySerialDevice.cs:107) [INFO] - sending 9
2018-06-13 14:15:24,956 [18] atpLib.Devices.RFC1662BinarySerialDevice.receiveAnswer(C:\BA\Software_projects\PIC\1510\8.5.18_ver_1_f\BA1510_GUI_1.1.11\atpLib\Devices\RFC1662Device\RFC1662BinarySerialDevice.cs:86) [INFO] - got answer of type: 89
2018-06-13 14:15:24,961 [13] atpLib.Scenarios.Scenario.runTask(C:\BA\Software_projects\PIC\1510\8.5.18_ver_1_f\BA1510_GUI_1.1.11\atpLib\Scenarios\Scenario.cs:221) [INFO] - Scenario passed.
2018-06-13 14:15:25,132 [18] atpLib.Scenarios.Scenario.runTask(C:\BA\Software_projects\PIC\1510\8.5.18_ver_1_f\BA1510_GUI_1.1.11\atpLib\Scenarios\Scenario.cs:178) [INFO] - Running scenario "Get Momentery Status" - with timeout of: 10 seconds.
2018-06-13 14:15:25,136 [10] atpLib.Scenarios.SingleMessageSingleDeviceScenario.internalRun(C:\BA\Software_projects\PIC\1510\8.5.18_ver_1_f\BA1510_GUI_1.1.11\atpLib\Scenarios\SingleMessageSingleDeviceScenario.cs:27) [INFO] - sending a message of type: GetMomenteryStatusMessage
2018-06-13 14:15:25,139 [10] atpLib.Devices.RFC1662BinarySerialDevice.sendMsg(C:\BA\Software_projects\PIC\1510\8.5.18_ver_1_f\BA1510_GUI_1.1.11\atpLib\Devices\RFC1662Device\RFC1662BinarySerialDevice.cs:107) [INFO] - sending 9
2018-06-13 14:15:25,145 [10] atpLib.Devices.RFC1662BinarySerialDevice.receiveAnswer(C:\BA\Software_projects\PIC\1510\8.5.18_ver_1_f\BA1510_GUI_1.1.11\atpLib\Devices\RFC1662Device\RFC1662BinarySerialDevice.cs:86) [INFO] - got answer of type: 89
2018-06-13 14:15:25,150 [18] atpLib.Scenarios.Scenario.runTask(C:\BA\Software_projects\PIC\1510\8.5.18_ver_1_f\BA1510_GUI_1.1.11\atpLib\Scenarios\Scenario.cs:221) [INFO] - Scenario passed.
2018-06-13 14:15:25,318 [11] atpLib.Scenarios.Scenario.runTask(C:\BA\Software_projects\PIC\1510\8.5.18_ver_1_f\BA1510_GUI_1.1.11\atpLib\Scenarios\Scenario.cs:178) [INFO] - Running scenario "Get Momentery Status" - with timeout of: 10 seconds.
2018-06-13 14:15:25,322 [10] atpLib.Scenarios.SingleMessageSingleDeviceScenario.internalRun(C:\BA\Software_projects\PIC\1510\8.5.18_ver_1_f\BA1510_GUI_1.1.11\atpLib\Scenarios\SingleMessageSingleDeviceScenario.cs:27) [INFO] - sending a message of type: GetMomenteryStatusMessage
2018-06-13 14:15:25,326 [10] atpLib.Devices.RFC1662BinarySerialDevice.sendMsg(C:\BA\Software_projects\PIC\1510\8.5.18_ver_1_f\BA1510_GUI_1.1.11\atpLib\Devices\RFC1662Device\RFC1662BinarySerialDevice.cs:107) [INFO] - sending 9
2018-06-13 14:15:25,332 [10] atpLib.Devices.RFC1662BinarySerialDevice.receiveAnswer(C:\BA\Software_projects\PIC\1510\8.5.18_ver_1_f\BA1510_GUI_1.1.11\atpLib\Devices\RFC1662Device\RFC1662BinarySerialDevice.cs:86) [INFO] - got answer of type: 89
2018-06-13 14:15:25,336 [11] atpLib.Scenarios.Scenario.runTask(C:\BA\Software_projects\PIC\1510\8.5.18_ver_1_f\BA1510_GUI_1.1.11\atpLib\Scenarios\Scenario.cs:221) [INFO] - Scenario passed.
2018-06-13 14:17:26,386 [8] atpLib.Scenarios.Scenario.runTask(C:\BA\Software_projects\PIC\1510\8.5.18_ver_1_f\BA1510_GUI_1.1.11\atpLib\Scenarios\Scenario.cs:178) [INFO] - Running scenario "Change Mode" - with timeout of: 10 seconds.
2018-06-13 14:17:26,391 [19] atpLib.Scenarios.SingleMessageSingleDeviceScenario.internalRun(C:\BA\Software_projects\PIC\1510\8.5.18_ver_1_f\BA1510_GUI_1.1.11\atpLib\Scenarios\SingleMessageSingleDeviceScenario.cs:27) [INFO] - sending a message of type: ChangeModeMessage
2018-06-13 14:17:26,396 [19] atpLib.Devices.RFC1662BinarySerialDevice.sendMsg(C:\BA\Software_projects\PIC\1510\8.5.18_ver_1_f\BA1510_GUI_1.1.11\atpLib\Devices\RFC1662Device\RFC1662BinarySerialDevice.cs:107) [INFO] - sending 3
2018-06-13 14:17:26,405 [19] atpLib.Devices.RFC1662BinarySerialDevice.receiveAnswer(C:\BA\Software_projects\PIC\1510\8.5.18_ver_1_f\BA1510_GUI_1.1.11\atpLib\Devices\RFC1662Device\RFC1662BinarySerialDevice.cs:86) [INFO] - got answer of type: 80
2018-06-13 14:17:26,409 [8] atpLib.Scenarios.Scenario.runTask(C:\BA\Software_projects\PIC\1510\8.5.18_ver_1_f\BA1510_GUI_1.1.11\atpLib\Scenarios\Scenario.cs:221) [INFO] - Scenario passed.
2018-06-13 14:17:35,321 [8] atpLib.Scenarios.Scenario.runTask(C:\BA\Software_projects\PIC\1510\8.5.18_ver_1_f\BA1510_GUI_1.1.11\atpLib\Scenarios\Scenario.cs:178) [INFO] - Running scenario "Set General Calibration Data" - with timeout of: 10 seconds.
2018-06-13 14:17:35,325 [20] atpLib.Scenarios.SingleMessageSingleDeviceScenario.internalRun(C:\BA\Software_projects\PIC\1510\8.5.18_ver_1_f\BA1510_GUI_1.1.11\atpLib\Scenarios\SingleMessageSingleDeviceScenario.cs:27) [INFO] - sending a message of type: SetCalibrationTableMessage
2018-06-13 14:17:35,330 [20] atpLib.Devices.RFC1662BinarySerialDevice.sendMsg(C:\BA\Software_projects\PIC\1510\8.5.18_ver_1_f\BA1510_GUI_1.1.11\atpLib\Devices\RFC1662Device\RFC1662BinarySerialDevice.cs:107) [INFO] - sending 4
2018-06-13 14:17:35,343 [20] atpLib.Devices.RFC1662BinarySerialDevice.receiveAnswer(C:\BA\Software_projects\PIC\1510\8.5.18_ver_1_f\BA1510_GUI_1.1.11\atpLib\Devices\RFC1662Device\RFC1662BinarySerialDevice.cs:86) [INFO] - got answer of type: 80
2018-06-13 14:17:35,348 [8] atpLib.Scenarios.Scenario.runTask(C:\BA\Software_projects\PIC\1510\8.5.18_ver_1_f\BA1510_GUI_1.1.11\atpLib\Scenarios\Scenario.cs:221) [INFO] - Scenario passed.
2018-06-13 14:17:35,354 [1] mfe_gui.frmMain.btnSetGeneralCalib_Click(C:\BA\Software_projects\PIC\1510\8.5.18_ver_1_f\BA1510_GUI_1.1.11\MFE_gui\frmMain.cs:493) [INFO] - got an ack response opcode: 128
2018-06-13 14:17:36,201 [19] atpLib.Scenarios.Scenario.runTask(C:\BA\Software_projects\PIC\1510\8.5.18_ver_1_f\BA1510_GUI_1.1.11\atpLib\Scenarios\Scenario.cs:178) [INFO] - Running scenario "Set General Calibration Data" - with timeout of: 10 seconds.
2018-06-13 14:17:36,204 [8] atpLib.Scenarios.SingleMessageSingleDeviceScenario.internalRun(C:\BA\Software_projects\PIC\1510\8.5.18_ver_1_f\BA1510_GUI_1.1.11\atpLib\Scenarios\SingleMessageSingleDeviceScenario.cs:27) [INFO] - sending a message of type: SetCalibrationTableMessage
2018-06-13 14:17:36,207 [8] atpLib.Devices.RFC1662BinarySerialDevice.sendMsg(C:\BA\Software_projects\PIC\1510\8.5.18_ver_1_f\BA1510_GUI_1.1.11\atpLib\Devices\RFC1662Device\RFC1662BinarySerialDevice.cs:107) [INFO] - sending 4
2018-06-13 14:17:36,216 [8] atpLib.Devices.RFC1662BinarySerialDevice.receiveAnswer(C:\BA\Software_projects\PIC\1510\8.5.18_ver_1_f\BA1510_GUI_1.1.11\atpLib\Devices\RFC1662Device\RFC1662BinarySerialDevice.cs:86) [INFO] - got answer of type: 80
2018-06-13 14:17:36,221 [19] atpLib.Scenarios.Scenario.runTask(C:\BA\Software_projects\PIC\1510\8.5.18_ver_1_f\BA1510_GUI_1.1.11\atpLib\Scenarios\Scenario.cs:221) [INFO] - Scenario passed.
2018-06-13 14:17:36,226 [1] mfe_gui.frmMain.btnSetGeneralCalib_Click(C:\BA\Software_projects\PIC\1510\8.5.18_ver_1_f\BA1510_GUI_1.1.11\MFE_gui\frmMain.cs:493) [INFO] - got an ack response opcode: 128
2018-06-13 14:17:37,668 [8] atpLib.Scenarios.Scenario.runTask(C:\BA\Software_projects\PIC\1510\8.5.18_ver_1_f\BA1510_GUI_1.1.11\atpLib\Scenarios\Scenario.cs:178) [INFO] - Running scenario "Get Momentery Status" - with timeout of: 10 seconds.
2018-06-13 14:17:37,673 [20] atpLib.Scenarios.SingleMessageSingleDeviceScenario.internalRun(C:\BA\Software_projects\PIC\1510\8.5.18_ver_1_f\BA1510_GUI_1.1.11\atpLib\Scenarios\SingleMessageSingleDeviceScenario.cs:27) [INFO] - sending a message of type: GetMomenteryStatusMessage
2018-06-13 14:17:37,676 [20] atpLib.Devices.RFC1662BinarySerialDevice.sendMsg(C:\BA\Software_projects\PIC\1510\8.5.18_ver_1_f\BA1510_GUI_1.1.11\atpLib\Devices\RFC1662Device\RFC1662BinarySerialDevice.cs:107) [INFO] - sending 9
2018-06-13 14:17:37,681 [20] atpLib.Devices.RFC1662BinarySerialDevice.receiveAnswer(C:\BA\Software_projects\PIC\1510\8.5.18_ver_1_f\BA1510_GUI_1.1.11\atpLib\Devices\RFC1662Device\RFC1662BinarySerialDevice.cs:86) [INFO] - got answer of type: 89
2018-06-13 14:17:37,685 [8] atpLib.Scenarios.Scenario.runTask(C:\BA\Software_projects\PIC\1510\8.5.18_ver_1_f\BA1510_GUI_1.1.11\atpLib\Scenarios\Scenario.cs:221) [INFO] - Scenario passed.
2018-06-13 14:17:38,217 [23] atpLib.Scenarios.Scenario.runTask(C:\BA\Software_projects\PIC\1510\8.5.18_ver_1_f\BA1510_GUI_1.1.11\atpLib\Scenarios\Scenario.cs:178) [INFO] - Running scenario "Get Momentery Status" - with timeout of: 10 seconds.
2018-06-13 14:17:38,220 [20] atpLib.Scenarios.SingleMessageSingleDeviceScenario.internalRun(C:\BA\Software_projects\PIC\1510\8.5.18_ver_1_f\BA1510_GUI_1.1.11\atpLib\Scenarios\SingleMessageSingleDeviceScenario.cs:27) [INFO] - sending a message of type: GetMomenteryStatusMessage
2018-06-13 14:17:38,223 [20] atpLib.Devices.RFC1662BinarySerialDevice.sendMsg(C:\BA\Software_projects\PIC\1510\8.5.18_ver_1_f\BA1510_GUI_1.1.11\atpLib\Devices\RFC1662Device\RFC1662BinarySerialDevice.cs:107) [INFO] - sending 9
2018-06-13 14:17:38,228 [20] atpLib.Devices.RFC1662BinarySerialDevice.receiveAnswer(C:\BA\Software_projects\PIC\1510\8.5.18_ver_1_f\BA1510_GUI_1.1.11\atpLib\Devices\RFC1662Device\RFC1662BinarySerialDevice.cs:86) [INFO] - got answer of type: 89
2018-06-13 14:17:38,232 [23] atpLib.Scenarios.Scenario.runTask(C:\BA\Software_projects\PIC\1510\8.5.18_ver_1_f\BA1510_GUI_1.1.11\atpLib\Scenarios\Scenario.cs:221) [INFO] - Scenario passed.
2018-06-13 14:17:38,502 [20] atpLib.Scenarios.Scenario.runTask(C:\BA\Software_projects\PIC\1510\8.5.18_ver_1_f\BA1510_GUI_1.1.11\atpLib\Scenarios\Scenario.cs:178) [INFO] - Running scenario "Get Momentery Status" - with timeout of: 10 seconds.
2018-06-13 14:17:38,506 [19] atpLib.Scenarios.SingleMessageSingleDeviceScenario.internalRun(C:\BA\Software_projects\PIC\1510\8.5.18_ver_1_f\BA1510_GUI_1.1.11\atpLib\Scenarios\SingleMessageSingleDeviceScenario.cs:27) [INFO] - sending a message of type: GetMomenteryStatusMessage
2018-06-13 14:17:38,508 [19] atpLib.Devices.RFC1662BinarySerialDevice.sendMsg(C:\BA\Software_projects\PIC\1510\8.5.18_ver_1_f\BA1510_GUI_1.1.11\atpLib\Devices\RFC1662Device\RFC1662BinarySerialDevice.cs:107) [INFO] - sending 9
2018-06-13 14:17:38,513 [19] atpLib.Devices.RFC1662BinarySerialDevice.receiveAnswer(C:\BA\Software_projects\PIC\1510\8.5.18_ver_1_f\BA1510_GUI_1.1.11\atpLib\Devices\RFC1662Device\RFC1662BinarySerialDevice.cs:86) [INFO] - got answer of type: 89
2018-06-13 14:17:38,516 [20] atpLib.Scenarios.Scenario.runTask(C:\BA\Software_projects\PIC\1510\8.5.18_ver_1_f\BA1510_GUI_1.1.11\atpLib\Scenarios\Scenario.cs:221) [INFO] - Scenario passed.
2018-06-13 14:17:38,899 [23] atpLib.Scenarios.Scenario.runTask(C:\BA\Software_projects\PIC\1510\8.5.18_ver_1_f\BA1510_GUI_1.1.11\atpLib\Scenarios\Scenario.cs:178) [INFO] - Running scenario "Get Momentery Status" - with timeout of: 10 seconds.
2018-06-13 14:17:38,902 [8] atpLib.Scenarios.SingleMessageSingleDeviceScenario.internalRun(C:\BA\Software_projects\PIC\1510\8.5.18_ver_1_f\BA1510_GUI_1.1.11\atpLib\Scenarios\SingleMessageSingleDeviceScenario.cs:27) [INFO] - sending a message of type: GetMomenteryStatusMessage
2018-06-13 14:17:38,905 [8] atpLib.Devices.RFC1662BinarySerialDevice.sendMsg(C:\BA\Software_projects\PIC\1510\8.5.18_ver_1_f\BA1510_GUI_1.1.11\atpLib\Devices\RFC1662Device\RFC1662BinarySerialDevice.cs:107) [INFO] - sending 9
2018-06-13 14:17:38,912 [8] atpLib.Devices.RFC1662BinarySerialDevice.receiveAnswer(C:\BA\Software_projects\PIC\1510\8.5.18_ver_1_f\BA1510_GUI_1.1.11\atpLib\Devices\RFC1662Device\RFC1662BinarySerialDevice.cs:86) [INFO] - got answer of type: 89
2018-06-13 14:17:38,916 [23] atpLib.Scenarios.Scenario.runTask(C:\BA\Software_projects\PIC\1510\8.5.18_ver_1_f\BA1510_GUI_1.1.11\atpLib\Scenarios\Scenario.cs:221) [INFO] - Scenario passed.
2018-06-13 14:17:39,113 [19] atpLib.Scenarios.Scenario.runTask(C:\BA\Software_projects\PIC\1510\8.5.18_ver_1_f\BA1510_GUI_1.1.11\atpLib\Scenarios\Scenario.cs:178) [INFO] - Running scenario "Get Momentery Status" - with timeout of: 10 seconds.
2018-06-13 14:17:39,117 [23] atpLib.Scenarios.SingleMessageSingleDeviceScenario.internalRun(C:\BA\Software_projects\PIC\1510\8.5.18_ver_1_f\BA1510_GUI_1.1.11\atpLib\Scenarios\SingleMessageSingleDeviceScenario.cs:27) [INFO] - sending a message of type: GetMomenteryStatusMessage
2018-06-13 14:17:39,121 [23] atpLib.Devices.RFC1662BinarySerialDevice.sendMsg(C:\BA\Software_projects\PIC\1510\8.5.18_ver_1_f\BA1510_GUI_1.1.11\atpLib\Devices\RFC1662Device\RFC1662BinarySerialDevice.cs:107) [INFO] - sending 9
2018-06-13 14:17:39,127 [23] atpLib.Devices.RFC1662BinarySerialDevice.receiveAnswer(C:\BA\Software_projects\PIC\1510\8.5.18_ver_1_f\BA1510_GUI_1.1.11\atpLib\Devices\RFC1662Device\RFC1662BinarySerialDevice.cs:86) [INFO] - got answer of type: 89
2018-06-13 14:17:39,131 [19] atpLib.Scenarios.Scenario.runTask(C:\BA\Software_projects\PIC\1510\8.5.18_ver_1_f\BA1510_GUI_1.1.11\atpLib\Scenarios\Scenario.cs:221) [INFO] - Scenario passed.
2018-06-13 14:17:39,288 [23] atpLib.Scenarios.Scenario.runTask(C:\BA\Software_projects\PIC\1510\8.5.18_ver_1_f\BA1510_GUI_1.1.11\atpLib\Scenarios\Scenario.cs:178) [INFO] - Running scenario "Get Momentery Status" - with timeout of: 10 seconds.
2018-06-13 14:17:39,292 [19] atpLib.Scenarios.SingleMessageSingleDeviceScenario.internalRun(C:\BA\Software_projects\PIC\1510\8.5.18_ver_1_f\BA1510_GUI_1.1.11\atpLib\Scenarios\SingleMessageSingleDeviceScenario.cs:27) [INFO] - sending a message of type: GetMomenteryStatusMessage
2018-06-13 14:17:39,295 [19] atpLib.Devices.RFC1662BinarySerialDevice.sendMsg(C:\BA\Software_projects\PIC\1510\8.5.18_ver_1_f\BA1510_GUI_1.1.11\atpLib\Devices\RFC1662Device\RFC1662BinarySerialDevice.cs:107) [INFO] - sending 9
2018-06-13 14:17:39,301 [19] atpLib.Devices.RFC1662BinarySerialDevice.receiveAnswer(C:\BA\Software_projects\PIC\1510\8.5.18_ver_1_f\BA1510_GUI_1.1.11\atpLib\Devices\RFC1662Device\RFC1662BinarySerialDevice.cs:86) [INFO] - got answer of type: 89
2018-06-13 14:17:39,304 [23] atpLib.Scenarios.Scenario.runTask(C:\BA\Software_projects\PIC\1510\8.5.18_ver_1_f\BA1510_GUI_1.1.11\atpLib\Scenarios\Scenario.cs:221) [INFO] - Scenario passed.
2018-06-13 14:17:39,491 [8] atpLib.Scenarios.Scenario.runTask(C:\BA\Software_projects\PIC\1510\8.5.18_ver_1_f\BA1510_GUI_1.1.11\atpLib\Scenarios\Scenario.cs:178) [INFO] - Running scenario "Get Momentery Status" - with timeout of: 10 seconds.
2018-06-13 14:17:39,495 [23] atpLib.Scenarios.SingleMessageSingleDeviceScenario.internalRun(C:\BA\Software_projects\PIC\1510\8.5.18_ver_1_f\BA1510_GUI_1.1.11\atpLib\Scenarios\SingleMessageSingleDeviceScenario.cs:27) [INFO] - sending a message of type: GetMomenteryStatusMessage
2018-06-13 14:17:39,498 [23] atpLib.Devices.RFC1662BinarySerialDevice.sendMsg(C:\BA\Software_projects\PIC\1510\8.5.18_ver_1_f\BA1510_GUI_1.1.11\atpLib\Devices\RFC1662Device\RFC1662BinarySerialDevice.cs:107) [INFO] - sending 9
2018-06-13 14:17:39,503 [23] atpLib.Devices.RFC1662BinarySerialDevice.receiveAnswer(C:\BA\Software_projects\PIC\1510\8.5.18_ver_1_f\BA1510_GUI_1.1.11\atpLib\Devices\RFC1662Device\RFC1662BinarySerialDevice.cs:86) [INFO] - got answer of type: 89
2018-06-13 14:17:39,507 [8] atpLib.Scenarios.Scenario.runTask(C:\BA\Software_projects\PIC\1510\8.5.18_ver_1_f\BA1510_GUI_1.1.11\atpLib\Scenarios\Scenario.cs:221) [INFO] - Scenario passed.
2018-06-13 14:17:39,679 [20] atpLib.Scenarios.Scenario.runTask(C:\BA\Software_projects\PIC\1510\8.5.18_ver_1_f\BA1510_GUI_1.1.11\atpLib\Scenarios\Scenario.cs:178) [INFO] - Running scenario "Get Momentery Status" - with timeout of: 10 seconds.
2018-06-13 14:17:39,683 [23] atpLib.Scenarios.SingleMessageSingleDeviceScenario.internalRun(C:\BA\Software_projects\PIC\1510\8.5.18_ver_1_f\BA1510_GUI_1.1.11\atpLib\Scenarios\SingleMessageSingleDeviceScenario.cs:27) [INFO] - sending a message of type: GetMomenteryStatusMessage
2018-06-13 14:17:39,687 [23] atpLib.Devices.RFC1662BinarySerialDevice.sendMsg(C:\BA\Software_projects\PIC\1510\8.5.18_ver_1_f\BA1510_GUI_1.1.11\atpLib\Devices\RFC1662Device\RFC1662BinarySerialDevice.cs:107) [INFO] - sending 9
2018-06-13 14:17:39,693 [23] atpLib.Devices.RFC1662BinarySerialDevice.receiveAnswer(C:\BA\Software_projects\PIC\1510\8.5.18_ver_1_f\BA1510_GUI_1.1.11\atpLib\Devices\RFC1662Device\RFC1662BinarySerialDevice.cs:86) [INFO] - got answer of type: 89
2018-06-13 14:17:39,697 [20] atpLib.Scenarios.Scenario.runTask(C:\BA\Software_projects\PIC\1510\8.5.18_ver_1_f\BA1510_GUI_1.1.11\atpLib\Scenarios\Scenario.cs:221) [INFO] - Scenario passed.
2018-06-13 14:17:39,879 [8] atpLib.Scenarios.Scenario.runTask(C:\BA\Software_projects\PIC\1510\8.5.18_ver_1_f\BA1510_GUI_1.1.11\atpLib\Scenarios\Scenario.cs:178) [INFO] - Running scenario "Get Momentery Status" - with timeout of: 10 seconds.
2018-06-13 14:17:39,883 [19] atpLib.Scenarios.SingleMessageSingleDeviceScenario.internalRun(C:\BA\Software_projects\PIC\1510\8.5.18_ver_1_f\BA1510_GUI_1.1.11\atpLib\Scenarios\SingleMessageSingleDeviceScenario.cs:27) [INFO] - sending a message of type: GetMomenteryStatusMessage
2018-06-13 14:17:39,886 [19] atpLib.Devices.RFC1662BinarySerialDevice.sendMsg(C:\BA\Software_projects\PIC\1510\8.5.18_ver_1_f\BA1510_GUI_1.1.11\atpLib\Devices\RFC1662Device\RFC1662BinarySerialDevice.cs:107) [INFO] - sending 9
2018-06-13 14:17:39,891 [19] atpLib.Devices.RFC1662BinarySerialDevice.receiveAnswer(C:\BA\Software_projects\PIC\1510\8.5.18_ver_1_f\BA1510_GUI_1.1.11\atpLib\Devices\RFC1662Device\RFC1662BinarySerialDevice.cs:86) [INFO] - got answer of type: 89
2018-06-13 14:17:39,896 [8] atpLib.Scenarios.Scenario.runTask(C:\BA\Software_projects\PIC\1510\8.5.18_ver_1_f\BA1510_GUI_1.1.11\atpLib\Scenarios\Scenario.cs:221) [INFO] - Scenario passed.
2018-06-13 14:17:40,087 [23] atpLib.Scenarios.Scenario.runTask(C:\BA\Software_projects\PIC\1510\8.5.18_ver_1_f\BA1510_GUI_1.1.11\atpLib\Scenarios\Scenario.cs:178) [INFO] - Running scenario "Get Momentery Status" - with timeout of: 10 seconds.
2018-06-13 14:17:40,090 [19] atpLib.Scenarios.SingleMessageSingleDeviceScenario.internalRun(C:\BA\Software_projects\PIC\1510\8.5.18_ver_1_f\BA1510_GUI_1.1.11\atpLib\Scenarios\SingleMessageSingleDeviceScenario.cs:27) [INFO] - sending a message of type: GetMomenteryStatusMessage
2018-06-13 14:17:40,093 [19] atpLib.Devices.RFC1662BinarySerialDevice.sendMsg(C:\BA\Software_projects\PIC\1510\8.5.18_ver_1_f\BA1510_GUI_1.1.11\atpLib\Devices\RFC1662Device\RFC1662BinarySerialDevice.cs:107) [INFO] - sending 9
2018-06-13 14:17:40,098 [19] atpLib.Devices.RFC1662BinarySerialDevice.receiveAnswer(C:\BA\Software_projects\PIC\1510\8.5.18_ver_1_f\BA1510_GUI_1.1.11\atpLib\Devices\RFC1662Device\RFC1662BinarySerialDevice.cs:86) [INFO] - got answer of type: 89
2018-06-13 14:17:40,101 [23] atpLib.Scenarios.Scenario.runTask(C:\BA\Software_projects\PIC\1510\8.5.18_ver_1_f\BA1510_GUI_1.1.11\atpLib\Scenarios\Scenario.cs:221) [INFO] - Scenario passed.
2018-06-13 14:17:40,279 [8] atpLib.Scenarios.Scenario.runTask(C:\BA\Software_projects\PIC\1510\8.5.18_ver_1_f\BA1510_GUI_1.1.11\atpLib\Scenarios\Scenario.cs:178) [INFO] - Running scenario "Get Momentery Status" - with timeout of: 10 seconds.
2018-06-13 14:17:40,282 [19] atpLib.Scenarios.SingleMessageSingleDeviceScenario.internalRun(C:\BA\Software_projects\PIC\1510\8.5.18_ver_1_f\BA1510_GUI_1.1.11\atpLib\Scenarios\SingleMessageSingleDeviceScenario.cs:27) [INFO] - sending a message of type: GetMomenteryStatusMessage
2018-06-13 14:17:40,285 [19] atpLib.Devices.RFC1662BinarySerialDevice.sendMsg(C:\BA\Software_projects\PIC\1510\8.5.18_ver_1_f\BA1510_GUI_1.1.11\atpLib\Devices\RFC1662Device\RFC1662BinarySerialDevice.cs:107) [INFO] - sending 9
2018-06-13 14:17:40,290 [19] atpLib.Devices.RFC1662BinarySerialDevice.receiveAnswer(C:\BA\Software_projects\PIC\1510\8.5.18_ver_1_f\BA1510_GUI_1.1.11\atpLib\Devices\RFC1662Device\RFC1662BinarySerialDevice.cs:86) [INFO] - got answer of type: 89
2018-06-13 14:17:40,294 [8] atpLib.Scenarios.Scenario.runTask(C:\BA\Software_projects\PIC\1510\8.5.18_ver_1_f\BA1510_GUI_1.1.11\atpLib\Scenarios\Scenario.cs:221) [INFO] - Scenario passed.
2018-06-13 14:17:45,061 [8] atpLib.Scenarios.Scenario.runTask(C:\BA\Software_projects\PIC\1510\8.5.18_ver_1_f\BA1510_GUI_1.1.11\atpLib\Scenarios\Scenario.cs:178) [INFO] - Running scenario "Set General Calibration Data" - with timeout of: 10 seconds.
2018-06-13 14:17:45,065 [20] atpLib.Scenarios.SingleMessageSingleDeviceScenario.internalRun(C:\BA\Software_projects\PIC\1510\8.5.18_ver_1_f\BA1510_GUI_1.1.11\atpLib\Scenarios\SingleMessageSingleDeviceScenario.cs:27) [INFO] - sending a message of type: SetCalibrationTableMessage
2018-06-13 14:17:45,068 [20] atpLib.Devices.RFC1662BinarySerialDevice.sendMsg(C:\BA\Software_projects\PIC\1510\8.5.18_ver_1_f\BA1510_GUI_1.1.11\atpLib\Devices\RFC1662Device\RFC1662BinarySerialDevice.cs:107) [INFO] - sending 4
2018-06-13 14:17:45,078 [20] atpLib.Devices.RFC1662BinarySerialDevice.receiveAnswer(C:\BA\Software_projects\PIC\1510\8.5.18_ver_1_f\BA1510_GUI_1.1.11\atpLib\Devices\RFC1662Device\RFC1662BinarySerialDevice.cs:86) [INFO] - got answer of type: 80
2018-06-13 14:17:45,082 [8] atpLib.Scenarios.Scenario.runTask(C:\BA\Software_projects\PIC\1510\8.5.18_ver_1_f\BA1510_GUI_1.1.11\atpLib\Scenarios\Scenario.cs:221) [INFO] - Scenario passed.
2018-06-13 14:17:45,086 [1] mfe_gui.frmMain.btnSetGeneralCalib_Click(C:\BA\Software_projects\PIC\1510\8.5.18_ver_1_f\BA1510_GUI_1.1.11\MFE_gui\frmMain.cs:493) [INFO] - got an ack response opcode: 128
2018-06-13 14:17:46,327 [19] atpLib.Scenarios.Scenario.runTask(C:\BA\Software_projects\PIC\1510\8.5.18_ver_1_f\BA1510_GUI_1.1.11\atpLib\Scenarios\Scenario.cs:178) [INFO] - Running scenario "Set General Calibration Data" - with timeout of: 10 seconds.
2018-06-13 14:17:46,331 [8] atpLib.Scenarios.SingleMessageSingleDeviceScenario.internalRun(C:\BA\Software_projects\PIC\1510\8.5.18_ver_1_f\BA1510_GUI_1.1.11\atpLib\Scenarios\SingleMessageSingleDeviceScenario.cs:27) [INFO] - sending a message of type: SetCalibrationTableMessage
2018-06-13 14:17:46,335 [8] atpLib.Devices.RFC1662BinarySerialDevice.sendMsg(C:\BA\Software_projects\PIC\1510\8.5.18_ver_1_f\BA1510_GUI_1.1.11\atpLib\Devices\RFC1662Device\RFC1662BinarySerialDevice.cs:107) [INFO] - sending 4
2018-06-13 14:17:46,344 [8] atpLib.Devices.RFC1662BinarySerialDevice.receiveAnswer(C:\BA\Software_projects\PIC\1510\8.5.18_ver_1_f\BA1510_GUI_1.1.11\atpLib\Devices\RFC1662Device\RFC1662BinarySerialDevice.cs:86) [INFO] - got answer of type: 80
2018-06-13 14:17:46,348 [19] atpLib.Scenarios.Scenario.runTask(C:\BA\Software_projects\PIC\1510\8.5.18_ver_1_f\BA1510_GUI_1.1.11\atpLib\Scenarios\Scenario.cs:221) [INFO] - Scenario passed.
2018-06-13 14:17:46,353 [1] mfe_gui.frmMain.btnSetGeneralCalib_Click(C:\BA\Software_projects\PIC\1510\8.5.18_ver_1_f\BA1510_GUI_1.1.11\MFE_gui\frmMain.cs:493) [INFO] - got an ack response opcode: 128
2018-06-13 14:17:47,678 [8] atpLib.Scenarios.Scenario.runTask(C:\BA\Software_projects\PIC\1510\8.5.18_ver_1_f\BA1510_GUI_1.1.11\atpLib\Scenarios\Scenario.cs:178) [INFO] - Running scenario "Get Momentery Status" - with timeout of: 10 seconds.
2018-06-13 14:17:47,681 [20] atpLib.Scenarios.SingleMessageSingleDeviceScenario.internalRun(C:\BA\Software_projects\PIC\1510\8.5.18_ver_1_f\BA1510_GUI_1.1.11\atpLib\Scenarios\SingleMessageSingleDeviceScenario.cs:27) [INFO] - sending a message of type: GetMomenteryStatusMessage
2018-06-13 14:17:47,684 [20] atpLib.Devices.RFC1662BinarySerialDevice.sendMsg(C:\BA\Software_projects\PIC\1510\8.5.18_ver_1_f\BA1510_GUI_1.1.11\atpLib\Devices\RFC1662Device\RFC1662BinarySerialDevice.cs:107) [INFO] - sending 9
2018-06-13 14:17:47,689 [20] atpLib.Devices.RFC1662BinarySerialDevice.receiveAnswer(C:\BA\Software_projects\PIC\1510\8.5.18_ver_1_f\BA1510_GUI_1.1.11\atpLib\Devices\RFC1662Device\RFC1662BinarySerialDevice.cs:86) [INFO] - got answer of type: 89
2018-06-13 14:17:47,693 [8] atpLib.Scenarios.Scenario.runTask(C:\BA\Software_projects\PIC\1510\8.5.18_ver_1_f\BA1510_GUI_1.1.11\atpLib\Scenarios\Scenario.cs:221) [INFO] - Scenario passed.
2018-06-13 14:17:48,124 [20] atpLib.Scenarios.Scenario.runTask(C:\BA\Software_projects\PIC\1510\8.5.18_ver_1_f\BA1510_GUI_1.1.11\atpLib\Scenarios\Scenario.cs:178) [INFO] - Running scenario "Get Momentery Status" - with timeout of: 10 seconds.
2018-06-13 14:17:48,128 [23] atpLib.Scenarios.SingleMessageSingleDeviceScenario.internalRun(C:\BA\Software_projects\PIC\1510\8.5.18_ver_1_f\BA1510_GUI_1.1.11\atpLib\Scenarios\SingleMessageSingleDeviceScenario.cs:27) [INFO] - sending a message of type: GetMomenteryStatusMessage
2018-06-13 14:17:48,131 [23] atpLib.Devices.RFC1662BinarySerialDevice.sendMsg(C:\BA\Software_projects\PIC\1510\8.5.18_ver_1_f\BA1510_GUI_1.1.11\atpLib\Devices\RFC1662Device\RFC1662BinarySerialDevice.cs:107) [INFO] - sending 9
2018-06-13 14:17:48,136 [23] atpLib.Devices.RFC1662BinarySerialDevice.receiveAnswer(C:\BA\Software_projects\PIC\1510\8.5.18_ver_1_f\BA1510_GUI_1.1.11\atpLib\Devices\RFC1662Device\RFC1662BinarySerialDevice.cs:86) [INFO] - got answer of type: 89
2018-06-13 14:17:48,140 [20] atpLib.Scenarios.Scenario.runTask(C:\BA\Software_projects\PIC\1510\8.5.18_ver_1_f\BA1510_GUI_1.1.11\atpLib\Scenarios\Scenario.cs:221) [INFO] - Scenario passed.
2018-06-13 14:17:48,349 [23] atpLib.Scenarios.Scenario.runTask(C:\BA\Software_projects\PIC\1510\8.5.18_ver_1_f\BA1510_GUI_1.1.11\atpLib\Scenarios\Scenario.cs:178) [INFO] - Running scenario "Get Momentery Status" - with timeout of: 10 seconds.
2018-06-13 14:17:48,353 [19] atpLib.Scenarios.SingleMessageSingleDeviceScenario.internalRun(C:\BA\Software_projects\PIC\1510\8.5.18_ver_1_f\BA1510_GUI_1.1.11\atpLib\Scenarios\SingleMessageSingleDeviceScenario.cs:27) [INFO] - sending a message of type: GetMomenteryStatusMessage
2018-06-13 14:17:48,355 [19] atpLib.Devices.RFC1662BinarySerialDevice.sendMsg(C:\BA\Software_projects\PIC\1510\8.5.18_ver_1_f\BA1510_GUI_1.1.11\atpLib\Devices\RFC1662Device\RFC1662BinarySerialDevice.cs:107) [INFO] - sending 9
2018-06-13 14:17:48,359 [19] atpLib.Devices.RFC1662BinarySerialDevice.receiveAnswer(C:\BA\Software_projects\PIC\1510\8.5.18_ver_1_f\BA1510_GUI_1.1.11\atpLib\Devices\RFC1662Device\RFC1662BinarySerialDevice.cs:86) [INFO] - got answer of type: 89
2018-06-13 14:17:48,363 [23] atpLib.Scenarios.Scenario.runTask(C:\BA\Software_projects\PIC\1510\8.5.18_ver_1_f\BA1510_GUI_1.1.11\atpLib\Scenarios\Scenario.cs:221) [INFO] - Scenario passed.
2018-06-13 14:17:48,535 [8] atpLib.Scenarios.Scenario.runTask(C:\BA\Software_projects\PIC\1510\8.5.18_ver_1_f\BA1510_GUI_1.1.11\atpLib\Scenarios\Scenario.cs:178) [INFO] - Running scenario "Get Momentery Status" - with timeout of: 10 seconds.
2018-06-13 14:17:48,539 [20] atpLib.Scenarios.SingleMessageSingleDeviceScenario.internalRun(C:\BA\Software_projects\PIC\1510\8.5.18_ver_1_f\BA1510_GUI_1.1.11\atpLib\Scenarios\SingleMessageSingleDeviceScenario.cs:27) [INFO] - sending a message of type: GetMomenteryStatusMessage
2018-06-13 14:17:48,542 [20] atpLib.Devices.RFC1662BinarySerialDevice.sendMsg(C:\BA\Software_projects\PIC\1510\8.5.18_ver_1_f\BA1510_GUI_1.1.11\atpLib\Devices\RFC1662Device\RFC1662BinarySerialDevice.cs:107) [INFO] - sending 9
2018-06-13 14:17:48,548 [20] atpLib.Devices.RFC1662BinarySerialDevice.receiveAnswer(C:\BA\Software_projects\PIC\1510\8.5.18_ver_1_f\BA1510_GUI_1.1.11\atpLib\Devices\RFC1662Device\RFC1662BinarySerialDevice.cs:86) [INFO] - got answer of type: 89
2018-06-13 14:17:48,551 [8] atpLib.Scenarios.Scenario.runTask(C:\BA\Software_projects\PIC\1510\8.5.18_ver_1_f\BA1510_GUI_1.1.11\atpLib\Scenarios\Scenario.cs:221) [INFO] - Scenario passed.
2018-06-13 14:17:48,729 [20] atpLib.Scenarios.Scenario.runTask(C:\BA\Software_projects\PIC\1510\8.5.18_ver_1_f\BA1510_GUI_1.1.11\atpLib\Scenarios\Scenario.cs:178) [INFO] - Running scenario "Get Momentery Status" - with timeout of: 10 seconds.
2018-06-13 14:17:48,733 [23] atpLib.Scenarios.SingleMessageSingleDeviceScenario.internalRun(C:\BA\Software_projects\PIC\1510\8.5.18_ver_1_f\BA1510_GUI_1.1.11\atpLib\Scenarios\SingleMessageSingleDeviceScenario.cs:27) [INFO] - sending a message of type: GetMomenteryStatusMessage
2018-06-13 14:17:48,737 [23] atpLib.Devices.RFC1662BinarySerialDevice.sendMsg(C:\BA\Software_projects\PIC\1510\8.5.18_ver_1_f\BA1510_GUI_1.1.11\atpLib\Devices\RFC1662Device\RFC1662BinarySerialDevice.cs:107) [INFO] - sending 9
2018-06-13 14:17:48,742 [23] atpLib.Devices.RFC1662BinarySerialDevice.receiveAnswer(C:\BA\Software_projects\PIC\1510\8.5.18_ver_1_f\BA1510_GUI_1.1.11\atpLib\Devices\RFC1662Device\RFC1662BinarySerialDevice.cs:86) [INFO] - got answer of type: 89
2018-06-13 14:17:48,745 [20] atpLib.Scenarios.Scenario.runTask(C:\BA\Software_projects\PIC\1510\8.5.18_ver_1_f\BA1510_GUI_1.1.11\atpLib\Scenarios\Scenario.cs:221) [INFO] - Scenario passed.
2018-06-13 14:17:48,904 [19] atpLib.Scenarios.Scenario.runTask(C:\BA\Software_projects\PIC\1510\8.5.18_ver_1_f\BA1510_GUI_1.1.11\atpLib\Scenarios\Scenario.cs:178) [INFO] - Running scenario "Get Momentery Status" - with timeout of: 10 seconds.
2018-06-13 14:17:48,907 [23] atpLib.Scenarios.SingleMessageSingleDeviceScenario.internalRun(C:\BA\Software_projects\PIC\1510\8.5.18_ver_1_f\BA1510_GUI_1.1.11\atpLib\Scenarios\SingleMessageSingleDeviceScenario.cs:27) [INFO] - sending a message of type: GetMomenteryStatusMessage
2018-06-13 14:17:48,910 [23] atpLib.Devices.RFC1662BinarySerialDevice.sendMsg(C:\BA\Software_projects\PIC\1510\8.5.18_ver_1_f\BA1510_GUI_1.1.11\atpLib\Devices\RFC1662Device\RFC1662BinarySerialDevice.cs:107) [INFO] - sending 9
2018-06-13 14:17:48,915 [23] atpLib.Devices.RFC1662BinarySerialDevice.receiveAnswer(C:\BA\Software_projects\PIC\1510\8.5.18_ver_1_f\BA1510_GUI_1.1.11\atpLib\Devices\RFC1662Device\RFC1662BinarySerialDevice.cs:86) [INFO] - got answer of type: 89
2018-06-13 14:17:48,919 [19] atpLib.Scenarios.Scenario.runTask(C:\BA\Software_projects\PIC\1510\8.5.18_ver_1_f\BA1510_GUI_1.1.11\atpLib\Scenarios\Scenario.cs:221) [INFO] - Scenario passed.
2018-06-13 14:17:49,073 [23] atpLib.Scenarios.Scenario.runTask(C:\BA\Software_projects\PIC\1510\8.5.18_ver_1_f\BA1510_GUI_1.1.11\atpLib\Scenarios\Scenario.cs:178) [INFO] - Running scenario "Get Momentery Status" - with timeout of: 10 seconds.
2018-06-13 14:17:49,076 [8] atpLib.Scenarios.SingleMessageSingleDeviceScenario.internalRun(C:\BA\Software_projects\PIC\1510\8.5.18_ver_1_f\BA1510_GUI_1.1.11\atpLib\Scenarios\SingleMessageSingleDeviceScenario.cs:27) [INFO] - sending a message of type: GetMomenteryStatusMessage
2018-06-13 14:17:49,080 [8] atpLib.Devices.RFC1662BinarySerialDevice.sendMsg(C:\BA\Software_projects\PIC\1510\8.5.18_ver_1_f\BA1510_GUI_1.1.11\atpLib\Devices\RFC1662Device\RFC1662BinarySerialDevice.cs:107) [INFO] - sending 9
2018-06-13 14:17:49,085 [8] atpLib.Devices.RFC1662BinarySerialDevice.receiveAnswer(C:\BA\Software_projects\PIC\1510\8.5.18_ver_1_f\BA1510_GUI_1.1.11\atpLib\Devices\RFC1662Device\RFC1662BinarySerialDevice.cs:86) [INFO] - got answer of type: 89
2018-06-13 14:17:49,088 [23] atpLib.Scenarios.Scenario.runTask(C:\BA\Software_projects\PIC\1510\8.5.18_ver_1_f\BA1510_GUI_1.1.11\atpLib\Scenarios\Scenario.cs:221) [INFO] - Scenario passed.
2018-06-13 14:17:49,431 [20] atpLib.Scenarios.Scenario.runTask(C:\BA\Software_projects\PIC\1510\8.5.18_ver_1_f\BA1510_GUI_1.1.11\atpLib\Scenarios\Scenario.cs:178) [INFO] - Running scenario "Get Momentery Status" - with timeout of: 10 seconds.
2018-06-13 14:17:49,435 [8] atpLib.Scenarios.SingleMessageSingleDeviceScenario.internalRun(C:\BA\Software_projects\PIC\1510\8.5.18_ver_1_f\BA1510_GUI_1.1.11\atpLib\Scenarios\SingleMessageSingleDeviceScenario.cs:27) [INFO] - sending a message of type: GetMomenteryStatusMessage
2018-06-13 14:17:49,438 [8] atpLib.Devices.RFC1662BinarySerialDevice.sendMsg(C:\BA\Software_projects\PIC\1510\8.5.18_ver_1_f\BA1510_GUI_1.1.11\atpLib\Devices\RFC1662Device\RFC1662BinarySerialDevice.cs:107) [INFO] - sending 9
2018-06-13 14:17:49,444 [8] atpLib.Devices.RFC1662BinarySerialDevice.receiveAnswer(C:\BA\Software_projects\PIC\1510\8.5.18_ver_1_f\BA1510_GUI_1.1.11\atpLib\Devices\RFC1662Device\RFC1662BinarySerialDevice.cs:86) [INFO] - got answer of type: 89
2018-06-13 14:17:49,449 [20] atpLib.Scenarios.Scenario.runTask(C:\BA\Software_projects\PIC\1510\8.5.18_ver_1_f\BA1510_GUI_1.1.11\atpLib\Scenarios\Scenario.cs:221) [INFO] - Scenario passed.
2018-06-13 14:17:49,637 [23] atpLib.Scenarios.Scenario.runTask(C:\BA\Software_projects\PIC\1510\8.5.18_ver_1_f\BA1510_GUI_1.1.11\atpLib\Scenarios\Scenario.cs:178) [INFO] - Running scenario "Get Momentery Status" - with timeout of: 10 seconds.
2018-06-13 14:17:49,641 [20] atpLib.Scenarios.SingleMessageSingleDeviceScenario.internalRun(C:\BA\Software_projects\PIC\1510\8.5.18_ver_1_f\BA1510_GUI_1.1.11\atpLib\Scenarios\SingleMessageSingleDeviceScenario.cs:27) [INFO] - sending a message of type: GetMomenteryStatusMessage
2018-06-13 14:17:49,644 [20] atpLib.Devices.RFC1662BinarySerialDevice.sendMsg(C:\BA\Software_projects\PIC\1510\8.5.18_ver_1_f\BA1510_GUI_1.1.11\atpLib\Devices\RFC1662Device\RFC1662BinarySerialDevice.cs:107) [INFO] - sending 9
2018-06-13 14:17:49,648 [20] atpLib.Devices.RFC1662BinarySerialDevice.receiveAnswer(C:\BA\Software_projects\PIC\1510\8.5.18_ver_1_f\BA1510_GUI_1.1.11\atpLib\Devices\RFC1662Device\RFC1662BinarySerialDevice.cs:86) [INFO] - got answer of type: 89
2018-06-13 14:17:49,655 [23] atpLib.Scenarios.Scenario.runTask(C:\BA\Software_projects\PIC\1510\8.5.18_ver_1_f\BA1510_GUI_1.1.11\atpLib\Scenarios\Scenario.cs:221) [INFO] - Scenario passed.
2018-06-13 14:17:50,143 [8] atpLib.Scenarios.Scenario.runTask(C:\BA\Software_projects\PIC\1510\8.5.18_ver_1_f\BA1510_GUI_1.1.11\atpLib\Scenarios\Scenario.cs:178) [INFO] - Running scenario "Get Momentery Status" - with timeout of: 10 seconds.
2018-06-13 14:17:50,147 [20] atpLib.Scenarios.SingleMessageSingleDeviceScenario.internalRun(C:\BA\Software_projects\PIC\1510\8.5.18_ver_1_f\BA1510_GUI_1.1.11\atpLib\Scenarios\SingleMessageSingleDeviceScenario.cs:27) [INFO] - sending a message of type: GetMomenteryStatusMessage
2018-06-13 14:17:50,150 [20] atpLib.Devices.RFC1662BinarySerialDevice.sendMsg(C:\BA\Software_projects\PIC\1510\8.5.18_ver_1_f\BA1510_GUI_1.1.11\atpLib\Devices\RFC1662Device\RFC1662BinarySerialDevice.cs:107) [INFO] - sending 9
2018-06-13 14:17:50,156 [20] atpLib.Devices.RFC1662BinarySerialDevice.receiveAnswer(C:\BA\Software_projects\PIC\1510\8.5.18_ver_1_f\BA1510_GUI_1.1.11\atpLib\Devices\RFC1662Device\RFC1662BinarySerialDevice.cs:86) [INFO] - got answer of type: 89
2018-06-13 14:17:50,159 [8] atpLib.Scenarios.Scenario.runTask(C:\BA\Software_projects\PIC\1510\8.5.18_ver_1_f\BA1510_GUI_1.1.11\atpLib\Scenarios\Scenario.cs:221) [INFO] - Scenario passed.
2018-06-13 14:17:50,563 [23] atpLib.Scenarios.Scenario.runTask(C:\BA\Software_projects\PIC\1510\8.5.18_ver_1_f\BA1510_GUI_1.1.11\atpLib\Scenarios\Scenario.cs:178) [INFO] - Running scenario "Get Momentery Status" - with timeout of: 10 seconds.
2018-06-13 14:17:50,566 [20] atpLib.Scenarios.SingleMessageSingleDeviceScenario.internalRun(C:\BA\Software_projects\PIC\1510\8.5.18_ver_1_f\BA1510_GUI_1.1.11\atpLib\Scenarios\SingleMessageSingleDeviceScenario.cs:27) [INFO] - sending a message of type: GetMomenteryStatusMessage
2018-06-13 14:17:50,569 [20] atpLib.Devices.RFC1662BinarySerialDevice.sendMsg(C:\BA\Software_projects\PIC\1510\8.5.18_ver_1_f\BA1510_GUI_1.1.11\atpLib\Devices\RFC1662Device\RFC1662BinarySerialDevice.cs:107) [INFO] - sending 9
2018-06-13 14:17:50,573 [20] atpLib.Devices.RFC1662BinarySerialDevice.receiveAnswer(C:\BA\Software_projects\PIC\1510\8.5.18_ver_1_f\BA1510_GUI_1.1.11\atpLib\Devices\RFC1662Device\RFC1662BinarySerialDevice.cs:86) [INFO] - got answer of type: 89
2018-06-13 14:17:50,577 [23] atpLib.Scenarios.Scenario.runTask(C:\BA\Software_projects\PIC\1510\8.5.18_ver_1_f\BA1510_GUI_1.1.11\atpLib\Scenarios\Scenario.cs:221) [INFO] - Scenario passed.
2018-06-13 14:17:50,833 [19] atpLib.Scenarios.Scenario.runTask(C:\BA\Software_projects\PIC\1510\8.5.18_ver_1_f\BA1510_GUI_1.1.11\atpLib\Scenarios\Scenario.cs:178) [INFO] - Running scenario "Get Momentery Status" - with timeout of: 10 seconds.
2018-06-13 14:17:50,837 [8] atpLib.Scenarios.SingleMessageSingleDeviceScenario.internalRun(C:\BA\Software_projects\PIC\1510\8.5.18_ver_1_f\BA1510_GUI_1.1.11\atpLib\Scenarios\SingleMessageSingleDeviceScenario.cs:27) [INFO] - sending a message of type: GetMomenteryStatusMessage
2018-06-13 14:17:50,840 [8] atpLib.Devices.RFC1662BinarySerialDevice.sendMsg(C:\BA\Software_projects\PIC\1510\8.5.18_ver_1_f\BA1510_GUI_1.1.11\atpLib\Devices\RFC1662Device\RFC1662BinarySerialDevice.cs:107) [INFO] - sending 9
2018-06-13 14:17:50,845 [8] atpLib.Devices.RFC1662BinarySerialDevice.receiveAnswer(C:\BA\Software_projects\PIC\1510\8.5.18_ver_1_f\BA1510_GUI_1.1.11\atpLib\Devices\RFC1662Device\RFC1662BinarySerialDevice.cs:86) [INFO] - got answer of type: 89
2018-06-13 14:17:50,848 [19] atpLib.Scenarios.Scenario.runTask(C:\BA\Software_projects\PIC\1510\8.5.18_ver_1_f\BA1510_GUI_1.1.11\atpLib\Scenarios\Scenario.cs:221) [INFO] - Scenario passed.
