2018-05-22 09:30:30,208 [1] mfe_gui.frmMain.frmMain_Load(C:\BA\Software_projects\PIC\1510\source_code_1510_GUI\2\BA1510_GUI_SRC\MFE_gui\frmMain.cs:70) [INFO] - Statring Program, Version - 1.1.10.0, AtpLib - 1.4.4.0
2018-05-22 09:30:30,262 [1] mfe_gui.frmMain.loadDefaultcomPort(C:\BA\Software_projects\PIC\1510\source_code_1510_GUI\2\BA1510_GUI_SRC\MFE_gui\frmMain.cs:164) [INFO] - could not read defualt comport from configuration, using COM1 as defualt
2018-05-22 09:30:35,624 [1] mfe_gui.frmMain.btnConnect_Click(C:\BA\Software_projects\PIC\1510\source_code_1510_GUI\2\BA1510_GUI_SRC\MFE_gui\frmMain.cs:249) [INFO] - Connected to COM3
2018-05-22 09:30:37,410 [5] atpLib.Scenarios.Scenario.runTask(C:\BA\Software_projects\PIC\1510\source_code_1510_GUI\2\BA1510_GUI_SRC\atpLib\Scenarios\Scenario.cs:178) [INFO] - Running scenario "Get Version" - with timeout of: 10 seconds.
2018-05-22 09:30:37,415 [6] atpLib.Scenarios.SingleMessageSingleDeviceScenario.internalRun(C:\BA\Software_projects\PIC\1510\source_code_1510_GUI\2\BA1510_GUI_SRC\atpLib\Scenarios\SingleMessageSingleDeviceScenario.cs:27) [INFO] - sending a message of type: GetVersionMessage
2018-05-22 09:30:37,423 [6] atpLib.Devices.RFC1662BinarySerialDevice.sendMsg(C:\BA\Software_projects\PIC\1510\source_code_1510_GUI\2\BA1510_GUI_SRC\atpLib\Devices\RFC1662Device\RFC1662BinarySerialDevice.cs:107) [INFO] - sending 2
2018-05-22 09:30:37,593 [6] atpLib.Devices.RFC1662BinarySerialDevice.receiveAnswer(C:\BA\Software_projects\PIC\1510\source_code_1510_GUI\2\BA1510_GUI_SRC\atpLib\Devices\RFC1662Device\RFC1662BinarySerialDevice.cs:86) [INFO] - got answer of type: 82
2018-05-22 09:30:37,604 [5] atpLib.Scenarios.Scenario.runTask(C:\BA\Software_projects\PIC\1510\source_code_1510_GUI\2\BA1510_GUI_SRC\atpLib\Scenarios\Scenario.cs:221) [INFO] - Scenario passed.
2018-05-22 09:30:37,608 [1] mfe_gui.frmMain.btnGetVersion_Click(C:\BA\Software_projects\PIC\1510\source_code_1510_GUI\2\BA1510_GUI_SRC\MFE_gui\frmMain.cs:373) [INFO] - Version: 1.F
Date: 9/5/2018
Serial: 0

2018-05-22 09:30:39,332 [5] atpLib.Scenarios.Scenario.runTask(C:\BA\Software_projects\PIC\1510\source_code_1510_GUI\2\BA1510_GUI_SRC\atpLib\Scenarios\Scenario.cs:178) [INFO] - Running scenario "Change Mode" - with timeout of: 10 seconds.
2018-05-22 09:30:39,336 [7] atpLib.Scenarios.SingleMessageSingleDeviceScenario.internalRun(C:\BA\Software_projects\PIC\1510\source_code_1510_GUI\2\BA1510_GUI_SRC\atpLib\Scenarios\SingleMessageSingleDeviceScenario.cs:27) [INFO] - sending a message of type: ChangeModeMessage
2018-05-22 09:30:39,340 [7] atpLib.Devices.RFC1662BinarySerialDevice.sendMsg(C:\BA\Software_projects\PIC\1510\source_code_1510_GUI\2\BA1510_GUI_SRC\atpLib\Devices\RFC1662Device\RFC1662BinarySerialDevice.cs:107) [INFO] - sending 3
2018-05-22 09:30:39,345 [7] atpLib.Devices.RFC1662BinarySerialDevice.receiveAnswer(C:\BA\Software_projects\PIC\1510\source_code_1510_GUI\2\BA1510_GUI_SRC\atpLib\Devices\RFC1662Device\RFC1662BinarySerialDevice.cs:86) [INFO] - got answer of type: 80
2018-05-22 09:30:39,349 [5] atpLib.Scenarios.Scenario.runTask(C:\BA\Software_projects\PIC\1510\source_code_1510_GUI\2\BA1510_GUI_SRC\atpLib\Scenarios\Scenario.cs:221) [INFO] - Scenario passed.
2018-05-22 09:30:40,389 [6] atpLib.Scenarios.Scenario.runTask(C:\BA\Software_projects\PIC\1510\source_code_1510_GUI\2\BA1510_GUI_SRC\atpLib\Scenarios\Scenario.cs:178) [INFO] - Running scenario "Send Control Message" - with timeout of: 10 seconds.
2018-05-22 09:30:40,391 [7] atpLib.Scenarios.SingleMessageSingleDeviceScenario.internalRun(C:\BA\Software_projects\PIC\1510\source_code_1510_GUI\2\BA1510_GUI_SRC\atpLib\Scenarios\SingleMessageSingleDeviceScenario.cs:27) [INFO] - sending a message of type: ControlMessage
2018-05-22 09:30:40,395 [7] atpLib.Devices.RFC1662BinarySerialDevice.sendMsg(C:\BA\Software_projects\PIC\1510\source_code_1510_GUI\2\BA1510_GUI_SRC\atpLib\Devices\RFC1662Device\RFC1662BinarySerialDevice.cs:107) [INFO] - sending 0
2018-05-22 09:30:40,402 [7] atpLib.Devices.RFC1662BinarySerialDevice.receiveAnswer(C:\BA\Software_projects\PIC\1510\source_code_1510_GUI\2\BA1510_GUI_SRC\atpLib\Devices\RFC1662Device\RFC1662BinarySerialDevice.cs:86) [INFO] - got answer of type: 81
2018-05-22 09:30:40,406 [6] atpLib.Scenarios.Scenario.runTask(C:\BA\Software_projects\PIC\1510\source_code_1510_GUI\2\BA1510_GUI_SRC\atpLib\Scenarios\Scenario.cs:221) [INFO] - Scenario passed.
2018-05-22 09:30:41,436 [5] atpLib.Scenarios.Scenario.runTask(C:\BA\Software_projects\PIC\1510\source_code_1510_GUI\2\BA1510_GUI_SRC\atpLib\Scenarios\Scenario.cs:178) [INFO] - Running scenario "Send Control Message" - with timeout of: 10 seconds.
2018-05-22 09:30:41,440 [7] atpLib.Scenarios.SingleMessageSingleDeviceScenario.internalRun(C:\BA\Software_projects\PIC\1510\source_code_1510_GUI\2\BA1510_GUI_SRC\atpLib\Scenarios\SingleMessageSingleDeviceScenario.cs:27) [INFO] - sending a message of type: ControlMessage
2018-05-22 09:30:41,444 [7] atpLib.Devices.RFC1662BinarySerialDevice.sendMsg(C:\BA\Software_projects\PIC\1510\source_code_1510_GUI\2\BA1510_GUI_SRC\atpLib\Devices\RFC1662Device\RFC1662BinarySerialDevice.cs:107) [INFO] - sending 0
2018-05-22 09:30:41,451 [7] atpLib.Devices.RFC1662BinarySerialDevice.receiveAnswer(C:\BA\Software_projects\PIC\1510\source_code_1510_GUI\2\BA1510_GUI_SRC\atpLib\Devices\RFC1662Device\RFC1662BinarySerialDevice.cs:86) [INFO] - got answer of type: 81
2018-05-22 09:30:41,456 [5] atpLib.Scenarios.Scenario.runTask(C:\BA\Software_projects\PIC\1510\source_code_1510_GUI\2\BA1510_GUI_SRC\atpLib\Scenarios\Scenario.cs:221) [INFO] - Scenario passed.
2018-05-22 09:30:41,860 [6] atpLib.Scenarios.Scenario.runTask(C:\BA\Software_projects\PIC\1510\source_code_1510_GUI\2\BA1510_GUI_SRC\atpLib\Scenarios\Scenario.cs:178) [INFO] - Running scenario "Send Control Message" - with timeout of: 10 seconds.
2018-05-22 09:30:41,864 [5] atpLib.Scenarios.SingleMessageSingleDeviceScenario.internalRun(C:\BA\Software_projects\PIC\1510\source_code_1510_GUI\2\BA1510_GUI_SRC\atpLib\Scenarios\SingleMessageSingleDeviceScenario.cs:27) [INFO] - sending a message of type: ControlMessage
2018-05-22 09:30:41,867 [5] atpLib.Devices.RFC1662BinarySerialDevice.sendMsg(C:\BA\Software_projects\PIC\1510\source_code_1510_GUI\2\BA1510_GUI_SRC\atpLib\Devices\RFC1662Device\RFC1662BinarySerialDevice.cs:107) [INFO] - sending 0
2018-05-22 09:30:41,874 [5] atpLib.Devices.RFC1662BinarySerialDevice.receiveAnswer(C:\BA\Software_projects\PIC\1510\source_code_1510_GUI\2\BA1510_GUI_SRC\atpLib\Devices\RFC1662Device\RFC1662BinarySerialDevice.cs:86) [INFO] - got answer of type: 81
2018-05-22 09:30:41,878 [6] atpLib.Scenarios.Scenario.runTask(C:\BA\Software_projects\PIC\1510\source_code_1510_GUI\2\BA1510_GUI_SRC\atpLib\Scenarios\Scenario.cs:221) [INFO] - Scenario passed.
2018-05-22 09:30:42,212 [9] atpLib.Scenarios.Scenario.runTask(C:\BA\Software_projects\PIC\1510\source_code_1510_GUI\2\BA1510_GUI_SRC\atpLib\Scenarios\Scenario.cs:178) [INFO] - Running scenario "Send Control Message" - with timeout of: 10 seconds.
2018-05-22 09:30:42,216 [6] atpLib.Scenarios.SingleMessageSingleDeviceScenario.internalRun(C:\BA\Software_projects\PIC\1510\source_code_1510_GUI\2\BA1510_GUI_SRC\atpLib\Scenarios\SingleMessageSingleDeviceScenario.cs:27) [INFO] - sending a message of type: ControlMessage
2018-05-22 09:30:42,220 [6] atpLib.Devices.RFC1662BinarySerialDevice.sendMsg(C:\BA\Software_projects\PIC\1510\source_code_1510_GUI\2\BA1510_GUI_SRC\atpLib\Devices\RFC1662Device\RFC1662BinarySerialDevice.cs:107) [INFO] - sending 0
2018-05-22 09:30:42,229 [6] atpLib.Devices.RFC1662BinarySerialDevice.receiveAnswer(C:\BA\Software_projects\PIC\1510\source_code_1510_GUI\2\BA1510_GUI_SRC\atpLib\Devices\RFC1662Device\RFC1662BinarySerialDevice.cs:86) [INFO] - got answer of type: 81
2018-05-22 09:30:42,235 [9] atpLib.Scenarios.Scenario.runTask(C:\BA\Software_projects\PIC\1510\source_code_1510_GUI\2\BA1510_GUI_SRC\atpLib\Scenarios\Scenario.cs:221) [INFO] - Scenario passed.
2018-05-22 09:30:42,503 [7] atpLib.Scenarios.Scenario.runTask(C:\BA\Software_projects\PIC\1510\source_code_1510_GUI\2\BA1510_GUI_SRC\atpLib\Scenarios\Scenario.cs:178) [INFO] - Running scenario "Send Control Message" - with timeout of: 10 seconds.
2018-05-22 09:30:42,508 [9] atpLib.Scenarios.SingleMessageSingleDeviceScenario.internalRun(C:\BA\Software_projects\PIC\1510\source_code_1510_GUI\2\BA1510_GUI_SRC\atpLib\Scenarios\SingleMessageSingleDeviceScenario.cs:27) [INFO] - sending a message of type: ControlMessage
2018-05-22 09:30:42,512 [9] atpLib.Devices.RFC1662BinarySerialDevice.sendMsg(C:\BA\Software_projects\PIC\1510\source_code_1510_GUI\2\BA1510_GUI_SRC\atpLib\Devices\RFC1662Device\RFC1662BinarySerialDevice.cs:107) [INFO] - sending 0
2018-05-22 09:30:42,519 [9] atpLib.Devices.RFC1662BinarySerialDevice.receiveAnswer(C:\BA\Software_projects\PIC\1510\source_code_1510_GUI\2\BA1510_GUI_SRC\atpLib\Devices\RFC1662Device\RFC1662BinarySerialDevice.cs:86) [INFO] - got answer of type: 81
2018-05-22 09:30:42,523 [7] atpLib.Scenarios.Scenario.runTask(C:\BA\Software_projects\PIC\1510\source_code_1510_GUI\2\BA1510_GUI_SRC\atpLib\Scenarios\Scenario.cs:221) [INFO] - Scenario passed.
2018-05-22 09:30:42,811 [6] atpLib.Scenarios.Scenario.runTask(C:\BA\Software_projects\PIC\1510\source_code_1510_GUI\2\BA1510_GUI_SRC\atpLib\Scenarios\Scenario.cs:178) [INFO] - Running scenario "Send Control Message" - with timeout of: 10 seconds.
2018-05-22 09:30:42,815 [9] atpLib.Scenarios.SingleMessageSingleDeviceScenario.internalRun(C:\BA\Software_projects\PIC\1510\source_code_1510_GUI\2\BA1510_GUI_SRC\atpLib\Scenarios\SingleMessageSingleDeviceScenario.cs:27) [INFO] - sending a message of type: ControlMessage
2018-05-22 09:30:42,818 [9] atpLib.Devices.RFC1662BinarySerialDevice.sendMsg(C:\BA\Software_projects\PIC\1510\source_code_1510_GUI\2\BA1510_GUI_SRC\atpLib\Devices\RFC1662Device\RFC1662BinarySerialDevice.cs:107) [INFO] - sending 0
2018-05-22 09:30:42,824 [9] atpLib.Devices.RFC1662BinarySerialDevice.receiveAnswer(C:\BA\Software_projects\PIC\1510\source_code_1510_GUI\2\BA1510_GUI_SRC\atpLib\Devices\RFC1662Device\RFC1662BinarySerialDevice.cs:86) [INFO] - got answer of type: 81
2018-05-22 09:30:42,830 [6] atpLib.Scenarios.Scenario.runTask(C:\BA\Software_projects\PIC\1510\source_code_1510_GUI\2\BA1510_GUI_SRC\atpLib\Scenarios\Scenario.cs:221) [INFO] - Scenario passed.
2018-05-22 09:30:43,084 [5] atpLib.Scenarios.Scenario.runTask(C:\BA\Software_projects\PIC\1510\source_code_1510_GUI\2\BA1510_GUI_SRC\atpLib\Scenarios\Scenario.cs:178) [INFO] - Running scenario "Send Control Message" - with timeout of: 10 seconds.
2018-05-22 09:30:43,087 [6] atpLib.Scenarios.SingleMessageSingleDeviceScenario.internalRun(C:\BA\Software_projects\PIC\1510\source_code_1510_GUI\2\BA1510_GUI_SRC\atpLib\Scenarios\SingleMessageSingleDeviceScenario.cs:27) [INFO] - sending a message of type: ControlMessage
2018-05-22 09:30:43,090 [6] atpLib.Devices.RFC1662BinarySerialDevice.sendMsg(C:\BA\Software_projects\PIC\1510\source_code_1510_GUI\2\BA1510_GUI_SRC\atpLib\Devices\RFC1662Device\RFC1662BinarySerialDevice.cs:107) [INFO] - sending 0
2018-05-22 09:30:43,096 [6] atpLib.Devices.RFC1662BinarySerialDevice.receiveAnswer(C:\BA\Software_projects\PIC\1510\source_code_1510_GUI\2\BA1510_GUI_SRC\atpLib\Devices\RFC1662Device\RFC1662BinarySerialDevice.cs:86) [INFO] - got answer of type: 81
2018-05-22 09:30:43,101 [5] atpLib.Scenarios.Scenario.runTask(C:\BA\Software_projects\PIC\1510\source_code_1510_GUI\2\BA1510_GUI_SRC\atpLib\Scenarios\Scenario.cs:221) [INFO] - Scenario passed.
2018-05-22 09:30:43,372 [6] atpLib.Scenarios.Scenario.runTask(C:\BA\Software_projects\PIC\1510\source_code_1510_GUI\2\BA1510_GUI_SRC\atpLib\Scenarios\Scenario.cs:178) [INFO] - Running scenario "Send Control Message" - with timeout of: 10 seconds.
2018-05-22 09:30:43,376 [7] atpLib.Scenarios.SingleMessageSingleDeviceScenario.internalRun(C:\BA\Software_projects\PIC\1510\source_code_1510_GUI\2\BA1510_GUI_SRC\atpLib\Scenarios\SingleMessageSingleDeviceScenario.cs:27) [INFO] - sending a message of type: ControlMessage
2018-05-22 09:30:43,380 [7] atpLib.Devices.RFC1662BinarySerialDevice.sendMsg(C:\BA\Software_projects\PIC\1510\source_code_1510_GUI\2\BA1510_GUI_SRC\atpLib\Devices\RFC1662Device\RFC1662BinarySerialDevice.cs:107) [INFO] - sending 0
2018-05-22 09:30:43,387 [7] atpLib.Devices.RFC1662BinarySerialDevice.receiveAnswer(C:\BA\Software_projects\PIC\1510\source_code_1510_GUI\2\BA1510_GUI_SRC\atpLib\Devices\RFC1662Device\RFC1662BinarySerialDevice.cs:86) [INFO] - got answer of type: 81
2018-05-22 09:30:43,391 [6] atpLib.Scenarios.Scenario.runTask(C:\BA\Software_projects\PIC\1510\source_code_1510_GUI\2\BA1510_GUI_SRC\atpLib\Scenarios\Scenario.cs:221) [INFO] - Scenario passed.
2018-05-22 09:30:43,645 [7] atpLib.Scenarios.Scenario.runTask(C:\BA\Software_projects\PIC\1510\source_code_1510_GUI\2\BA1510_GUI_SRC\atpLib\Scenarios\Scenario.cs:178) [INFO] - Running scenario "Send Control Message" - with timeout of: 10 seconds.
2018-05-22 09:30:43,650 [6] atpLib.Scenarios.SingleMessageSingleDeviceScenario.internalRun(C:\BA\Software_projects\PIC\1510\source_code_1510_GUI\2\BA1510_GUI_SRC\atpLib\Scenarios\SingleMessageSingleDeviceScenario.cs:27) [INFO] - sending a message of type: ControlMessage
2018-05-22 09:30:43,653 [6] atpLib.Devices.RFC1662BinarySerialDevice.sendMsg(C:\BA\Software_projects\PIC\1510\source_code_1510_GUI\2\BA1510_GUI_SRC\atpLib\Devices\RFC1662Device\RFC1662BinarySerialDevice.cs:107) [INFO] - sending 0
2018-05-22 09:30:43,659 [6] atpLib.Devices.RFC1662BinarySerialDevice.receiveAnswer(C:\BA\Software_projects\PIC\1510\source_code_1510_GUI\2\BA1510_GUI_SRC\atpLib\Devices\RFC1662Device\RFC1662BinarySerialDevice.cs:86) [INFO] - got answer of type: 81
2018-05-22 09:30:43,664 [7] atpLib.Scenarios.Scenario.runTask(C:\BA\Software_projects\PIC\1510\source_code_1510_GUI\2\BA1510_GUI_SRC\atpLib\Scenarios\Scenario.cs:221) [INFO] - Scenario passed.
2018-05-22 09:30:43,899 [5] atpLib.Scenarios.Scenario.runTask(C:\BA\Software_projects\PIC\1510\source_code_1510_GUI\2\BA1510_GUI_SRC\atpLib\Scenarios\Scenario.cs:178) [INFO] - Running scenario "Send Control Message" - with timeout of: 10 seconds.
2018-05-22 09:30:43,903 [6] atpLib.Scenarios.SingleMessageSingleDeviceScenario.internalRun(C:\BA\Software_projects\PIC\1510\source_code_1510_GUI\2\BA1510_GUI_SRC\atpLib\Scenarios\SingleMessageSingleDeviceScenario.cs:27) [INFO] - sending a message of type: ControlMessage
2018-05-22 09:30:43,906 [6] atpLib.Devices.RFC1662BinarySerialDevice.sendMsg(C:\BA\Software_projects\PIC\1510\source_code_1510_GUI\2\BA1510_GUI_SRC\atpLib\Devices\RFC1662Device\RFC1662BinarySerialDevice.cs:107) [INFO] - sending 0
2018-05-22 09:30:43,914 [6] atpLib.Devices.RFC1662BinarySerialDevice.receiveAnswer(C:\BA\Software_projects\PIC\1510\source_code_1510_GUI\2\BA1510_GUI_SRC\atpLib\Devices\RFC1662Device\RFC1662BinarySerialDevice.cs:86) [INFO] - got answer of type: 81
2018-05-22 09:30:43,918 [5] atpLib.Scenarios.Scenario.runTask(C:\BA\Software_projects\PIC\1510\source_code_1510_GUI\2\BA1510_GUI_SRC\atpLib\Scenarios\Scenario.cs:221) [INFO] - Scenario passed.
2018-05-22 09:30:44,172 [6] atpLib.Scenarios.Scenario.runTask(C:\BA\Software_projects\PIC\1510\source_code_1510_GUI\2\BA1510_GUI_SRC\atpLib\Scenarios\Scenario.cs:178) [INFO] - Running scenario "Send Control Message" - with timeout of: 10 seconds.
2018-05-22 09:30:44,176 [9] atpLib.Scenarios.SingleMessageSingleDeviceScenario.internalRun(C:\BA\Software_projects\PIC\1510\source_code_1510_GUI\2\BA1510_GUI_SRC\atpLib\Scenarios\SingleMessageSingleDeviceScenario.cs:27) [INFO] - sending a message of type: ControlMessage
2018-05-22 09:30:44,180 [9] atpLib.Devices.RFC1662BinarySerialDevice.sendMsg(C:\BA\Software_projects\PIC\1510\source_code_1510_GUI\2\BA1510_GUI_SRC\atpLib\Devices\RFC1662Device\RFC1662BinarySerialDevice.cs:107) [INFO] - sending 0
2018-05-22 09:30:44,187 [9] atpLib.Devices.RFC1662BinarySerialDevice.receiveAnswer(C:\BA\Software_projects\PIC\1510\source_code_1510_GUI\2\BA1510_GUI_SRC\atpLib\Devices\RFC1662Device\RFC1662BinarySerialDevice.cs:86) [INFO] - got answer of type: 81
2018-05-22 09:30:44,193 [6] atpLib.Scenarios.Scenario.runTask(C:\BA\Software_projects\PIC\1510\source_code_1510_GUI\2\BA1510_GUI_SRC\atpLib\Scenarios\Scenario.cs:221) [INFO] - Scenario passed.
2018-05-22 09:30:44,428 [7] atpLib.Scenarios.Scenario.runTask(C:\BA\Software_projects\PIC\1510\source_code_1510_GUI\2\BA1510_GUI_SRC\atpLib\Scenarios\Scenario.cs:178) [INFO] - Running scenario "Send Control Message" - with timeout of: 10 seconds.
2018-05-22 09:30:44,433 [6] atpLib.Scenarios.SingleMessageSingleDeviceScenario.internalRun(C:\BA\Software_projects\PIC\1510\source_code_1510_GUI\2\BA1510_GUI_SRC\atpLib\Scenarios\SingleMessageSingleDeviceScenario.cs:27) [INFO] - sending a message of type: ControlMessage
2018-05-22 09:30:44,437 [6] atpLib.Devices.RFC1662BinarySerialDevice.sendMsg(C:\BA\Software_projects\PIC\1510\source_code_1510_GUI\2\BA1510_GUI_SRC\atpLib\Devices\RFC1662Device\RFC1662BinarySerialDevice.cs:107) [INFO] - sending 0
2018-05-22 09:30:44,444 [6] atpLib.Devices.RFC1662BinarySerialDevice.receiveAnswer(C:\BA\Software_projects\PIC\1510\source_code_1510_GUI\2\BA1510_GUI_SRC\atpLib\Devices\RFC1662Device\RFC1662BinarySerialDevice.cs:86) [INFO] - got answer of type: 81
2018-05-22 09:30:44,449 [7] atpLib.Scenarios.Scenario.runTask(C:\BA\Software_projects\PIC\1510\source_code_1510_GUI\2\BA1510_GUI_SRC\atpLib\Scenarios\Scenario.cs:221) [INFO] - Scenario passed.
2018-05-22 09:30:44,707 [6] atpLib.Scenarios.Scenario.runTask(C:\BA\Software_projects\PIC\1510\source_code_1510_GUI\2\BA1510_GUI_SRC\atpLib\Scenarios\Scenario.cs:178) [INFO] - Running scenario "Send Control Message" - with timeout of: 10 seconds.
2018-05-22 09:30:44,713 [9] atpLib.Scenarios.SingleMessageSingleDeviceScenario.internalRun(C:\BA\Software_projects\PIC\1510\source_code_1510_GUI\2\BA1510_GUI_SRC\atpLib\Scenarios\SingleMessageSingleDeviceScenario.cs:27) [INFO] - sending a message of type: ControlMessage
2018-05-22 09:30:44,715 [9] atpLib.Devices.RFC1662BinarySerialDevice.sendMsg(C:\BA\Software_projects\PIC\1510\source_code_1510_GUI\2\BA1510_GUI_SRC\atpLib\Devices\RFC1662Device\RFC1662BinarySerialDevice.cs:107) [INFO] - sending 0
2018-05-22 09:30:44,721 [9] atpLib.Devices.RFC1662BinarySerialDevice.receiveAnswer(C:\BA\Software_projects\PIC\1510\source_code_1510_GUI\2\BA1510_GUI_SRC\atpLib\Devices\RFC1662Device\RFC1662BinarySerialDevice.cs:86) [INFO] - got answer of type: 81
2018-05-22 09:30:44,725 [6] atpLib.Scenarios.Scenario.runTask(C:\BA\Software_projects\PIC\1510\source_code_1510_GUI\2\BA1510_GUI_SRC\atpLib\Scenarios\Scenario.cs:221) [INFO] - Scenario passed.
2018-05-22 09:30:44,981 [9] atpLib.Scenarios.Scenario.runTask(C:\BA\Software_projects\PIC\1510\source_code_1510_GUI\2\BA1510_GUI_SRC\atpLib\Scenarios\Scenario.cs:178) [INFO] - Running scenario "Send Control Message" - with timeout of: 10 seconds.
2018-05-22 09:30:44,985 [5] atpLib.Scenarios.SingleMessageSingleDeviceScenario.internalRun(C:\BA\Software_projects\PIC\1510\source_code_1510_GUI\2\BA1510_GUI_SRC\atpLib\Scenarios\SingleMessageSingleDeviceScenario.cs:27) [INFO] - sending a message of type: ControlMessage
2018-05-22 09:30:44,988 [5] atpLib.Devices.RFC1662BinarySerialDevice.sendMsg(C:\BA\Software_projects\PIC\1510\source_code_1510_GUI\2\BA1510_GUI_SRC\atpLib\Devices\RFC1662Device\RFC1662BinarySerialDevice.cs:107) [INFO] - sending 0
2018-05-22 09:30:44,995 [5] atpLib.Devices.RFC1662BinarySerialDevice.receiveAnswer(C:\BA\Software_projects\PIC\1510\source_code_1510_GUI\2\BA1510_GUI_SRC\atpLib\Devices\RFC1662Device\RFC1662BinarySerialDevice.cs:86) [INFO] - got answer of type: 81
2018-05-22 09:30:44,999 [9] atpLib.Scenarios.Scenario.runTask(C:\BA\Software_projects\PIC\1510\source_code_1510_GUI\2\BA1510_GUI_SRC\atpLib\Scenarios\Scenario.cs:221) [INFO] - Scenario passed.
2018-05-22 09:30:45,236 [6] atpLib.Scenarios.Scenario.runTask(C:\BA\Software_projects\PIC\1510\source_code_1510_GUI\2\BA1510_GUI_SRC\atpLib\Scenarios\Scenario.cs:178) [INFO] - Running scenario "Send Control Message" - with timeout of: 10 seconds.
2018-05-22 09:30:45,241 [5] atpLib.Scenarios.SingleMessageSingleDeviceScenario.internalRun(C:\BA\Software_projects\PIC\1510\source_code_1510_GUI\2\BA1510_GUI_SRC\atpLib\Scenarios\SingleMessageSingleDeviceScenario.cs:27) [INFO] - sending a message of type: ControlMessage
2018-05-22 09:30:45,244 [5] atpLib.Devices.RFC1662BinarySerialDevice.sendMsg(C:\BA\Software_projects\PIC\1510\source_code_1510_GUI\2\BA1510_GUI_SRC\atpLib\Devices\RFC1662Device\RFC1662BinarySerialDevice.cs:107) [INFO] - sending 0
2018-05-22 09:30:45,251 [5] atpLib.Devices.RFC1662BinarySerialDevice.receiveAnswer(C:\BA\Software_projects\PIC\1510\source_code_1510_GUI\2\BA1510_GUI_SRC\atpLib\Devices\RFC1662Device\RFC1662BinarySerialDevice.cs:86) [INFO] - got answer of type: 81
2018-05-22 09:30:45,255 [6] atpLib.Scenarios.Scenario.runTask(C:\BA\Software_projects\PIC\1510\source_code_1510_GUI\2\BA1510_GUI_SRC\atpLib\Scenarios\Scenario.cs:221) [INFO] - Scenario passed.
2018-05-22 09:30:45,500 [7] atpLib.Scenarios.Scenario.runTask(C:\BA\Software_projects\PIC\1510\source_code_1510_GUI\2\BA1510_GUI_SRC\atpLib\Scenarios\Scenario.cs:178) [INFO] - Running scenario "Send Control Message" - with timeout of: 10 seconds.
2018-05-22 09:30:45,506 [5] atpLib.Scenarios.SingleMessageSingleDeviceScenario.internalRun(C:\BA\Software_projects\PIC\1510\source_code_1510_GUI\2\BA1510_GUI_SRC\atpLib\Scenarios\SingleMessageSingleDeviceScenario.cs:27) [INFO] - sending a message of type: ControlMessage
2018-05-22 09:30:45,510 [5] atpLib.Devices.RFC1662BinarySerialDevice.sendMsg(C:\BA\Software_projects\PIC\1510\source_code_1510_GUI\2\BA1510_GUI_SRC\atpLib\Devices\RFC1662Device\RFC1662BinarySerialDevice.cs:107) [INFO] - sending 0
2018-05-22 09:30:45,516 [5] atpLib.Devices.RFC1662BinarySerialDevice.receiveAnswer(C:\BA\Software_projects\PIC\1510\source_code_1510_GUI\2\BA1510_GUI_SRC\atpLib\Devices\RFC1662Device\RFC1662BinarySerialDevice.cs:86) [INFO] - got answer of type: 81
2018-05-22 09:30:45,520 [7] atpLib.Scenarios.Scenario.runTask(C:\BA\Software_projects\PIC\1510\source_code_1510_GUI\2\BA1510_GUI_SRC\atpLib\Scenarios\Scenario.cs:221) [INFO] - Scenario passed.
2018-05-22 09:30:45,771 [9] atpLib.Scenarios.Scenario.runTask(C:\BA\Software_projects\PIC\1510\source_code_1510_GUI\2\BA1510_GUI_SRC\atpLib\Scenarios\Scenario.cs:178) [INFO] - Running scenario "Send Control Message" - with timeout of: 10 seconds.
2018-05-22 09:30:45,775 [7] atpLib.Scenarios.SingleMessageSingleDeviceScenario.internalRun(C:\BA\Software_projects\PIC\1510\source_code_1510_GUI\2\BA1510_GUI_SRC\atpLib\Scenarios\SingleMessageSingleDeviceScenario.cs:27) [INFO] - sending a message of type: ControlMessage
2018-05-22 09:30:45,779 [7] atpLib.Devices.RFC1662BinarySerialDevice.sendMsg(C:\BA\Software_projects\PIC\1510\source_code_1510_GUI\2\BA1510_GUI_SRC\atpLib\Devices\RFC1662Device\RFC1662BinarySerialDevice.cs:107) [INFO] - sending 0
2018-05-22 09:30:45,786 [7] atpLib.Devices.RFC1662BinarySerialDevice.receiveAnswer(C:\BA\Software_projects\PIC\1510\source_code_1510_GUI\2\BA1510_GUI_SRC\atpLib\Devices\RFC1662Device\RFC1662BinarySerialDevice.cs:86) [INFO] - got answer of type: 81
2018-05-22 09:30:45,790 [9] atpLib.Scenarios.Scenario.runTask(C:\BA\Software_projects\PIC\1510\source_code_1510_GUI\2\BA1510_GUI_SRC\atpLib\Scenarios\Scenario.cs:221) [INFO] - Scenario passed.
2018-05-22 09:30:46,028 [7] atpLib.Scenarios.Scenario.runTask(C:\BA\Software_projects\PIC\1510\source_code_1510_GUI\2\BA1510_GUI_SRC\atpLib\Scenarios\Scenario.cs:178) [INFO] - Running scenario "Send Control Message" - with timeout of: 10 seconds.
2018-05-22 09:30:46,032 [6] atpLib.Scenarios.SingleMessageSingleDeviceScenario.internalRun(C:\BA\Software_projects\PIC\1510\source_code_1510_GUI\2\BA1510_GUI_SRC\atpLib\Scenarios\SingleMessageSingleDeviceScenario.cs:27) [INFO] - sending a message of type: ControlMessage
2018-05-22 09:30:46,037 [6] atpLib.Devices.RFC1662BinarySerialDevice.sendMsg(C:\BA\Software_projects\PIC\1510\source_code_1510_GUI\2\BA1510_GUI_SRC\atpLib\Devices\RFC1662Device\RFC1662BinarySerialDevice.cs:107) [INFO] - sending 0
2018-05-22 09:30:46,044 [6] atpLib.Devices.RFC1662BinarySerialDevice.receiveAnswer(C:\BA\Software_projects\PIC\1510\source_code_1510_GUI\2\BA1510_GUI_SRC\atpLib\Devices\RFC1662Device\RFC1662BinarySerialDevice.cs:86) [INFO] - got answer of type: 81
2018-05-22 09:30:46,048 [7] atpLib.Scenarios.Scenario.runTask(C:\BA\Software_projects\PIC\1510\source_code_1510_GUI\2\BA1510_GUI_SRC\atpLib\Scenarios\Scenario.cs:221) [INFO] - Scenario passed.
2018-05-22 09:30:46,301 [5] atpLib.Scenarios.Scenario.runTask(C:\BA\Software_projects\PIC\1510\source_code_1510_GUI\2\BA1510_GUI_SRC\atpLib\Scenarios\Scenario.cs:178) [INFO] - Running scenario "Send Control Message" - with timeout of: 10 seconds.
2018-05-22 09:30:46,305 [7] atpLib.Scenarios.SingleMessageSingleDeviceScenario.internalRun(C:\BA\Software_projects\PIC\1510\source_code_1510_GUI\2\BA1510_GUI_SRC\atpLib\Scenarios\SingleMessageSingleDeviceScenario.cs:27) [INFO] - sending a message of type: ControlMessage
2018-05-22 09:30:46,309 [7] atpLib.Devices.RFC1662BinarySerialDevice.sendMsg(C:\BA\Software_projects\PIC\1510\source_code_1510_GUI\2\BA1510_GUI_SRC\atpLib\Devices\RFC1662Device\RFC1662BinarySerialDevice.cs:107) [INFO] - sending 0
2018-05-22 09:30:46,316 [7] atpLib.Devices.RFC1662BinarySerialDevice.receiveAnswer(C:\BA\Software_projects\PIC\1510\source_code_1510_GUI\2\BA1510_GUI_SRC\atpLib\Devices\RFC1662Device\RFC1662BinarySerialDevice.cs:86) [INFO] - got answer of type: 81
2018-05-22 09:30:46,321 [5] atpLib.Scenarios.Scenario.runTask(C:\BA\Software_projects\PIC\1510\source_code_1510_GUI\2\BA1510_GUI_SRC\atpLib\Scenarios\Scenario.cs:221) [INFO] - Scenario passed.
2018-05-22 09:30:46,565 [9] atpLib.Scenarios.Scenario.runTask(C:\BA\Software_projects\PIC\1510\source_code_1510_GUI\2\BA1510_GUI_SRC\atpLib\Scenarios\Scenario.cs:178) [INFO] - Running scenario "Send Control Message" - with timeout of: 10 seconds.
2018-05-22 09:30:46,568 [7] atpLib.Scenarios.SingleMessageSingleDeviceScenario.internalRun(C:\BA\Software_projects\PIC\1510\source_code_1510_GUI\2\BA1510_GUI_SRC\atpLib\Scenarios\SingleMessageSingleDeviceScenario.cs:27) [INFO] - sending a message of type: ControlMessage
2018-05-22 09:30:46,571 [7] atpLib.Devices.RFC1662BinarySerialDevice.sendMsg(C:\BA\Software_projects\PIC\1510\source_code_1510_GUI\2\BA1510_GUI_SRC\atpLib\Devices\RFC1662Device\RFC1662BinarySerialDevice.cs:107) [INFO] - sending 0
2018-05-22 09:30:46,577 [7] atpLib.Devices.RFC1662BinarySerialDevice.receiveAnswer(C:\BA\Software_projects\PIC\1510\source_code_1510_GUI\2\BA1510_GUI_SRC\atpLib\Devices\RFC1662Device\RFC1662BinarySerialDevice.cs:86) [INFO] - got answer of type: 81
2018-05-22 09:30:46,583 [9] atpLib.Scenarios.Scenario.runTask(C:\BA\Software_projects\PIC\1510\source_code_1510_GUI\2\BA1510_GUI_SRC\atpLib\Scenarios\Scenario.cs:221) [INFO] - Scenario passed.
2018-05-22 09:30:46,804 [6] atpLib.Scenarios.Scenario.runTask(C:\BA\Software_projects\PIC\1510\source_code_1510_GUI\2\BA1510_GUI_SRC\atpLib\Scenarios\Scenario.cs:178) [INFO] - Running scenario "Send Control Message" - with timeout of: 10 seconds.
2018-05-22 09:30:46,808 [5] atpLib.Scenarios.SingleMessageSingleDeviceScenario.internalRun(C:\BA\Software_projects\PIC\1510\source_code_1510_GUI\2\BA1510_GUI_SRC\atpLib\Scenarios\SingleMessageSingleDeviceScenario.cs:27) [INFO] - sending a message of type: ControlMessage
2018-05-22 09:30:46,812 [5] atpLib.Devices.RFC1662BinarySerialDevice.sendMsg(C:\BA\Software_projects\PIC\1510\source_code_1510_GUI\2\BA1510_GUI_SRC\atpLib\Devices\RFC1662Device\RFC1662BinarySerialDevice.cs:107) [INFO] - sending 0
2018-05-22 09:30:46,820 [5] atpLib.Devices.RFC1662BinarySerialDevice.receiveAnswer(C:\BA\Software_projects\PIC\1510\source_code_1510_GUI\2\BA1510_GUI_SRC\atpLib\Devices\RFC1662Device\RFC1662BinarySerialDevice.cs:86) [INFO] - got answer of type: 81
2018-05-22 09:30:46,823 [6] atpLib.Scenarios.Scenario.runTask(C:\BA\Software_projects\PIC\1510\source_code_1510_GUI\2\BA1510_GUI_SRC\atpLib\Scenarios\Scenario.cs:221) [INFO] - Scenario passed.
2018-05-22 09:30:47,052 [7] atpLib.Scenarios.Scenario.runTask(C:\BA\Software_projects\PIC\1510\source_code_1510_GUI\2\BA1510_GUI_SRC\atpLib\Scenarios\Scenario.cs:178) [INFO] - Running scenario "Send Control Message" - with timeout of: 10 seconds.
2018-05-22 09:30:47,056 [5] atpLib.Scenarios.SingleMessageSingleDeviceScenario.internalRun(C:\BA\Software_projects\PIC\1510\source_code_1510_GUI\2\BA1510_GUI_SRC\atpLib\Scenarios\SingleMessageSingleDeviceScenario.cs:27) [INFO] - sending a message of type: ControlMessage
2018-05-22 09:30:47,059 [5] atpLib.Devices.RFC1662BinarySerialDevice.sendMsg(C:\BA\Software_projects\PIC\1510\source_code_1510_GUI\2\BA1510_GUI_SRC\atpLib\Devices\RFC1662Device\RFC1662BinarySerialDevice.cs:107) [INFO] - sending 0
2018-05-22 09:30:47,066 [5] atpLib.Devices.RFC1662BinarySerialDevice.receiveAnswer(C:\BA\Software_projects\PIC\1510\source_code_1510_GUI\2\BA1510_GUI_SRC\atpLib\Devices\RFC1662Device\RFC1662BinarySerialDevice.cs:86) [INFO] - got answer of type: 81
2018-05-22 09:30:47,071 [7] atpLib.Scenarios.Scenario.runTask(C:\BA\Software_projects\PIC\1510\source_code_1510_GUI\2\BA1510_GUI_SRC\atpLib\Scenarios\Scenario.cs:221) [INFO] - Scenario passed.
2018-05-22 09:31:27,076 [9] atpLib.Scenarios.Scenario.runTask(C:\BA\Software_projects\PIC\1510\source_code_1510_GUI\2\BA1510_GUI_SRC\atpLib\Scenarios\Scenario.cs:178) [INFO] - Running scenario "Get Version" - with timeout of: 10 seconds.
2018-05-22 09:31:27,080 [8] atpLib.Scenarios.SingleMessageSingleDeviceScenario.internalRun(C:\BA\Software_projects\PIC\1510\source_code_1510_GUI\2\BA1510_GUI_SRC\atpLib\Scenarios\SingleMessageSingleDeviceScenario.cs:27) [INFO] - sending a message of type: GetVersionMessage
2018-05-22 09:31:27,088 [8] atpLib.Devices.RFC1662BinarySerialDevice.sendMsg(C:\BA\Software_projects\PIC\1510\source_code_1510_GUI\2\BA1510_GUI_SRC\atpLib\Devices\RFC1662Device\RFC1662BinarySerialDevice.cs:107) [INFO] - sending 2
2018-05-22 09:31:27,096 [8] atpLib.Devices.RFC1662BinarySerialDevice.receiveAnswer(C:\BA\Software_projects\PIC\1510\source_code_1510_GUI\2\BA1510_GUI_SRC\atpLib\Devices\RFC1662Device\RFC1662BinarySerialDevice.cs:86) [INFO] - got answer of type: 82
2018-05-22 09:31:27,102 [9] atpLib.Scenarios.Scenario.runTask(C:\BA\Software_projects\PIC\1510\source_code_1510_GUI\2\BA1510_GUI_SRC\atpLib\Scenarios\Scenario.cs:221) [INFO] - Scenario passed.
2018-05-22 09:31:27,107 [1] mfe_gui.frmMain.btnGetVersion_Click(C:\BA\Software_projects\PIC\1510\source_code_1510_GUI\2\BA1510_GUI_SRC\MFE_gui\frmMain.cs:373) [INFO] - Version: 1.F
Date: 9/5/2018
Serial: 0

2018-05-22 09:31:29,420 [9] atpLib.Scenarios.Scenario.runTask(C:\BA\Software_projects\PIC\1510\source_code_1510_GUI\2\BA1510_GUI_SRC\atpLib\Scenarios\Scenario.cs:178) [INFO] - Running scenario "Change Mode" - with timeout of: 10 seconds.
2018-05-22 09:31:29,425 [3] atpLib.Scenarios.SingleMessageSingleDeviceScenario.internalRun(C:\BA\Software_projects\PIC\1510\source_code_1510_GUI\2\BA1510_GUI_SRC\atpLib\Scenarios\SingleMessageSingleDeviceScenario.cs:27) [INFO] - sending a message of type: ChangeModeMessage
2018-05-22 09:31:29,430 [3] atpLib.Devices.RFC1662BinarySerialDevice.sendMsg(C:\BA\Software_projects\PIC\1510\source_code_1510_GUI\2\BA1510_GUI_SRC\atpLib\Devices\RFC1662Device\RFC1662BinarySerialDevice.cs:107) [INFO] - sending 3
2018-05-22 09:31:29,436 [3] atpLib.Devices.RFC1662BinarySerialDevice.receiveAnswer(C:\BA\Software_projects\PIC\1510\source_code_1510_GUI\2\BA1510_GUI_SRC\atpLib\Devices\RFC1662Device\RFC1662BinarySerialDevice.cs:86) [INFO] - got answer of type: 80
2018-05-22 09:31:29,442 [9] atpLib.Scenarios.Scenario.runTask(C:\BA\Software_projects\PIC\1510\source_code_1510_GUI\2\BA1510_GUI_SRC\atpLib\Scenarios\Scenario.cs:221) [INFO] - Scenario passed.
2018-05-22 09:31:31,108 [9] atpLib.Scenarios.Scenario.runTask(C:\BA\Software_projects\PIC\1510\source_code_1510_GUI\2\BA1510_GUI_SRC\atpLib\Scenarios\Scenario.cs:178) [INFO] - Running scenario "Send Control Message" - with timeout of: 10 seconds.
2018-05-22 09:31:31,112 [3] atpLib.Scenarios.SingleMessageSingleDeviceScenario.internalRun(C:\BA\Software_projects\PIC\1510\source_code_1510_GUI\2\BA1510_GUI_SRC\atpLib\Scenarios\SingleMessageSingleDeviceScenario.cs:27) [INFO] - sending a message of type: ControlMessage
2018-05-22 09:31:31,117 [3] atpLib.Devices.RFC1662BinarySerialDevice.sendMsg(C:\BA\Software_projects\PIC\1510\source_code_1510_GUI\2\BA1510_GUI_SRC\atpLib\Devices\RFC1662Device\RFC1662BinarySerialDevice.cs:107) [INFO] - sending 0
2018-05-22 09:31:31,122 [3] atpLib.Devices.RFC1662BinarySerialDevice.receiveAnswer(C:\BA\Software_projects\PIC\1510\source_code_1510_GUI\2\BA1510_GUI_SRC\atpLib\Devices\RFC1662Device\RFC1662BinarySerialDevice.cs:86) [INFO] - got answer of type: 81
2018-05-22 09:31:31,126 [9] atpLib.Scenarios.Scenario.runTask(C:\BA\Software_projects\PIC\1510\source_code_1510_GUI\2\BA1510_GUI_SRC\atpLib\Scenarios\Scenario.cs:221) [INFO] - Scenario passed.
2018-05-22 09:31:31,844 [3] atpLib.Scenarios.Scenario.runTask(C:\BA\Software_projects\PIC\1510\source_code_1510_GUI\2\BA1510_GUI_SRC\atpLib\Scenarios\Scenario.cs:178) [INFO] - Running scenario "Send Control Message" - with timeout of: 10 seconds.
2018-05-22 09:31:31,850 [9] atpLib.Scenarios.SingleMessageSingleDeviceScenario.internalRun(C:\BA\Software_projects\PIC\1510\source_code_1510_GUI\2\BA1510_GUI_SRC\atpLib\Scenarios\SingleMessageSingleDeviceScenario.cs:27) [INFO] - sending a message of type: ControlMessage
2018-05-22 09:31:31,854 [9] atpLib.Devices.RFC1662BinarySerialDevice.sendMsg(C:\BA\Software_projects\PIC\1510\source_code_1510_GUI\2\BA1510_GUI_SRC\atpLib\Devices\RFC1662Device\RFC1662BinarySerialDevice.cs:107) [INFO] - sending 0
2018-05-22 09:31:31,860 [9] atpLib.Devices.RFC1662BinarySerialDevice.receiveAnswer(C:\BA\Software_projects\PIC\1510\source_code_1510_GUI\2\BA1510_GUI_SRC\atpLib\Devices\RFC1662Device\RFC1662BinarySerialDevice.cs:86) [INFO] - got answer of type: 81
2018-05-22 09:31:31,863 [3] atpLib.Scenarios.Scenario.runTask(C:\BA\Software_projects\PIC\1510\source_code_1510_GUI\2\BA1510_GUI_SRC\atpLib\Scenarios\Scenario.cs:221) [INFO] - Scenario passed.
2018-05-22 09:31:32,261 [8] atpLib.Scenarios.Scenario.runTask(C:\BA\Software_projects\PIC\1510\source_code_1510_GUI\2\BA1510_GUI_SRC\atpLib\Scenarios\Scenario.cs:178) [INFO] - Running scenario "Send Control Message" - with timeout of: 10 seconds.
2018-05-22 09:31:32,265 [3] atpLib.Scenarios.SingleMessageSingleDeviceScenario.internalRun(C:\BA\Software_projects\PIC\1510\source_code_1510_GUI\2\BA1510_GUI_SRC\atpLib\Scenarios\SingleMessageSingleDeviceScenario.cs:27) [INFO] - sending a message of type: ControlMessage
2018-05-22 09:31:32,270 [3] atpLib.Devices.RFC1662BinarySerialDevice.sendMsg(C:\BA\Software_projects\PIC\1510\source_code_1510_GUI\2\BA1510_GUI_SRC\atpLib\Devices\RFC1662Device\RFC1662BinarySerialDevice.cs:107) [INFO] - sending 0
2018-05-22 09:31:32,276 [3] atpLib.Devices.RFC1662BinarySerialDevice.receiveAnswer(C:\BA\Software_projects\PIC\1510\source_code_1510_GUI\2\BA1510_GUI_SRC\atpLib\Devices\RFC1662Device\RFC1662BinarySerialDevice.cs:86) [INFO] - got answer of type: 81
2018-05-22 09:31:32,280 [8] atpLib.Scenarios.Scenario.runTask(C:\BA\Software_projects\PIC\1510\source_code_1510_GUI\2\BA1510_GUI_SRC\atpLib\Scenarios\Scenario.cs:221) [INFO] - Scenario passed.
2018-05-22 09:31:32,549 [3] atpLib.Scenarios.Scenario.runTask(C:\BA\Software_projects\PIC\1510\source_code_1510_GUI\2\BA1510_GUI_SRC\atpLib\Scenarios\Scenario.cs:178) [INFO] - Running scenario "Send Control Message" - with timeout of: 10 seconds.
2018-05-22 09:31:32,553 [14] atpLib.Scenarios.SingleMessageSingleDeviceScenario.internalRun(C:\BA\Software_projects\PIC\1510\source_code_1510_GUI\2\BA1510_GUI_SRC\atpLib\Scenarios\SingleMessageSingleDeviceScenario.cs:27) [INFO] - sending a message of type: ControlMessage
2018-05-22 09:31:32,556 [14] atpLib.Devices.RFC1662BinarySerialDevice.sendMsg(C:\BA\Software_projects\PIC\1510\source_code_1510_GUI\2\BA1510_GUI_SRC\atpLib\Devices\RFC1662Device\RFC1662BinarySerialDevice.cs:107) [INFO] - sending 0
2018-05-22 09:31:32,562 [14] atpLib.Devices.RFC1662BinarySerialDevice.receiveAnswer(C:\BA\Software_projects\PIC\1510\source_code_1510_GUI\2\BA1510_GUI_SRC\atpLib\Devices\RFC1662Device\RFC1662BinarySerialDevice.cs:86) [INFO] - got answer of type: 81
2018-05-22 09:31:32,565 [3] atpLib.Scenarios.Scenario.runTask(C:\BA\Software_projects\PIC\1510\source_code_1510_GUI\2\BA1510_GUI_SRC\atpLib\Scenarios\Scenario.cs:221) [INFO] - Scenario passed.
2018-05-22 09:31:32,787 [9] atpLib.Scenarios.Scenario.runTask(C:\BA\Software_projects\PIC\1510\source_code_1510_GUI\2\BA1510_GUI_SRC\atpLib\Scenarios\Scenario.cs:178) [INFO] - Running scenario "Send Control Message" - with timeout of: 10 seconds.
2018-05-22 09:31:32,792 [8] atpLib.Scenarios.SingleMessageSingleDeviceScenario.internalRun(C:\BA\Software_projects\PIC\1510\source_code_1510_GUI\2\BA1510_GUI_SRC\atpLib\Scenarios\SingleMessageSingleDeviceScenario.cs:27) [INFO] - sending a message of type: ControlMessage
2018-05-22 09:31:32,797 [8] atpLib.Devices.RFC1662BinarySerialDevice.sendMsg(C:\BA\Software_projects\PIC\1510\source_code_1510_GUI\2\BA1510_GUI_SRC\atpLib\Devices\RFC1662Device\RFC1662BinarySerialDevice.cs:107) [INFO] - sending 0
2018-05-22 09:31:32,805 [8] atpLib.Devices.RFC1662BinarySerialDevice.receiveAnswer(C:\BA\Software_projects\PIC\1510\source_code_1510_GUI\2\BA1510_GUI_SRC\atpLib\Devices\RFC1662Device\RFC1662BinarySerialDevice.cs:86) [INFO] - got answer of type: 81
2018-05-22 09:31:32,808 [9] atpLib.Scenarios.Scenario.runTask(C:\BA\Software_projects\PIC\1510\source_code_1510_GUI\2\BA1510_GUI_SRC\atpLib\Scenarios\Scenario.cs:221) [INFO] - Scenario passed.
2018-05-22 09:31:33,022 [3] atpLib.Scenarios.Scenario.runTask(C:\BA\Software_projects\PIC\1510\source_code_1510_GUI\2\BA1510_GUI_SRC\atpLib\Scenarios\Scenario.cs:178) [INFO] - Running scenario "Send Control Message" - with timeout of: 10 seconds.
2018-05-22 09:31:33,026 [8] atpLib.Scenarios.SingleMessageSingleDeviceScenario.internalRun(C:\BA\Software_projects\PIC\1510\source_code_1510_GUI\2\BA1510_GUI_SRC\atpLib\Scenarios\SingleMessageSingleDeviceScenario.cs:27) [INFO] - sending a message of type: ControlMessage
2018-05-22 09:31:33,030 [8] atpLib.Devices.RFC1662BinarySerialDevice.sendMsg(C:\BA\Software_projects\PIC\1510\source_code_1510_GUI\2\BA1510_GUI_SRC\atpLib\Devices\RFC1662Device\RFC1662BinarySerialDevice.cs:107) [INFO] - sending 0
2018-05-22 09:31:33,037 [8] atpLib.Devices.RFC1662BinarySerialDevice.receiveAnswer(C:\BA\Software_projects\PIC\1510\source_code_1510_GUI\2\BA1510_GUI_SRC\atpLib\Devices\RFC1662Device\RFC1662BinarySerialDevice.cs:86) [INFO] - got answer of type: 81
2018-05-22 09:31:33,041 [3] atpLib.Scenarios.Scenario.runTask(C:\BA\Software_projects\PIC\1510\source_code_1510_GUI\2\BA1510_GUI_SRC\atpLib\Scenarios\Scenario.cs:221) [INFO] - Scenario passed.
2018-05-22 09:31:33,252 [14] atpLib.Scenarios.Scenario.runTask(C:\BA\Software_projects\PIC\1510\source_code_1510_GUI\2\BA1510_GUI_SRC\atpLib\Scenarios\Scenario.cs:178) [INFO] - Running scenario "Send Control Message" - with timeout of: 10 seconds.
2018-05-22 09:31:33,257 [9] atpLib.Scenarios.SingleMessageSingleDeviceScenario.internalRun(C:\BA\Software_projects\PIC\1510\source_code_1510_GUI\2\BA1510_GUI_SRC\atpLib\Scenarios\SingleMessageSingleDeviceScenario.cs:27) [INFO] - sending a message of type: ControlMessage
2018-05-22 09:31:33,261 [9] atpLib.Devices.RFC1662BinarySerialDevice.sendMsg(C:\BA\Software_projects\PIC\1510\source_code_1510_GUI\2\BA1510_GUI_SRC\atpLib\Devices\RFC1662Device\RFC1662BinarySerialDevice.cs:107) [INFO] - sending 0
2018-05-22 09:31:33,268 [9] atpLib.Devices.RFC1662BinarySerialDevice.receiveAnswer(C:\BA\Software_projects\PIC\1510\source_code_1510_GUI\2\BA1510_GUI_SRC\atpLib\Devices\RFC1662Device\RFC1662BinarySerialDevice.cs:86) [INFO] - got answer of type: 81
2018-05-22 09:31:33,272 [14] atpLib.Scenarios.Scenario.runTask(C:\BA\Software_projects\PIC\1510\source_code_1510_GUI\2\BA1510_GUI_SRC\atpLib\Scenarios\Scenario.cs:221) [INFO] - Scenario passed.
2018-05-22 09:31:33,477 [8] atpLib.Scenarios.Scenario.runTask(C:\BA\Software_projects\PIC\1510\source_code_1510_GUI\2\BA1510_GUI_SRC\atpLib\Scenarios\Scenario.cs:178) [INFO] - Running scenario "Send Control Message" - with timeout of: 10 seconds.
2018-05-22 09:31:33,481 [9] atpLib.Scenarios.SingleMessageSingleDeviceScenario.internalRun(C:\BA\Software_projects\PIC\1510\source_code_1510_GUI\2\BA1510_GUI_SRC\atpLib\Scenarios\SingleMessageSingleDeviceScenario.cs:27) [INFO] - sending a message of type: ControlMessage
2018-05-22 09:31:33,485 [9] atpLib.Devices.RFC1662BinarySerialDevice.sendMsg(C:\BA\Software_projects\PIC\1510\source_code_1510_GUI\2\BA1510_GUI_SRC\atpLib\Devices\RFC1662Device\RFC1662BinarySerialDevice.cs:107) [INFO] - sending 0
2018-05-22 09:31:33,493 [9] atpLib.Devices.RFC1662BinarySerialDevice.receiveAnswer(C:\BA\Software_projects\PIC\1510\source_code_1510_GUI\2\BA1510_GUI_SRC\atpLib\Devices\RFC1662Device\RFC1662BinarySerialDevice.cs:86) [INFO] - got answer of type: 81
2018-05-22 09:31:33,497 [8] atpLib.Scenarios.Scenario.runTask(C:\BA\Software_projects\PIC\1510\source_code_1510_GUI\2\BA1510_GUI_SRC\atpLib\Scenarios\Scenario.cs:221) [INFO] - Scenario passed.
2018-05-22 09:31:33,693 [3] atpLib.Scenarios.Scenario.runTask(C:\BA\Software_projects\PIC\1510\source_code_1510_GUI\2\BA1510_GUI_SRC\atpLib\Scenarios\Scenario.cs:178) [INFO] - Running scenario "Send Control Message" - with timeout of: 10 seconds.
2018-05-22 09:31:33,696 [9] atpLib.Scenarios.SingleMessageSingleDeviceScenario.internalRun(C:\BA\Software_projects\PIC\1510\source_code_1510_GUI\2\BA1510_GUI_SRC\atpLib\Scenarios\SingleMessageSingleDeviceScenario.cs:27) [INFO] - sending a message of type: ControlMessage
2018-05-22 09:31:33,699 [9] atpLib.Devices.RFC1662BinarySerialDevice.sendMsg(C:\BA\Software_projects\PIC\1510\source_code_1510_GUI\2\BA1510_GUI_SRC\atpLib\Devices\RFC1662Device\RFC1662BinarySerialDevice.cs:107) [INFO] - sending 0
2018-05-22 09:31:33,706 [9] atpLib.Devices.RFC1662BinarySerialDevice.receiveAnswer(C:\BA\Software_projects\PIC\1510\source_code_1510_GUI\2\BA1510_GUI_SRC\atpLib\Devices\RFC1662Device\RFC1662BinarySerialDevice.cs:86) [INFO] - got answer of type: 81
2018-05-22 09:31:33,710 [3] atpLib.Scenarios.Scenario.runTask(C:\BA\Software_projects\PIC\1510\source_code_1510_GUI\2\BA1510_GUI_SRC\atpLib\Scenarios\Scenario.cs:221) [INFO] - Scenario passed.
2018-05-22 09:31:33,924 [8] atpLib.Scenarios.Scenario.runTask(C:\BA\Software_projects\PIC\1510\source_code_1510_GUI\2\BA1510_GUI_SRC\atpLib\Scenarios\Scenario.cs:178) [INFO] - Running scenario "Send Control Message" - with timeout of: 10 seconds.
2018-05-22 09:31:33,928 [9] atpLib.Scenarios.SingleMessageSingleDeviceScenario.internalRun(C:\BA\Software_projects\PIC\1510\source_code_1510_GUI\2\BA1510_GUI_SRC\atpLib\Scenarios\SingleMessageSingleDeviceScenario.cs:27) [INFO] - sending a message of type: ControlMessage
2018-05-22 09:31:33,931 [9] atpLib.Devices.RFC1662BinarySerialDevice.sendMsg(C:\BA\Software_projects\PIC\1510\source_code_1510_GUI\2\BA1510_GUI_SRC\atpLib\Devices\RFC1662Device\RFC1662BinarySerialDevice.cs:107) [INFO] - sending 0
2018-05-22 09:31:33,938 [9] atpLib.Devices.RFC1662BinarySerialDevice.receiveAnswer(C:\BA\Software_projects\PIC\1510\source_code_1510_GUI\2\BA1510_GUI_SRC\atpLib\Devices\RFC1662Device\RFC1662BinarySerialDevice.cs:86) [INFO] - got answer of type: 81
2018-05-22 09:31:33,942 [8] atpLib.Scenarios.Scenario.runTask(C:\BA\Software_projects\PIC\1510\source_code_1510_GUI\2\BA1510_GUI_SRC\atpLib\Scenarios\Scenario.cs:221) [INFO] - Scenario passed.
2018-05-22 09:31:34,140 [3] atpLib.Scenarios.Scenario.runTask(C:\BA\Software_projects\PIC\1510\source_code_1510_GUI\2\BA1510_GUI_SRC\atpLib\Scenarios\Scenario.cs:178) [INFO] - Running scenario "Send Control Message" - with timeout of: 10 seconds.
2018-05-22 09:31:34,146 [14] atpLib.Scenarios.SingleMessageSingleDeviceScenario.internalRun(C:\BA\Software_projects\PIC\1510\source_code_1510_GUI\2\BA1510_GUI_SRC\atpLib\Scenarios\SingleMessageSingleDeviceScenario.cs:27) [INFO] - sending a message of type: ControlMessage
2018-05-22 09:31:34,150 [14] atpLib.Devices.RFC1662BinarySerialDevice.sendMsg(C:\BA\Software_projects\PIC\1510\source_code_1510_GUI\2\BA1510_GUI_SRC\atpLib\Devices\RFC1662Device\RFC1662BinarySerialDevice.cs:107) [INFO] - sending 0
2018-05-22 09:31:34,156 [14] atpLib.Devices.RFC1662BinarySerialDevice.receiveAnswer(C:\BA\Software_projects\PIC\1510\source_code_1510_GUI\2\BA1510_GUI_SRC\atpLib\Devices\RFC1662Device\RFC1662BinarySerialDevice.cs:86) [INFO] - got answer of type: 81
2018-05-22 09:31:34,160 [3] atpLib.Scenarios.Scenario.runTask(C:\BA\Software_projects\PIC\1510\source_code_1510_GUI\2\BA1510_GUI_SRC\atpLib\Scenarios\Scenario.cs:221) [INFO] - Scenario passed.
2018-05-22 09:31:34,366 [9] atpLib.Scenarios.Scenario.runTask(C:\BA\Software_projects\PIC\1510\source_code_1510_GUI\2\BA1510_GUI_SRC\atpLib\Scenarios\Scenario.cs:178) [INFO] - Running scenario "Send Control Message" - with timeout of: 10 seconds.
2018-05-22 09:31:34,369 [8] atpLib.Scenarios.SingleMessageSingleDeviceScenario.internalRun(C:\BA\Software_projects\PIC\1510\source_code_1510_GUI\2\BA1510_GUI_SRC\atpLib\Scenarios\SingleMessageSingleDeviceScenario.cs:27) [INFO] - sending a message of type: ControlMessage
2018-05-22 09:31:34,372 [8] atpLib.Devices.RFC1662BinarySerialDevice.sendMsg(C:\BA\Software_projects\PIC\1510\source_code_1510_GUI\2\BA1510_GUI_SRC\atpLib\Devices\RFC1662Device\RFC1662BinarySerialDevice.cs:107) [INFO] - sending 0
2018-05-22 09:31:34,377 [8] atpLib.Devices.RFC1662BinarySerialDevice.receiveAnswer(C:\BA\Software_projects\PIC\1510\source_code_1510_GUI\2\BA1510_GUI_SRC\atpLib\Devices\RFC1662Device\RFC1662BinarySerialDevice.cs:86) [INFO] - got answer of type: 81
2018-05-22 09:31:34,383 [9] atpLib.Scenarios.Scenario.runTask(C:\BA\Software_projects\PIC\1510\source_code_1510_GUI\2\BA1510_GUI_SRC\atpLib\Scenarios\Scenario.cs:221) [INFO] - Scenario passed.
2018-05-22 09:31:34,604 [14] atpLib.Scenarios.Scenario.runTask(C:\BA\Software_projects\PIC\1510\source_code_1510_GUI\2\BA1510_GUI_SRC\atpLib\Scenarios\Scenario.cs:178) [INFO] - Running scenario "Send Control Message" - with timeout of: 10 seconds.
2018-05-22 09:31:34,608 [8] atpLib.Scenarios.SingleMessageSingleDeviceScenario.internalRun(C:\BA\Software_projects\PIC\1510\source_code_1510_GUI\2\BA1510_GUI_SRC\atpLib\Scenarios\SingleMessageSingleDeviceScenario.cs:27) [INFO] - sending a message of type: ControlMessage
2018-05-22 09:31:34,610 [8] atpLib.Devices.RFC1662BinarySerialDevice.sendMsg(C:\BA\Software_projects\PIC\1510\source_code_1510_GUI\2\BA1510_GUI_SRC\atpLib\Devices\RFC1662Device\RFC1662BinarySerialDevice.cs:107) [INFO] - sending 0
2018-05-22 09:31:34,618 [8] atpLib.Devices.RFC1662BinarySerialDevice.receiveAnswer(C:\BA\Software_projects\PIC\1510\source_code_1510_GUI\2\BA1510_GUI_SRC\atpLib\Devices\RFC1662Device\RFC1662BinarySerialDevice.cs:86) [INFO] - got answer of type: 81
2018-05-22 09:31:34,622 [14] atpLib.Scenarios.Scenario.runTask(C:\BA\Software_projects\PIC\1510\source_code_1510_GUI\2\BA1510_GUI_SRC\atpLib\Scenarios\Scenario.cs:221) [INFO] - Scenario passed.
2018-05-22 09:31:34,829 [8] atpLib.Scenarios.Scenario.runTask(C:\BA\Software_projects\PIC\1510\source_code_1510_GUI\2\BA1510_GUI_SRC\atpLib\Scenarios\Scenario.cs:178) [INFO] - Running scenario "Send Control Message" - with timeout of: 10 seconds.
2018-05-22 09:31:34,833 [9] atpLib.Scenarios.SingleMessageSingleDeviceScenario.internalRun(C:\BA\Software_projects\PIC\1510\source_code_1510_GUI\2\BA1510_GUI_SRC\atpLib\Scenarios\SingleMessageSingleDeviceScenario.cs:27) [INFO] - sending a message of type: ControlMessage
2018-05-22 09:31:34,838 [9] atpLib.Devices.RFC1662BinarySerialDevice.sendMsg(C:\BA\Software_projects\PIC\1510\source_code_1510_GUI\2\BA1510_GUI_SRC\atpLib\Devices\RFC1662Device\RFC1662BinarySerialDevice.cs:107) [INFO] - sending 0
2018-05-22 09:31:34,844 [9] atpLib.Devices.RFC1662BinarySerialDevice.receiveAnswer(C:\BA\Software_projects\PIC\1510\source_code_1510_GUI\2\BA1510_GUI_SRC\atpLib\Devices\RFC1662Device\RFC1662BinarySerialDevice.cs:86) [INFO] - got answer of type: 81
2018-05-22 09:31:34,847 [8] atpLib.Scenarios.Scenario.runTask(C:\BA\Software_projects\PIC\1510\source_code_1510_GUI\2\BA1510_GUI_SRC\atpLib\Scenarios\Scenario.cs:221) [INFO] - Scenario passed.
2018-05-22 09:31:35,060 [3] atpLib.Scenarios.Scenario.runTask(C:\BA\Software_projects\PIC\1510\source_code_1510_GUI\2\BA1510_GUI_SRC\atpLib\Scenarios\Scenario.cs:178) [INFO] - Running scenario "Send Control Message" - with timeout of: 10 seconds.
2018-05-22 09:31:35,064 [8] atpLib.Scenarios.SingleMessageSingleDeviceScenario.internalRun(C:\BA\Software_projects\PIC\1510\source_code_1510_GUI\2\BA1510_GUI_SRC\atpLib\Scenarios\SingleMessageSingleDeviceScenario.cs:27) [INFO] - sending a message of type: ControlMessage
2018-05-22 09:31:35,067 [8] atpLib.Devices.RFC1662BinarySerialDevice.sendMsg(C:\BA\Software_projects\PIC\1510\source_code_1510_GUI\2\BA1510_GUI_SRC\atpLib\Devices\RFC1662Device\RFC1662BinarySerialDevice.cs:107) [INFO] - sending 0
2018-05-22 09:31:35,073 [8] atpLib.Devices.RFC1662BinarySerialDevice.receiveAnswer(C:\BA\Software_projects\PIC\1510\source_code_1510_GUI\2\BA1510_GUI_SRC\atpLib\Devices\RFC1662Device\RFC1662BinarySerialDevice.cs:86) [INFO] - got answer of type: 81
2018-05-22 09:31:35,077 [3] atpLib.Scenarios.Scenario.runTask(C:\BA\Software_projects\PIC\1510\source_code_1510_GUI\2\BA1510_GUI_SRC\atpLib\Scenarios\Scenario.cs:221) [INFO] - Scenario passed.
2018-05-22 09:31:35,276 [9] atpLib.Scenarios.Scenario.runTask(C:\BA\Software_projects\PIC\1510\source_code_1510_GUI\2\BA1510_GUI_SRC\atpLib\Scenarios\Scenario.cs:178) [INFO] - Running scenario "Send Control Message" - with timeout of: 10 seconds.
2018-05-22 09:31:35,280 [8] atpLib.Scenarios.SingleMessageSingleDeviceScenario.internalRun(C:\BA\Software_projects\PIC\1510\source_code_1510_GUI\2\BA1510_GUI_SRC\atpLib\Scenarios\SingleMessageSingleDeviceScenario.cs:27) [INFO] - sending a message of type: ControlMessage
2018-05-22 09:31:35,284 [8] atpLib.Devices.RFC1662BinarySerialDevice.sendMsg(C:\BA\Software_projects\PIC\1510\source_code_1510_GUI\2\BA1510_GUI_SRC\atpLib\Devices\RFC1662Device\RFC1662BinarySerialDevice.cs:107) [INFO] - sending 0
2018-05-22 09:31:35,289 [8] atpLib.Devices.RFC1662BinarySerialDevice.receiveAnswer(C:\BA\Software_projects\PIC\1510\source_code_1510_GUI\2\BA1510_GUI_SRC\atpLib\Devices\RFC1662Device\RFC1662BinarySerialDevice.cs:86) [INFO] - got answer of type: 81
2018-05-22 09:31:35,294 [9] atpLib.Scenarios.Scenario.runTask(C:\BA\Software_projects\PIC\1510\source_code_1510_GUI\2\BA1510_GUI_SRC\atpLib\Scenarios\Scenario.cs:221) [INFO] - Scenario passed.
2018-05-22 09:32:09,228 [12] atpLib.Scenarios.Scenario.runTask(C:\BA\Software_projects\PIC\1510\source_code_1510_GUI\2\BA1510_GUI_SRC\atpLib\Scenarios\Scenario.cs:178) [INFO] - Running scenario "Get Version" - with timeout of: 10 seconds.
2018-05-22 09:32:09,232 [10] atpLib.Scenarios.SingleMessageSingleDeviceScenario.internalRun(C:\BA\Software_projects\PIC\1510\source_code_1510_GUI\2\BA1510_GUI_SRC\atpLib\Scenarios\SingleMessageSingleDeviceScenario.cs:27) [INFO] - sending a message of type: GetVersionMessage
2018-05-22 09:32:09,235 [10] atpLib.Devices.RFC1662BinarySerialDevice.sendMsg(C:\BA\Software_projects\PIC\1510\source_code_1510_GUI\2\BA1510_GUI_SRC\atpLib\Devices\RFC1662Device\RFC1662BinarySerialDevice.cs:107) [INFO] - sending 2
