2018-06-13 13:24:27,562 [1] mfe_gui.frmMain.frmMain_Load(C:\BA\Software_projects\PIC\1510\8.5.18_ver_1_f\BA1510_GUI_1.1.11\MFE_gui\frmMain.cs:70) [INFO] - Statring Program, Version - 1.1.11.0, AtpLib - 1.4.4.0
2018-06-13 13:24:30,637 [1] mfe_gui.frmMain.btnConnect_Click(C:\BA\Software_projects\PIC\1510\8.5.18_ver_1_f\BA1510_GUI_1.1.11\MFE_gui\frmMain.cs:249) [INFO] - Connected to COM3
2018-06-13 13:24:32,380 [5] atpLib.Scenarios.Scenario.runTask(C:\BA\Software_projects\PIC\1510\8.5.18_ver_1_f\BA1510_GUI_1.1.11\atpLib\Scenarios\Scenario.cs:178) [INFO] - Running scenario "Send Control Message" - with timeout of: 10 seconds.
2018-06-13 13:24:32,391 [6] atpLib.Scenarios.SingleMessageSingleDeviceScenario.internalRun(C:\BA\Software_projects\PIC\1510\8.5.18_ver_1_f\BA1510_GUI_1.1.11\atpLib\Scenarios\SingleMessageSingleDeviceScenario.cs:27) [INFO] - sending a message of type: ControlMessage
2018-06-13 13:24:32,394 [6] atpLib.Devices.RFC1662BinarySerialDevice.sendMsg(C:\BA\Software_projects\PIC\1510\8.5.18_ver_1_f\BA1510_GUI_1.1.11\atpLib\Devices\RFC1662Device\RFC1662BinarySerialDevice.cs:107) [INFO] - sending 0
2018-06-13 13:24:32,554 [6] atpLib.Devices.RFC1662BinarySerialDevice.receiveAnswer(C:\BA\Software_projects\PIC\1510\8.5.18_ver_1_f\BA1510_GUI_1.1.11\atpLib\Devices\RFC1662Device\RFC1662BinarySerialDevice.cs:86) [INFO] - got answer of type: 81
2018-06-13 13:24:32,564 [5] atpLib.Scenarios.Scenario.runTask(C:\BA\Software_projects\PIC\1510\8.5.18_ver_1_f\BA1510_GUI_1.1.11\atpLib\Scenarios\Scenario.cs:221) [INFO] - Scenario passed.
2018-06-13 13:24:35,734 [5] atpLib.Scenarios.Scenario.runTask(C:\BA\Software_projects\PIC\1510\8.5.18_ver_1_f\BA1510_GUI_1.1.11\atpLib\Scenarios\Scenario.cs:178) [INFO] - Running scenario "Change Mode" - with timeout of: 10 seconds.
2018-06-13 13:24:35,736 [7] atpLib.Scenarios.SingleMessageSingleDeviceScenario.internalRun(C:\BA\Software_projects\PIC\1510\8.5.18_ver_1_f\BA1510_GUI_1.1.11\atpLib\Scenarios\SingleMessageSingleDeviceScenario.cs:27) [INFO] - sending a message of type: ChangeModeMessage
2018-06-13 13:24:35,737 [7] atpLib.Devices.RFC1662BinarySerialDevice.sendMsg(C:\BA\Software_projects\PIC\1510\8.5.18_ver_1_f\BA1510_GUI_1.1.11\atpLib\Devices\RFC1662Device\RFC1662BinarySerialDevice.cs:107) [INFO] - sending 3
2018-06-13 13:24:35,741 [7] atpLib.Devices.RFC1662BinarySerialDevice.receiveAnswer(C:\BA\Software_projects\PIC\1510\8.5.18_ver_1_f\BA1510_GUI_1.1.11\atpLib\Devices\RFC1662Device\RFC1662BinarySerialDevice.cs:86) [INFO] - got answer of type: 80
2018-06-13 13:24:35,745 [5] atpLib.Scenarios.Scenario.runTask(C:\BA\Software_projects\PIC\1510\8.5.18_ver_1_f\BA1510_GUI_1.1.11\atpLib\Scenarios\Scenario.cs:221) [INFO] - Scenario passed.
2018-06-13 13:24:36,547 [6] atpLib.Scenarios.Scenario.runTask(C:\BA\Software_projects\PIC\1510\8.5.18_ver_1_f\BA1510_GUI_1.1.11\atpLib\Scenarios\Scenario.cs:178) [INFO] - Running scenario "Send Control Message" - with timeout of: 10 seconds.
2018-06-13 13:24:36,553 [7] atpLib.Scenarios.SingleMessageSingleDeviceScenario.internalRun(C:\BA\Software_projects\PIC\1510\8.5.18_ver_1_f\BA1510_GUI_1.1.11\atpLib\Scenarios\SingleMessageSingleDeviceScenario.cs:27) [INFO] - sending a message of type: ControlMessage
2018-06-13 13:24:36,558 [7] atpLib.Devices.RFC1662BinarySerialDevice.sendMsg(C:\BA\Software_projects\PIC\1510\8.5.18_ver_1_f\BA1510_GUI_1.1.11\atpLib\Devices\RFC1662Device\RFC1662BinarySerialDevice.cs:107) [INFO] - sending 0
2018-06-13 13:24:36,564 [7] atpLib.Devices.RFC1662BinarySerialDevice.receiveAnswer(C:\BA\Software_projects\PIC\1510\8.5.18_ver_1_f\BA1510_GUI_1.1.11\atpLib\Devices\RFC1662Device\RFC1662BinarySerialDevice.cs:86) [INFO] - got answer of type: 81
2018-06-13 13:24:36,568 [6] atpLib.Scenarios.Scenario.runTask(C:\BA\Software_projects\PIC\1510\8.5.18_ver_1_f\BA1510_GUI_1.1.11\atpLib\Scenarios\Scenario.cs:221) [INFO] - Scenario passed.
2018-06-13 13:24:36,889 [10] atpLib.Scenarios.Scenario.runTask(C:\BA\Software_projects\PIC\1510\8.5.18_ver_1_f\BA1510_GUI_1.1.11\atpLib\Scenarios\Scenario.cs:178) [INFO] - Running scenario "Send Control Message" - with timeout of: 10 seconds.
2018-06-13 13:24:36,892 [6] atpLib.Scenarios.SingleMessageSingleDeviceScenario.internalRun(C:\BA\Software_projects\PIC\1510\8.5.18_ver_1_f\BA1510_GUI_1.1.11\atpLib\Scenarios\SingleMessageSingleDeviceScenario.cs:27) [INFO] - sending a message of type: ControlMessage
2018-06-13 13:24:36,896 [6] atpLib.Devices.RFC1662BinarySerialDevice.sendMsg(C:\BA\Software_projects\PIC\1510\8.5.18_ver_1_f\BA1510_GUI_1.1.11\atpLib\Devices\RFC1662Device\RFC1662BinarySerialDevice.cs:107) [INFO] - sending 0
2018-06-13 13:24:36,901 [6] atpLib.Devices.RFC1662BinarySerialDevice.receiveAnswer(C:\BA\Software_projects\PIC\1510\8.5.18_ver_1_f\BA1510_GUI_1.1.11\atpLib\Devices\RFC1662Device\RFC1662BinarySerialDevice.cs:86) [INFO] - got answer of type: 81
2018-06-13 13:24:36,906 [10] atpLib.Scenarios.Scenario.runTask(C:\BA\Software_projects\PIC\1510\8.5.18_ver_1_f\BA1510_GUI_1.1.11\atpLib\Scenarios\Scenario.cs:221) [INFO] - Scenario passed.
2018-06-13 13:24:37,073 [7] atpLib.Scenarios.Scenario.runTask(C:\BA\Software_projects\PIC\1510\8.5.18_ver_1_f\BA1510_GUI_1.1.11\atpLib\Scenarios\Scenario.cs:178) [INFO] - Running scenario "Send Control Message" - with timeout of: 10 seconds.
2018-06-13 13:24:37,077 [5] atpLib.Scenarios.SingleMessageSingleDeviceScenario.internalRun(C:\BA\Software_projects\PIC\1510\8.5.18_ver_1_f\BA1510_GUI_1.1.11\atpLib\Scenarios\SingleMessageSingleDeviceScenario.cs:27) [INFO] - sending a message of type: ControlMessage
2018-06-13 13:24:37,080 [5] atpLib.Devices.RFC1662BinarySerialDevice.sendMsg(C:\BA\Software_projects\PIC\1510\8.5.18_ver_1_f\BA1510_GUI_1.1.11\atpLib\Devices\RFC1662Device\RFC1662BinarySerialDevice.cs:107) [INFO] - sending 0
2018-06-13 13:24:37,086 [5] atpLib.Devices.RFC1662BinarySerialDevice.receiveAnswer(C:\BA\Software_projects\PIC\1510\8.5.18_ver_1_f\BA1510_GUI_1.1.11\atpLib\Devices\RFC1662Device\RFC1662BinarySerialDevice.cs:86) [INFO] - got answer of type: 81
2018-06-13 13:24:37,090 [7] atpLib.Scenarios.Scenario.runTask(C:\BA\Software_projects\PIC\1510\8.5.18_ver_1_f\BA1510_GUI_1.1.11\atpLib\Scenarios\Scenario.cs:221) [INFO] - Scenario passed.
2018-06-13 13:24:37,272 [6] atpLib.Scenarios.Scenario.runTask(C:\BA\Software_projects\PIC\1510\8.5.18_ver_1_f\BA1510_GUI_1.1.11\atpLib\Scenarios\Scenario.cs:178) [INFO] - Running scenario "Send Control Message" - with timeout of: 10 seconds.
2018-06-13 13:24:37,276 [10] atpLib.Scenarios.SingleMessageSingleDeviceScenario.internalRun(C:\BA\Software_projects\PIC\1510\8.5.18_ver_1_f\BA1510_GUI_1.1.11\atpLib\Scenarios\SingleMessageSingleDeviceScenario.cs:27) [INFO] - sending a message of type: ControlMessage
2018-06-13 13:24:37,280 [10] atpLib.Devices.RFC1662BinarySerialDevice.sendMsg(C:\BA\Software_projects\PIC\1510\8.5.18_ver_1_f\BA1510_GUI_1.1.11\atpLib\Devices\RFC1662Device\RFC1662BinarySerialDevice.cs:107) [INFO] - sending 0
2018-06-13 13:24:37,285 [10] atpLib.Devices.RFC1662BinarySerialDevice.receiveAnswer(C:\BA\Software_projects\PIC\1510\8.5.18_ver_1_f\BA1510_GUI_1.1.11\atpLib\Devices\RFC1662Device\RFC1662BinarySerialDevice.cs:86) [INFO] - got answer of type: 81
2018-06-13 13:24:37,290 [6] atpLib.Scenarios.Scenario.runTask(C:\BA\Software_projects\PIC\1510\8.5.18_ver_1_f\BA1510_GUI_1.1.11\atpLib\Scenarios\Scenario.cs:221) [INFO] - Scenario passed.
2018-06-13 13:24:37,441 [5] atpLib.Scenarios.Scenario.runTask(C:\BA\Software_projects\PIC\1510\8.5.18_ver_1_f\BA1510_GUI_1.1.11\atpLib\Scenarios\Scenario.cs:178) [INFO] - Running scenario "Send Control Message" - with timeout of: 10 seconds.
2018-06-13 13:24:37,445 [6] atpLib.Scenarios.SingleMessageSingleDeviceScenario.internalRun(C:\BA\Software_projects\PIC\1510\8.5.18_ver_1_f\BA1510_GUI_1.1.11\atpLib\Scenarios\SingleMessageSingleDeviceScenario.cs:27) [INFO] - sending a message of type: ControlMessage
2018-06-13 13:24:37,452 [6] atpLib.Devices.RFC1662BinarySerialDevice.sendMsg(C:\BA\Software_projects\PIC\1510\8.5.18_ver_1_f\BA1510_GUI_1.1.11\atpLib\Devices\RFC1662Device\RFC1662BinarySerialDevice.cs:107) [INFO] - sending 0
2018-06-13 13:24:37,457 [6] atpLib.Devices.RFC1662BinarySerialDevice.receiveAnswer(C:\BA\Software_projects\PIC\1510\8.5.18_ver_1_f\BA1510_GUI_1.1.11\atpLib\Devices\RFC1662Device\RFC1662BinarySerialDevice.cs:86) [INFO] - got answer of type: 81
2018-06-13 13:24:37,469 [5] atpLib.Scenarios.Scenario.runTask(C:\BA\Software_projects\PIC\1510\8.5.18_ver_1_f\BA1510_GUI_1.1.11\atpLib\Scenarios\Scenario.cs:221) [INFO] - Scenario passed.
2018-06-13 13:24:37,625 [7] atpLib.Scenarios.Scenario.runTask(C:\BA\Software_projects\PIC\1510\8.5.18_ver_1_f\BA1510_GUI_1.1.11\atpLib\Scenarios\Scenario.cs:178) [INFO] - Running scenario "Send Control Message" - with timeout of: 10 seconds.
2018-06-13 13:24:37,630 [12] atpLib.Scenarios.SingleMessageSingleDeviceScenario.internalRun(C:\BA\Software_projects\PIC\1510\8.5.18_ver_1_f\BA1510_GUI_1.1.11\atpLib\Scenarios\SingleMessageSingleDeviceScenario.cs:27) [INFO] - sending a message of type: ControlMessage
2018-06-13 13:24:37,633 [12] atpLib.Devices.RFC1662BinarySerialDevice.sendMsg(C:\BA\Software_projects\PIC\1510\8.5.18_ver_1_f\BA1510_GUI_1.1.11\atpLib\Devices\RFC1662Device\RFC1662BinarySerialDevice.cs:107) [INFO] - sending 0
2018-06-13 13:24:37,640 [12] atpLib.Devices.RFC1662BinarySerialDevice.receiveAnswer(C:\BA\Software_projects\PIC\1510\8.5.18_ver_1_f\BA1510_GUI_1.1.11\atpLib\Devices\RFC1662Device\RFC1662BinarySerialDevice.cs:86) [INFO] - got answer of type: 81
2018-06-13 13:24:37,643 [7] atpLib.Scenarios.Scenario.runTask(C:\BA\Software_projects\PIC\1510\8.5.18_ver_1_f\BA1510_GUI_1.1.11\atpLib\Scenarios\Scenario.cs:221) [INFO] - Scenario passed.
2018-06-13 13:24:37,795 [5] atpLib.Scenarios.Scenario.runTask(C:\BA\Software_projects\PIC\1510\8.5.18_ver_1_f\BA1510_GUI_1.1.11\atpLib\Scenarios\Scenario.cs:178) [INFO] - Running scenario "Send Control Message" - with timeout of: 10 seconds.
2018-06-13 13:24:37,799 [10] atpLib.Scenarios.SingleMessageSingleDeviceScenario.internalRun(C:\BA\Software_projects\PIC\1510\8.5.18_ver_1_f\BA1510_GUI_1.1.11\atpLib\Scenarios\SingleMessageSingleDeviceScenario.cs:27) [INFO] - sending a message of type: ControlMessage
2018-06-13 13:24:37,802 [10] atpLib.Devices.RFC1662BinarySerialDevice.sendMsg(C:\BA\Software_projects\PIC\1510\8.5.18_ver_1_f\BA1510_GUI_1.1.11\atpLib\Devices\RFC1662Device\RFC1662BinarySerialDevice.cs:107) [INFO] - sending 0
2018-06-13 13:24:37,807 [10] atpLib.Devices.RFC1662BinarySerialDevice.receiveAnswer(C:\BA\Software_projects\PIC\1510\8.5.18_ver_1_f\BA1510_GUI_1.1.11\atpLib\Devices\RFC1662Device\RFC1662BinarySerialDevice.cs:86) [INFO] - got answer of type: 81
2018-06-13 13:24:37,811 [5] atpLib.Scenarios.Scenario.runTask(C:\BA\Software_projects\PIC\1510\8.5.18_ver_1_f\BA1510_GUI_1.1.11\atpLib\Scenarios\Scenario.cs:221) [INFO] - Scenario passed.
2018-06-13 13:24:39,103 [5] atpLib.Scenarios.Scenario.runTask(C:\BA\Software_projects\PIC\1510\8.5.18_ver_1_f\BA1510_GUI_1.1.11\atpLib\Scenarios\Scenario.cs:178) [INFO] - Running scenario "Get Momentery Status" - with timeout of: 10 seconds.
2018-06-13 13:24:39,108 [7] atpLib.Scenarios.SingleMessageSingleDeviceScenario.internalRun(C:\BA\Software_projects\PIC\1510\8.5.18_ver_1_f\BA1510_GUI_1.1.11\atpLib\Scenarios\SingleMessageSingleDeviceScenario.cs:27) [INFO] - sending a message of type: GetMomenteryStatusMessage
2018-06-13 13:24:39,110 [7] atpLib.Devices.RFC1662BinarySerialDevice.sendMsg(C:\BA\Software_projects\PIC\1510\8.5.18_ver_1_f\BA1510_GUI_1.1.11\atpLib\Devices\RFC1662Device\RFC1662BinarySerialDevice.cs:107) [INFO] - sending 9
2018-06-13 13:24:39,116 [7] atpLib.Devices.RFC1662BinarySerialDevice.receiveAnswer(C:\BA\Software_projects\PIC\1510\8.5.18_ver_1_f\BA1510_GUI_1.1.11\atpLib\Devices\RFC1662Device\RFC1662BinarySerialDevice.cs:86) [INFO] - got answer of type: 89
2018-06-13 13:24:39,135 [7] atpLib.Scenarios.SingleMessageSingleDeviceScenario.internalRun(C:\BA\Software_projects\PIC\1510\8.5.18_ver_1_f\BA1510_GUI_1.1.11\atpLib\Scenarios\SingleMessageSingleDeviceScenario.cs:68) [ERROR] - Destination array is not long enough to copy all the items in the collection. Check array index and length.
