2018-05-24 17:06:55,008 [1] mfe_gui.frmMain.frmMain_Load(C:\BA\Software_projects\PIC\1510\8.5.18_ver_1_f\BA1510_GUI_1.1.11\MFE_gui\frmMain.cs:70) [INFO] - Statring Program, Version - 1.1.11.0, AtpLib - 1.4.4.0
2018-05-24 17:06:59,892 [1] mfe_gui.frmMain.btnConnect_Click(C:\BA\Software_projects\PIC\1510\8.5.18_ver_1_f\BA1510_GUI_1.1.11\MFE_gui\frmMain.cs:249) [INFO] - Connected to COM8
2018-05-24 17:07:20,717 [6] atpLib.Scenarios.Scenario.runTask(C:\BA\Software_projects\PIC\1510\8.5.18_ver_1_f\BA1510_GUI_1.1.11\atpLib\Scenarios\Scenario.cs:178) [INFO] - Running scenario "Software Update Scenario" - with timeout of: 2147483 seconds.
2018-05-24 17:07:20,738 [7] mfe_gui.Scenarios.SoftwareUpdateScenario.internalRun(C:\BA\Software_projects\PIC\1510\8.5.18_ver_1_f\BA1510_GUI_1.1.11\MFE_gui\Scenarios\SoftwareUpdateScenario.cs:66) [INFO] - Programming address: 0x2000
2018-05-24 17:07:20,747 [8] atpLib.Scenarios.Scenario.runTask(C:\BA\Software_projects\PIC\1510\8.5.18_ver_1_f\BA1510_GUI_1.1.11\atpLib\Scenarios\Scenario.cs:178) [INFO] - Running scenario "Send Line Scenario" - with timeout of: 10 seconds.
2018-05-24 17:07:20,749 [9] atpLib.Scenarios.SingleMessageSingleDeviceScenario.internalRun(C:\BA\Software_projects\PIC\1510\8.5.18_ver_1_f\BA1510_GUI_1.1.11\atpLib\Scenarios\SingleMessageSingleDeviceScenario.cs:27) [INFO] - sending a message of type: SetBootDataMessage
2018-05-24 17:07:20,751 [9] atpLib.Devices.RFC1662BinarySerialDevice.sendMsg(C:\BA\Software_projects\PIC\1510\8.5.18_ver_1_f\BA1510_GUI_1.1.11\atpLib\Devices\RFC1662Device\RFC1662BinarySerialDevice.cs:107) [INFO] - sending 6
2018-05-24 17:07:21,020 [9] atpLib.Devices.RFC1662BinarySerialDevice.receiveAnswer(C:\BA\Software_projects\PIC\1510\8.5.18_ver_1_f\BA1510_GUI_1.1.11\atpLib\Devices\RFC1662Device\RFC1662BinarySerialDevice.cs:86) [INFO] - got answer of type: 80
2018-05-24 17:07:21,040 [8] atpLib.Scenarios.Scenario.runTask(C:\BA\Software_projects\PIC\1510\8.5.18_ver_1_f\BA1510_GUI_1.1.11\atpLib\Scenarios\Scenario.cs:221) [INFO] - Scenario passed.
2018-05-24 17:07:21,055 [7] mfe_gui.Scenarios.SoftwareUpdateScenario.internalRun(C:\BA\Software_projects\PIC\1510\8.5.18_ver_1_f\BA1510_GUI_1.1.11\MFE_gui\Scenarios\SoftwareUpdateScenario.cs:137) [ERROR] - error in "Software Update Scenario"
System.InvalidCastException: Unable to cast object of type 'mfe_gui.Messages.AckResponse' to type 'mfe_gui.Messages.SetBootDataResponse'.
   at mfe_gui.Scenarios.SoftwareUpdateScenario.internalRun(CancellationToken ct) in C:\BA\Software_projects\PIC\1510\8.5.18_ver_1_f\BA1510_GUI_1.1.11\MFE_gui\Scenarios\SoftwareUpdateScenario.cs:line 72
2018-05-24 17:07:21,086 [6] atpLib.Scenarios.Scenario.runTask(C:\BA\Software_projects\PIC\1510\8.5.18_ver_1_f\BA1510_GUI_1.1.11\atpLib\Scenarios\Scenario.cs:221) [INFO] - Scenario failed.
2018-05-24 17:07:32,052 [7] atpLib.Scenarios.Scenario.runTask(C:\BA\Software_projects\PIC\1510\8.5.18_ver_1_f\BA1510_GUI_1.1.11\atpLib\Scenarios\Scenario.cs:178) [INFO] - Running scenario "Software Update Scenario" - with timeout of: 2147483 seconds.
2018-05-24 17:07:32,071 [6] mfe_gui.Scenarios.SoftwareUpdateScenario.internalRun(C:\BA\Software_projects\PIC\1510\8.5.18_ver_1_f\BA1510_GUI_1.1.11\MFE_gui\Scenarios\SoftwareUpdateScenario.cs:66) [INFO] - Programming address: 0x2000
2018-05-24 17:07:32,074 [8] atpLib.Scenarios.Scenario.runTask(C:\BA\Software_projects\PIC\1510\8.5.18_ver_1_f\BA1510_GUI_1.1.11\atpLib\Scenarios\Scenario.cs:178) [INFO] - Running scenario "Send Line Scenario" - with timeout of: 10 seconds.
2018-05-24 17:07:32,076 [9] atpLib.Scenarios.SingleMessageSingleDeviceScenario.internalRun(C:\BA\Software_projects\PIC\1510\8.5.18_ver_1_f\BA1510_GUI_1.1.11\atpLib\Scenarios\SingleMessageSingleDeviceScenario.cs:27) [INFO] - sending a message of type: SetBootDataMessage
2018-05-24 17:07:32,077 [9] atpLib.Devices.RFC1662BinarySerialDevice.sendMsg(C:\BA\Software_projects\PIC\1510\8.5.18_ver_1_f\BA1510_GUI_1.1.11\atpLib\Devices\RFC1662Device\RFC1662BinarySerialDevice.cs:107) [INFO] - sending 6
2018-05-24 17:07:32,081 [9] atpLib.Devices.RFC1662BinarySerialDevice.receiveAnswer(C:\BA\Software_projects\PIC\1510\8.5.18_ver_1_f\BA1510_GUI_1.1.11\atpLib\Devices\RFC1662Device\RFC1662BinarySerialDevice.cs:86) [INFO] - got answer of type: 80
2018-05-24 17:07:32,087 [8] atpLib.Scenarios.Scenario.runTask(C:\BA\Software_projects\PIC\1510\8.5.18_ver_1_f\BA1510_GUI_1.1.11\atpLib\Scenarios\Scenario.cs:221) [INFO] - Scenario passed.
2018-05-24 17:07:32,104 [6] mfe_gui.Scenarios.SoftwareUpdateScenario.internalRun(C:\BA\Software_projects\PIC\1510\8.5.18_ver_1_f\BA1510_GUI_1.1.11\MFE_gui\Scenarios\SoftwareUpdateScenario.cs:137) [ERROR] - error in "Software Update Scenario"
System.InvalidCastException: Unable to cast object of type 'mfe_gui.Messages.AckResponse' to type 'mfe_gui.Messages.SetBootDataResponse'.
   at mfe_gui.Scenarios.SoftwareUpdateScenario.internalRun(CancellationToken ct) in C:\BA\Software_projects\PIC\1510\8.5.18_ver_1_f\BA1510_GUI_1.1.11\MFE_gui\Scenarios\SoftwareUpdateScenario.cs:line 72
2018-05-24 17:07:32,119 [7] atpLib.Scenarios.Scenario.runTask(C:\BA\Software_projects\PIC\1510\8.5.18_ver_1_f\BA1510_GUI_1.1.11\atpLib\Scenarios\Scenario.cs:221) [INFO] - Scenario failed.
2018-05-24 17:07:33,223 [8] atpLib.Scenarios.Scenario.runTask(C:\BA\Software_projects\PIC\1510\8.5.18_ver_1_f\BA1510_GUI_1.1.11\atpLib\Scenarios\Scenario.cs:178) [INFO] - Running scenario "Software Update Scenario" - with timeout of: 2147483 seconds.
2018-05-24 17:07:33,234 [7] mfe_gui.Scenarios.SoftwareUpdateScenario.internalRun(C:\BA\Software_projects\PIC\1510\8.5.18_ver_1_f\BA1510_GUI_1.1.11\MFE_gui\Scenarios\SoftwareUpdateScenario.cs:66) [INFO] - Programming address: 0x2000
2018-05-24 17:07:33,237 [9] atpLib.Scenarios.Scenario.runTask(C:\BA\Software_projects\PIC\1510\8.5.18_ver_1_f\BA1510_GUI_1.1.11\atpLib\Scenarios\Scenario.cs:178) [INFO] - Running scenario "Send Line Scenario" - with timeout of: 10 seconds.
2018-05-24 17:07:33,239 [6] atpLib.Scenarios.SingleMessageSingleDeviceScenario.internalRun(C:\BA\Software_projects\PIC\1510\8.5.18_ver_1_f\BA1510_GUI_1.1.11\atpLib\Scenarios\SingleMessageSingleDeviceScenario.cs:27) [INFO] - sending a message of type: SetBootDataMessage
2018-05-24 17:07:33,241 [6] atpLib.Devices.RFC1662BinarySerialDevice.sendMsg(C:\BA\Software_projects\PIC\1510\8.5.18_ver_1_f\BA1510_GUI_1.1.11\atpLib\Devices\RFC1662Device\RFC1662BinarySerialDevice.cs:107) [INFO] - sending 6
2018-05-24 17:07:33,245 [6] atpLib.Devices.RFC1662BinarySerialDevice.receiveAnswer(C:\BA\Software_projects\PIC\1510\8.5.18_ver_1_f\BA1510_GUI_1.1.11\atpLib\Devices\RFC1662Device\RFC1662BinarySerialDevice.cs:86) [INFO] - got answer of type: 80
2018-05-24 17:07:33,250 [9] atpLib.Scenarios.Scenario.runTask(C:\BA\Software_projects\PIC\1510\8.5.18_ver_1_f\BA1510_GUI_1.1.11\atpLib\Scenarios\Scenario.cs:221) [INFO] - Scenario passed.
2018-05-24 17:07:33,266 [7] mfe_gui.Scenarios.SoftwareUpdateScenario.internalRun(C:\BA\Software_projects\PIC\1510\8.5.18_ver_1_f\BA1510_GUI_1.1.11\MFE_gui\Scenarios\SoftwareUpdateScenario.cs:137) [ERROR] - error in "Software Update Scenario"
System.InvalidCastException: Unable to cast object of type 'mfe_gui.Messages.AckResponse' to type 'mfe_gui.Messages.SetBootDataResponse'.
   at mfe_gui.Scenarios.SoftwareUpdateScenario.internalRun(CancellationToken ct) in C:\BA\Software_projects\PIC\1510\8.5.18_ver_1_f\BA1510_GUI_1.1.11\MFE_gui\Scenarios\SoftwareUpdateScenario.cs:line 72
2018-05-24 17:07:33,282 [8] atpLib.Scenarios.Scenario.runTask(C:\BA\Software_projects\PIC\1510\8.5.18_ver_1_f\BA1510_GUI_1.1.11\atpLib\Scenarios\Scenario.cs:221) [INFO] - Scenario failed.
2018-05-24 17:07:47,037 [8] atpLib.Scenarios.Scenario.runTask(C:\BA\Software_projects\PIC\1510\8.5.18_ver_1_f\BA1510_GUI_1.1.11\atpLib\Scenarios\Scenario.cs:178) [INFO] - Running scenario "Software Update Scenario" - with timeout of: 2147483 seconds.
2018-05-24 17:07:47,044 [7] mfe_gui.Scenarios.SoftwareUpdateScenario.internalRun(C:\BA\Software_projects\PIC\1510\8.5.18_ver_1_f\BA1510_GUI_1.1.11\MFE_gui\Scenarios\SoftwareUpdateScenario.cs:66) [INFO] - Programming address: 0x2000
2018-05-24 17:07:47,047 [9] atpLib.Scenarios.Scenario.runTask(C:\BA\Software_projects\PIC\1510\8.5.18_ver_1_f\BA1510_GUI_1.1.11\atpLib\Scenarios\Scenario.cs:178) [INFO] - Running scenario "Send Line Scenario" - with timeout of: 10 seconds.
2018-05-24 17:07:47,049 [6] atpLib.Scenarios.SingleMessageSingleDeviceScenario.internalRun(C:\BA\Software_projects\PIC\1510\8.5.18_ver_1_f\BA1510_GUI_1.1.11\atpLib\Scenarios\SingleMessageSingleDeviceScenario.cs:27) [INFO] - sending a message of type: SetBootDataMessage
2018-05-24 17:07:47,052 [6] atpLib.Devices.RFC1662BinarySerialDevice.sendMsg(C:\BA\Software_projects\PIC\1510\8.5.18_ver_1_f\BA1510_GUI_1.1.11\atpLib\Devices\RFC1662Device\RFC1662BinarySerialDevice.cs:107) [INFO] - sending 6
2018-05-24 17:07:47,056 [6] atpLib.Devices.RFC1662BinarySerialDevice.receiveAnswer(C:\BA\Software_projects\PIC\1510\8.5.18_ver_1_f\BA1510_GUI_1.1.11\atpLib\Devices\RFC1662Device\RFC1662BinarySerialDevice.cs:86) [INFO] - got answer of type: 80
2018-05-24 17:07:47,060 [9] atpLib.Scenarios.Scenario.runTask(C:\BA\Software_projects\PIC\1510\8.5.18_ver_1_f\BA1510_GUI_1.1.11\atpLib\Scenarios\Scenario.cs:221) [INFO] - Scenario passed.
2018-05-24 17:07:47,075 [7] mfe_gui.Scenarios.SoftwareUpdateScenario.internalRun(C:\BA\Software_projects\PIC\1510\8.5.18_ver_1_f\BA1510_GUI_1.1.11\MFE_gui\Scenarios\SoftwareUpdateScenario.cs:137) [ERROR] - error in "Software Update Scenario"
System.InvalidCastException: Unable to cast object of type 'mfe_gui.Messages.AckResponse' to type 'mfe_gui.Messages.SetBootDataResponse'.
   at mfe_gui.Scenarios.SoftwareUpdateScenario.internalRun(CancellationToken ct) in C:\BA\Software_projects\PIC\1510\8.5.18_ver_1_f\BA1510_GUI_1.1.11\MFE_gui\Scenarios\SoftwareUpdateScenario.cs:line 72
2018-05-24 17:07:47,091 [8] atpLib.Scenarios.Scenario.runTask(C:\BA\Software_projects\PIC\1510\8.5.18_ver_1_f\BA1510_GUI_1.1.11\atpLib\Scenarios\Scenario.cs:221) [INFO] - Scenario failed.
