2018-05-23 09:49:41,517 [1] mfe_gui.frmMain.frmMain_Load(C:\BA\Software_projects\PIC\1510\8.5.18_ver_1_f\BA1510_GUI_SRC\MFE_gui\frmMain.cs:70) [INFO] - Statring Program, Version - 1.1.10.0, AtpLib - 1.4.4.0
2018-05-23 09:49:41,572 [1] mfe_gui.frmMain.loadDefaultcomPort(C:\BA\Software_projects\PIC\1510\8.5.18_ver_1_f\BA1510_GUI_SRC\MFE_gui\frmMain.cs:164) [INFO] - could not read defualt comport from configuration, using COM1 as defualt
2018-05-23 10:48:37,927 [1] mfe_gui.frmMain.btnConnect_Click(C:\BA\Software_projects\PIC\1510\8.5.18_ver_1_f\BA1510_GUI_SRC\MFE_gui\frmMain.cs:249) [INFO] - Connected to COM3
2018-05-23 10:48:39,405 [6] atpLib.Scenarios.Scenario.runTask(C:\BA\Software_projects\PIC\1510\source_code_1510_GUI\2\BA1510_GUI_SRC\atpLib\Scenarios\Scenario.cs:178) [INFO] - Running scenario "Get Version" - with timeout of: 10 seconds.
2018-05-23 10:48:39,411 [7] atpLib.Scenarios.SingleMessageSingleDeviceScenario.internalRun(C:\BA\Software_projects\PIC\1510\source_code_1510_GUI\2\BA1510_GUI_SRC\atpLib\Scenarios\SingleMessageSingleDeviceScenario.cs:27) [INFO] - sending a message of type: GetVersionMessage
2018-05-23 10:48:39,416 [7] atpLib.Devices.RFC1662BinarySerialDevice.sendMsg(C:\BA\Software_projects\PIC\1510\source_code_1510_GUI\2\BA1510_GUI_SRC\atpLib\Devices\RFC1662Device\RFC1662BinarySerialDevice.cs:107) [INFO] - sending 2
2018-05-23 10:48:39,573 [7] atpLib.Devices.RFC1662BinarySerialDevice.receiveAnswer(C:\BA\Software_projects\PIC\1510\source_code_1510_GUI\2\BA1510_GUI_SRC\atpLib\Devices\RFC1662Device\RFC1662BinarySerialDevice.cs:86) [INFO] - got answer of type: 82
2018-05-23 10:48:39,585 [6] atpLib.Scenarios.Scenario.runTask(C:\BA\Software_projects\PIC\1510\source_code_1510_GUI\2\BA1510_GUI_SRC\atpLib\Scenarios\Scenario.cs:221) [INFO] - Scenario passed.
2018-05-23 10:48:39,590 [1] mfe_gui.frmMain.btnGetVersion_Click(C:\BA\Software_projects\PIC\1510\8.5.18_ver_1_f\BA1510_GUI_SRC\MFE_gui\frmMain.cs:379) [INFO] - Version: 1.F
Date: 9/5/2018
Serial: 0

2018-05-23 10:48:43,036 [6] atpLib.Scenarios.Scenario.runTask(C:\BA\Software_projects\PIC\1510\source_code_1510_GUI\2\BA1510_GUI_SRC\atpLib\Scenarios\Scenario.cs:178) [INFO] - Running scenario "Change Mode" - with timeout of: 10 seconds.
2018-05-23 10:48:43,040 [8] atpLib.Scenarios.SingleMessageSingleDeviceScenario.internalRun(C:\BA\Software_projects\PIC\1510\source_code_1510_GUI\2\BA1510_GUI_SRC\atpLib\Scenarios\SingleMessageSingleDeviceScenario.cs:27) [INFO] - sending a message of type: ChangeModeMessage
2018-05-23 10:48:43,046 [8] atpLib.Devices.RFC1662BinarySerialDevice.sendMsg(C:\BA\Software_projects\PIC\1510\source_code_1510_GUI\2\BA1510_GUI_SRC\atpLib\Devices\RFC1662Device\RFC1662BinarySerialDevice.cs:107) [INFO] - sending 3
2018-05-23 10:48:43,051 [8] atpLib.Devices.RFC1662BinarySerialDevice.receiveAnswer(C:\BA\Software_projects\PIC\1510\source_code_1510_GUI\2\BA1510_GUI_SRC\atpLib\Devices\RFC1662Device\RFC1662BinarySerialDevice.cs:86) [INFO] - got answer of type: 80
2018-05-23 10:48:43,058 [6] atpLib.Scenarios.Scenario.runTask(C:\BA\Software_projects\PIC\1510\source_code_1510_GUI\2\BA1510_GUI_SRC\atpLib\Scenarios\Scenario.cs:221) [INFO] - Scenario passed.
2018-05-23 10:48:43,991 [9] atpLib.Scenarios.Scenario.runTask(C:\BA\Software_projects\PIC\1510\source_code_1510_GUI\2\BA1510_GUI_SRC\atpLib\Scenarios\Scenario.cs:178) [INFO] - Running scenario "Send Control Message" - with timeout of: 10 seconds.
2018-05-23 10:48:43,995 [6] atpLib.Scenarios.SingleMessageSingleDeviceScenario.internalRun(C:\BA\Software_projects\PIC\1510\source_code_1510_GUI\2\BA1510_GUI_SRC\atpLib\Scenarios\SingleMessageSingleDeviceScenario.cs:27) [INFO] - sending a message of type: ControlMessage
2018-05-23 10:48:43,999 [6] atpLib.Devices.RFC1662BinarySerialDevice.sendMsg(C:\BA\Software_projects\PIC\1510\source_code_1510_GUI\2\BA1510_GUI_SRC\atpLib\Devices\RFC1662Device\RFC1662BinarySerialDevice.cs:107) [INFO] - sending 0
2018-05-23 10:48:44,007 [6] atpLib.Devices.RFC1662BinarySerialDevice.receiveAnswer(C:\BA\Software_projects\PIC\1510\source_code_1510_GUI\2\BA1510_GUI_SRC\atpLib\Devices\RFC1662Device\RFC1662BinarySerialDevice.cs:86) [INFO] - got answer of type: 81
2018-05-23 10:48:44,012 [9] atpLib.Scenarios.Scenario.runTask(C:\BA\Software_projects\PIC\1510\source_code_1510_GUI\2\BA1510_GUI_SRC\atpLib\Scenarios\Scenario.cs:221) [INFO] - Scenario passed.
2018-05-23 10:48:44,869 [6] atpLib.Scenarios.Scenario.runTask(C:\BA\Software_projects\PIC\1510\source_code_1510_GUI\2\BA1510_GUI_SRC\atpLib\Scenarios\Scenario.cs:178) [INFO] - Running scenario "Send Control Message" - with timeout of: 10 seconds.
2018-05-23 10:48:44,871 [8] atpLib.Scenarios.SingleMessageSingleDeviceScenario.internalRun(C:\BA\Software_projects\PIC\1510\source_code_1510_GUI\2\BA1510_GUI_SRC\atpLib\Scenarios\SingleMessageSingleDeviceScenario.cs:27) [INFO] - sending a message of type: ControlMessage
2018-05-23 10:48:44,875 [8] atpLib.Devices.RFC1662BinarySerialDevice.sendMsg(C:\BA\Software_projects\PIC\1510\source_code_1510_GUI\2\BA1510_GUI_SRC\atpLib\Devices\RFC1662Device\RFC1662BinarySerialDevice.cs:107) [INFO] - sending 0
2018-05-23 10:48:44,882 [8] atpLib.Devices.RFC1662BinarySerialDevice.receiveAnswer(C:\BA\Software_projects\PIC\1510\source_code_1510_GUI\2\BA1510_GUI_SRC\atpLib\Devices\RFC1662Device\RFC1662BinarySerialDevice.cs:86) [INFO] - got answer of type: 81
2018-05-23 10:48:44,885 [6] atpLib.Scenarios.Scenario.runTask(C:\BA\Software_projects\PIC\1510\source_code_1510_GUI\2\BA1510_GUI_SRC\atpLib\Scenarios\Scenario.cs:221) [INFO] - Scenario passed.
2018-05-23 10:48:45,332 [8] atpLib.Scenarios.Scenario.runTask(C:\BA\Software_projects\PIC\1510\source_code_1510_GUI\2\BA1510_GUI_SRC\atpLib\Scenarios\Scenario.cs:178) [INFO] - Running scenario "Send Control Message" - with timeout of: 10 seconds.
2018-05-23 10:48:45,337 [6] atpLib.Scenarios.SingleMessageSingleDeviceScenario.internalRun(C:\BA\Software_projects\PIC\1510\source_code_1510_GUI\2\BA1510_GUI_SRC\atpLib\Scenarios\SingleMessageSingleDeviceScenario.cs:27) [INFO] - sending a message of type: ControlMessage
2018-05-23 10:48:45,341 [6] atpLib.Devices.RFC1662BinarySerialDevice.sendMsg(C:\BA\Software_projects\PIC\1510\source_code_1510_GUI\2\BA1510_GUI_SRC\atpLib\Devices\RFC1662Device\RFC1662BinarySerialDevice.cs:107) [INFO] - sending 0
2018-05-23 10:48:45,348 [6] atpLib.Devices.RFC1662BinarySerialDevice.receiveAnswer(C:\BA\Software_projects\PIC\1510\source_code_1510_GUI\2\BA1510_GUI_SRC\atpLib\Devices\RFC1662Device\RFC1662BinarySerialDevice.cs:86) [INFO] - got answer of type: 81
2018-05-23 10:48:45,355 [8] atpLib.Scenarios.Scenario.runTask(C:\BA\Software_projects\PIC\1510\source_code_1510_GUI\2\BA1510_GUI_SRC\atpLib\Scenarios\Scenario.cs:221) [INFO] - Scenario passed.
2018-05-23 10:48:45,580 [7] atpLib.Scenarios.Scenario.runTask(C:\BA\Software_projects\PIC\1510\source_code_1510_GUI\2\BA1510_GUI_SRC\atpLib\Scenarios\Scenario.cs:178) [INFO] - Running scenario "Send Control Message" - with timeout of: 10 seconds.
2018-05-23 10:48:45,584 [8] atpLib.Scenarios.SingleMessageSingleDeviceScenario.internalRun(C:\BA\Software_projects\PIC\1510\source_code_1510_GUI\2\BA1510_GUI_SRC\atpLib\Scenarios\SingleMessageSingleDeviceScenario.cs:27) [INFO] - sending a message of type: ControlMessage
2018-05-23 10:48:45,587 [8] atpLib.Devices.RFC1662BinarySerialDevice.sendMsg(C:\BA\Software_projects\PIC\1510\source_code_1510_GUI\2\BA1510_GUI_SRC\atpLib\Devices\RFC1662Device\RFC1662BinarySerialDevice.cs:107) [INFO] - sending 0
2018-05-23 10:48:45,594 [8] atpLib.Devices.RFC1662BinarySerialDevice.receiveAnswer(C:\BA\Software_projects\PIC\1510\source_code_1510_GUI\2\BA1510_GUI_SRC\atpLib\Devices\RFC1662Device\RFC1662BinarySerialDevice.cs:86) [INFO] - got answer of type: 81
2018-05-23 10:48:45,598 [7] atpLib.Scenarios.Scenario.runTask(C:\BA\Software_projects\PIC\1510\source_code_1510_GUI\2\BA1510_GUI_SRC\atpLib\Scenarios\Scenario.cs:221) [INFO] - Scenario passed.
2018-05-23 10:48:45,797 [9] atpLib.Scenarios.Scenario.runTask(C:\BA\Software_projects\PIC\1510\source_code_1510_GUI\2\BA1510_GUI_SRC\atpLib\Scenarios\Scenario.cs:178) [INFO] - Running scenario "Send Control Message" - with timeout of: 10 seconds.
2018-05-23 10:48:45,800 [8] atpLib.Scenarios.SingleMessageSingleDeviceScenario.internalRun(C:\BA\Software_projects\PIC\1510\source_code_1510_GUI\2\BA1510_GUI_SRC\atpLib\Scenarios\SingleMessageSingleDeviceScenario.cs:27) [INFO] - sending a message of type: ControlMessage
2018-05-23 10:48:45,803 [8] atpLib.Devices.RFC1662BinarySerialDevice.sendMsg(C:\BA\Software_projects\PIC\1510\source_code_1510_GUI\2\BA1510_GUI_SRC\atpLib\Devices\RFC1662Device\RFC1662BinarySerialDevice.cs:107) [INFO] - sending 0
2018-05-23 10:48:45,809 [8] atpLib.Devices.RFC1662BinarySerialDevice.receiveAnswer(C:\BA\Software_projects\PIC\1510\source_code_1510_GUI\2\BA1510_GUI_SRC\atpLib\Devices\RFC1662Device\RFC1662BinarySerialDevice.cs:86) [INFO] - got answer of type: 81
2018-05-23 10:48:45,813 [9] atpLib.Scenarios.Scenario.runTask(C:\BA\Software_projects\PIC\1510\source_code_1510_GUI\2\BA1510_GUI_SRC\atpLib\Scenarios\Scenario.cs:221) [INFO] - Scenario passed.
2018-05-23 10:48:45,996 [8] atpLib.Scenarios.Scenario.runTask(C:\BA\Software_projects\PIC\1510\source_code_1510_GUI\2\BA1510_GUI_SRC\atpLib\Scenarios\Scenario.cs:178) [INFO] - Running scenario "Send Control Message" - with timeout of: 10 seconds.
2018-05-23 10:48:45,999 [6] atpLib.Scenarios.SingleMessageSingleDeviceScenario.internalRun(C:\BA\Software_projects\PIC\1510\source_code_1510_GUI\2\BA1510_GUI_SRC\atpLib\Scenarios\SingleMessageSingleDeviceScenario.cs:27) [INFO] - sending a message of type: ControlMessage
2018-05-23 10:48:46,002 [6] atpLib.Devices.RFC1662BinarySerialDevice.sendMsg(C:\BA\Software_projects\PIC\1510\source_code_1510_GUI\2\BA1510_GUI_SRC\atpLib\Devices\RFC1662Device\RFC1662BinarySerialDevice.cs:107) [INFO] - sending 0
2018-05-23 10:48:46,008 [6] atpLib.Devices.RFC1662BinarySerialDevice.receiveAnswer(C:\BA\Software_projects\PIC\1510\source_code_1510_GUI\2\BA1510_GUI_SRC\atpLib\Devices\RFC1662Device\RFC1662BinarySerialDevice.cs:86) [INFO] - got answer of type: 81
2018-05-23 10:48:46,013 [8] atpLib.Scenarios.Scenario.runTask(C:\BA\Software_projects\PIC\1510\source_code_1510_GUI\2\BA1510_GUI_SRC\atpLib\Scenarios\Scenario.cs:221) [INFO] - Scenario passed.
2018-05-23 10:48:46,188 [9] atpLib.Scenarios.Scenario.runTask(C:\BA\Software_projects\PIC\1510\source_code_1510_GUI\2\BA1510_GUI_SRC\atpLib\Scenarios\Scenario.cs:178) [INFO] - Running scenario "Send Control Message" - with timeout of: 10 seconds.
2018-05-23 10:48:46,192 [6] atpLib.Scenarios.SingleMessageSingleDeviceScenario.internalRun(C:\BA\Software_projects\PIC\1510\source_code_1510_GUI\2\BA1510_GUI_SRC\atpLib\Scenarios\SingleMessageSingleDeviceScenario.cs:27) [INFO] - sending a message of type: ControlMessage
2018-05-23 10:48:46,196 [6] atpLib.Devices.RFC1662BinarySerialDevice.sendMsg(C:\BA\Software_projects\PIC\1510\source_code_1510_GUI\2\BA1510_GUI_SRC\atpLib\Devices\RFC1662Device\RFC1662BinarySerialDevice.cs:107) [INFO] - sending 0
2018-05-23 10:48:46,204 [6] atpLib.Devices.RFC1662BinarySerialDevice.receiveAnswer(C:\BA\Software_projects\PIC\1510\source_code_1510_GUI\2\BA1510_GUI_SRC\atpLib\Devices\RFC1662Device\RFC1662BinarySerialDevice.cs:86) [INFO] - got answer of type: 81
2018-05-23 10:48:46,208 [9] atpLib.Scenarios.Scenario.runTask(C:\BA\Software_projects\PIC\1510\source_code_1510_GUI\2\BA1510_GUI_SRC\atpLib\Scenarios\Scenario.cs:221) [INFO] - Scenario passed.
2018-05-23 10:48:46,379 [6] atpLib.Scenarios.Scenario.runTask(C:\BA\Software_projects\PIC\1510\source_code_1510_GUI\2\BA1510_GUI_SRC\atpLib\Scenarios\Scenario.cs:178) [INFO] - Running scenario "Send Control Message" - with timeout of: 10 seconds.
2018-05-23 10:48:46,383 [8] atpLib.Scenarios.SingleMessageSingleDeviceScenario.internalRun(C:\BA\Software_projects\PIC\1510\source_code_1510_GUI\2\BA1510_GUI_SRC\atpLib\Scenarios\SingleMessageSingleDeviceScenario.cs:27) [INFO] - sending a message of type: ControlMessage
2018-05-23 10:48:46,385 [8] atpLib.Devices.RFC1662BinarySerialDevice.sendMsg(C:\BA\Software_projects\PIC\1510\source_code_1510_GUI\2\BA1510_GUI_SRC\atpLib\Devices\RFC1662Device\RFC1662BinarySerialDevice.cs:107) [INFO] - sending 0
2018-05-23 10:48:46,392 [8] atpLib.Devices.RFC1662BinarySerialDevice.receiveAnswer(C:\BA\Software_projects\PIC\1510\source_code_1510_GUI\2\BA1510_GUI_SRC\atpLib\Devices\RFC1662Device\RFC1662BinarySerialDevice.cs:86) [INFO] - got answer of type: 81
2018-05-23 10:48:46,395 [6] atpLib.Scenarios.Scenario.runTask(C:\BA\Software_projects\PIC\1510\source_code_1510_GUI\2\BA1510_GUI_SRC\atpLib\Scenarios\Scenario.cs:221) [INFO] - Scenario passed.
2018-05-23 10:48:46,580 [7] atpLib.Scenarios.Scenario.runTask(C:\BA\Software_projects\PIC\1510\source_code_1510_GUI\2\BA1510_GUI_SRC\atpLib\Scenarios\Scenario.cs:178) [INFO] - Running scenario "Send Control Message" - with timeout of: 10 seconds.
2018-05-23 10:48:46,584 [8] atpLib.Scenarios.SingleMessageSingleDeviceScenario.internalRun(C:\BA\Software_projects\PIC\1510\source_code_1510_GUI\2\BA1510_GUI_SRC\atpLib\Scenarios\SingleMessageSingleDeviceScenario.cs:27) [INFO] - sending a message of type: ControlMessage
2018-05-23 10:48:46,588 [8] atpLib.Devices.RFC1662BinarySerialDevice.sendMsg(C:\BA\Software_projects\PIC\1510\source_code_1510_GUI\2\BA1510_GUI_SRC\atpLib\Devices\RFC1662Device\RFC1662BinarySerialDevice.cs:107) [INFO] - sending 0
2018-05-23 10:48:46,594 [8] atpLib.Devices.RFC1662BinarySerialDevice.receiveAnswer(C:\BA\Software_projects\PIC\1510\source_code_1510_GUI\2\BA1510_GUI_SRC\atpLib\Devices\RFC1662Device\RFC1662BinarySerialDevice.cs:86) [INFO] - got answer of type: 81
2018-05-23 10:48:46,597 [7] atpLib.Scenarios.Scenario.runTask(C:\BA\Software_projects\PIC\1510\source_code_1510_GUI\2\BA1510_GUI_SRC\atpLib\Scenarios\Scenario.cs:221) [INFO] - Scenario passed.
2018-05-23 10:48:46,748 [8] atpLib.Scenarios.Scenario.runTask(C:\BA\Software_projects\PIC\1510\source_code_1510_GUI\2\BA1510_GUI_SRC\atpLib\Scenarios\Scenario.cs:178) [INFO] - Running scenario "Send Control Message" - with timeout of: 10 seconds.
2018-05-23 10:48:46,751 [6] atpLib.Scenarios.SingleMessageSingleDeviceScenario.internalRun(C:\BA\Software_projects\PIC\1510\source_code_1510_GUI\2\BA1510_GUI_SRC\atpLib\Scenarios\SingleMessageSingleDeviceScenario.cs:27) [INFO] - sending a message of type: ControlMessage
2018-05-23 10:48:46,754 [6] atpLib.Devices.RFC1662BinarySerialDevice.sendMsg(C:\BA\Software_projects\PIC\1510\source_code_1510_GUI\2\BA1510_GUI_SRC\atpLib\Devices\RFC1662Device\RFC1662BinarySerialDevice.cs:107) [INFO] - sending 0
2018-05-23 10:48:46,761 [6] atpLib.Devices.RFC1662BinarySerialDevice.receiveAnswer(C:\BA\Software_projects\PIC\1510\source_code_1510_GUI\2\BA1510_GUI_SRC\atpLib\Devices\RFC1662Device\RFC1662BinarySerialDevice.cs:86) [INFO] - got answer of type: 81
2018-05-23 10:48:46,766 [8] atpLib.Scenarios.Scenario.runTask(C:\BA\Software_projects\PIC\1510\source_code_1510_GUI\2\BA1510_GUI_SRC\atpLib\Scenarios\Scenario.cs:221) [INFO] - Scenario passed.
2018-05-23 10:48:46,932 [6] atpLib.Scenarios.Scenario.runTask(C:\BA\Software_projects\PIC\1510\source_code_1510_GUI\2\BA1510_GUI_SRC\atpLib\Scenarios\Scenario.cs:178) [INFO] - Running scenario "Send Control Message" - with timeout of: 10 seconds.
2018-05-23 10:48:46,937 [9] atpLib.Scenarios.SingleMessageSingleDeviceScenario.internalRun(C:\BA\Software_projects\PIC\1510\source_code_1510_GUI\2\BA1510_GUI_SRC\atpLib\Scenarios\SingleMessageSingleDeviceScenario.cs:27) [INFO] - sending a message of type: ControlMessage
2018-05-23 10:48:46,941 [9] atpLib.Devices.RFC1662BinarySerialDevice.sendMsg(C:\BA\Software_projects\PIC\1510\source_code_1510_GUI\2\BA1510_GUI_SRC\atpLib\Devices\RFC1662Device\RFC1662BinarySerialDevice.cs:107) [INFO] - sending 0
2018-05-23 10:48:46,947 [9] atpLib.Devices.RFC1662BinarySerialDevice.receiveAnswer(C:\BA\Software_projects\PIC\1510\source_code_1510_GUI\2\BA1510_GUI_SRC\atpLib\Devices\RFC1662Device\RFC1662BinarySerialDevice.cs:86) [INFO] - got answer of type: 81
2018-05-23 10:48:46,951 [6] atpLib.Scenarios.Scenario.runTask(C:\BA\Software_projects\PIC\1510\source_code_1510_GUI\2\BA1510_GUI_SRC\atpLib\Scenarios\Scenario.cs:221) [INFO] - Scenario passed.
2018-05-23 10:48:47,131 [8] atpLib.Scenarios.Scenario.runTask(C:\BA\Software_projects\PIC\1510\source_code_1510_GUI\2\BA1510_GUI_SRC\atpLib\Scenarios\Scenario.cs:178) [INFO] - Running scenario "Send Control Message" - with timeout of: 10 seconds.
2018-05-23 10:48:47,135 [6] atpLib.Scenarios.SingleMessageSingleDeviceScenario.internalRun(C:\BA\Software_projects\PIC\1510\source_code_1510_GUI\2\BA1510_GUI_SRC\atpLib\Scenarios\SingleMessageSingleDeviceScenario.cs:27) [INFO] - sending a message of type: ControlMessage
2018-05-23 10:48:47,138 [6] atpLib.Devices.RFC1662BinarySerialDevice.sendMsg(C:\BA\Software_projects\PIC\1510\source_code_1510_GUI\2\BA1510_GUI_SRC\atpLib\Devices\RFC1662Device\RFC1662BinarySerialDevice.cs:107) [INFO] - sending 0
2018-05-23 10:48:47,146 [6] atpLib.Devices.RFC1662BinarySerialDevice.receiveAnswer(C:\BA\Software_projects\PIC\1510\source_code_1510_GUI\2\BA1510_GUI_SRC\atpLib\Devices\RFC1662Device\RFC1662BinarySerialDevice.cs:86) [INFO] - got answer of type: 81
2018-05-23 10:48:47,150 [8] atpLib.Scenarios.Scenario.runTask(C:\BA\Software_projects\PIC\1510\source_code_1510_GUI\2\BA1510_GUI_SRC\atpLib\Scenarios\Scenario.cs:221) [INFO] - Scenario passed.
2018-05-23 10:48:47,332 [7] atpLib.Scenarios.Scenario.runTask(C:\BA\Software_projects\PIC\1510\source_code_1510_GUI\2\BA1510_GUI_SRC\atpLib\Scenarios\Scenario.cs:178) [INFO] - Running scenario "Send Control Message" - with timeout of: 10 seconds.
2018-05-23 10:48:47,335 [8] atpLib.Scenarios.SingleMessageSingleDeviceScenario.internalRun(C:\BA\Software_projects\PIC\1510\source_code_1510_GUI\2\BA1510_GUI_SRC\atpLib\Scenarios\SingleMessageSingleDeviceScenario.cs:27) [INFO] - sending a message of type: ControlMessage
2018-05-23 10:48:47,339 [8] atpLib.Devices.RFC1662BinarySerialDevice.sendMsg(C:\BA\Software_projects\PIC\1510\source_code_1510_GUI\2\BA1510_GUI_SRC\atpLib\Devices\RFC1662Device\RFC1662BinarySerialDevice.cs:107) [INFO] - sending 0
2018-05-23 10:48:47,345 [8] atpLib.Devices.RFC1662BinarySerialDevice.receiveAnswer(C:\BA\Software_projects\PIC\1510\source_code_1510_GUI\2\BA1510_GUI_SRC\atpLib\Devices\RFC1662Device\RFC1662BinarySerialDevice.cs:86) [INFO] - got answer of type: 81
2018-05-23 10:48:47,354 [7] atpLib.Scenarios.Scenario.runTask(C:\BA\Software_projects\PIC\1510\source_code_1510_GUI\2\BA1510_GUI_SRC\atpLib\Scenarios\Scenario.cs:221) [INFO] - Scenario passed.
2018-05-23 10:48:47,548 [6] atpLib.Scenarios.Scenario.runTask(C:\BA\Software_projects\PIC\1510\source_code_1510_GUI\2\BA1510_GUI_SRC\atpLib\Scenarios\Scenario.cs:178) [INFO] - Running scenario "Send Control Message" - with timeout of: 10 seconds.
2018-05-23 10:48:47,552 [9] atpLib.Scenarios.SingleMessageSingleDeviceScenario.internalRun(C:\BA\Software_projects\PIC\1510\source_code_1510_GUI\2\BA1510_GUI_SRC\atpLib\Scenarios\SingleMessageSingleDeviceScenario.cs:27) [INFO] - sending a message of type: ControlMessage
2018-05-23 10:48:47,554 [9] atpLib.Devices.RFC1662BinarySerialDevice.sendMsg(C:\BA\Software_projects\PIC\1510\source_code_1510_GUI\2\BA1510_GUI_SRC\atpLib\Devices\RFC1662Device\RFC1662BinarySerialDevice.cs:107) [INFO] - sending 0
2018-05-23 10:48:47,560 [9] atpLib.Devices.RFC1662BinarySerialDevice.receiveAnswer(C:\BA\Software_projects\PIC\1510\source_code_1510_GUI\2\BA1510_GUI_SRC\atpLib\Devices\RFC1662Device\RFC1662BinarySerialDevice.cs:86) [INFO] - got answer of type: 81
2018-05-23 10:48:47,564 [6] atpLib.Scenarios.Scenario.runTask(C:\BA\Software_projects\PIC\1510\source_code_1510_GUI\2\BA1510_GUI_SRC\atpLib\Scenarios\Scenario.cs:221) [INFO] - Scenario passed.
2018-05-23 10:48:47,740 [7] atpLib.Scenarios.Scenario.runTask(C:\BA\Software_projects\PIC\1510\source_code_1510_GUI\2\BA1510_GUI_SRC\atpLib\Scenarios\Scenario.cs:178) [INFO] - Running scenario "Send Control Message" - with timeout of: 10 seconds.
2018-05-23 10:48:47,745 [9] atpLib.Scenarios.SingleMessageSingleDeviceScenario.internalRun(C:\BA\Software_projects\PIC\1510\source_code_1510_GUI\2\BA1510_GUI_SRC\atpLib\Scenarios\SingleMessageSingleDeviceScenario.cs:27) [INFO] - sending a message of type: ControlMessage
2018-05-23 10:48:47,749 [9] atpLib.Devices.RFC1662BinarySerialDevice.sendMsg(C:\BA\Software_projects\PIC\1510\source_code_1510_GUI\2\BA1510_GUI_SRC\atpLib\Devices\RFC1662Device\RFC1662BinarySerialDevice.cs:107) [INFO] - sending 0
2018-05-23 10:48:47,755 [9] atpLib.Devices.RFC1662BinarySerialDevice.receiveAnswer(C:\BA\Software_projects\PIC\1510\source_code_1510_GUI\2\BA1510_GUI_SRC\atpLib\Devices\RFC1662Device\RFC1662BinarySerialDevice.cs:86) [INFO] - got answer of type: 81
2018-05-23 10:48:47,761 [7] atpLib.Scenarios.Scenario.runTask(C:\BA\Software_projects\PIC\1510\source_code_1510_GUI\2\BA1510_GUI_SRC\atpLib\Scenarios\Scenario.cs:221) [INFO] - Scenario passed.
2018-05-23 10:48:48,091 [6] atpLib.Scenarios.Scenario.runTask(C:\BA\Software_projects\PIC\1510\source_code_1510_GUI\2\BA1510_GUI_SRC\atpLib\Scenarios\Scenario.cs:178) [INFO] - Running scenario "Send Control Message" - with timeout of: 10 seconds.
2018-05-23 10:48:48,095 [7] atpLib.Scenarios.SingleMessageSingleDeviceScenario.internalRun(C:\BA\Software_projects\PIC\1510\source_code_1510_GUI\2\BA1510_GUI_SRC\atpLib\Scenarios\SingleMessageSingleDeviceScenario.cs:27) [INFO] - sending a message of type: ControlMessage
2018-05-23 10:48:48,099 [7] atpLib.Devices.RFC1662BinarySerialDevice.sendMsg(C:\BA\Software_projects\PIC\1510\source_code_1510_GUI\2\BA1510_GUI_SRC\atpLib\Devices\RFC1662Device\RFC1662BinarySerialDevice.cs:107) [INFO] - sending 0
2018-05-23 10:48:48,106 [7] atpLib.Devices.RFC1662BinarySerialDevice.receiveAnswer(C:\BA\Software_projects\PIC\1510\source_code_1510_GUI\2\BA1510_GUI_SRC\atpLib\Devices\RFC1662Device\RFC1662BinarySerialDevice.cs:86) [INFO] - got answer of type: 81
2018-05-23 10:48:48,110 [6] atpLib.Scenarios.Scenario.runTask(C:\BA\Software_projects\PIC\1510\source_code_1510_GUI\2\BA1510_GUI_SRC\atpLib\Scenarios\Scenario.cs:221) [INFO] - Scenario passed.
2018-05-23 10:48:48,315 [8] atpLib.Scenarios.Scenario.runTask(C:\BA\Software_projects\PIC\1510\source_code_1510_GUI\2\BA1510_GUI_SRC\atpLib\Scenarios\Scenario.cs:178) [INFO] - Running scenario "Send Control Message" - with timeout of: 10 seconds.
2018-05-23 10:48:48,319 [7] atpLib.Scenarios.SingleMessageSingleDeviceScenario.internalRun(C:\BA\Software_projects\PIC\1510\source_code_1510_GUI\2\BA1510_GUI_SRC\atpLib\Scenarios\SingleMessageSingleDeviceScenario.cs:27) [INFO] - sending a message of type: ControlMessage
2018-05-23 10:48:48,323 [7] atpLib.Devices.RFC1662BinarySerialDevice.sendMsg(C:\BA\Software_projects\PIC\1510\source_code_1510_GUI\2\BA1510_GUI_SRC\atpLib\Devices\RFC1662Device\RFC1662BinarySerialDevice.cs:107) [INFO] - sending 0
2018-05-23 10:48:48,329 [7] atpLib.Devices.RFC1662BinarySerialDevice.receiveAnswer(C:\BA\Software_projects\PIC\1510\source_code_1510_GUI\2\BA1510_GUI_SRC\atpLib\Devices\RFC1662Device\RFC1662BinarySerialDevice.cs:86) [INFO] - got answer of type: 81
2018-05-23 10:48:48,332 [8] atpLib.Scenarios.Scenario.runTask(C:\BA\Software_projects\PIC\1510\source_code_1510_GUI\2\BA1510_GUI_SRC\atpLib\Scenarios\Scenario.cs:221) [INFO] - Scenario passed.
2018-05-23 10:48:48,499 [9] atpLib.Scenarios.Scenario.runTask(C:\BA\Software_projects\PIC\1510\source_code_1510_GUI\2\BA1510_GUI_SRC\atpLib\Scenarios\Scenario.cs:178) [INFO] - Running scenario "Send Control Message" - with timeout of: 10 seconds.
2018-05-23 10:48:48,504 [7] atpLib.Scenarios.SingleMessageSingleDeviceScenario.internalRun(C:\BA\Software_projects\PIC\1510\source_code_1510_GUI\2\BA1510_GUI_SRC\atpLib\Scenarios\SingleMessageSingleDeviceScenario.cs:27) [INFO] - sending a message of type: ControlMessage
2018-05-23 10:48:48,507 [7] atpLib.Devices.RFC1662BinarySerialDevice.sendMsg(C:\BA\Software_projects\PIC\1510\source_code_1510_GUI\2\BA1510_GUI_SRC\atpLib\Devices\RFC1662Device\RFC1662BinarySerialDevice.cs:107) [INFO] - sending 0
2018-05-23 10:48:48,513 [7] atpLib.Devices.RFC1662BinarySerialDevice.receiveAnswer(C:\BA\Software_projects\PIC\1510\source_code_1510_GUI\2\BA1510_GUI_SRC\atpLib\Devices\RFC1662Device\RFC1662BinarySerialDevice.cs:86) [INFO] - got answer of type: 81
2018-05-23 10:48:48,517 [9] atpLib.Scenarios.Scenario.runTask(C:\BA\Software_projects\PIC\1510\source_code_1510_GUI\2\BA1510_GUI_SRC\atpLib\Scenarios\Scenario.cs:221) [INFO] - Scenario passed.
2018-05-23 10:48:48,691 [8] atpLib.Scenarios.Scenario.runTask(C:\BA\Software_projects\PIC\1510\source_code_1510_GUI\2\BA1510_GUI_SRC\atpLib\Scenarios\Scenario.cs:178) [INFO] - Running scenario "Send Control Message" - with timeout of: 10 seconds.
2018-05-23 10:48:48,695 [7] atpLib.Scenarios.SingleMessageSingleDeviceScenario.internalRun(C:\BA\Software_projects\PIC\1510\source_code_1510_GUI\2\BA1510_GUI_SRC\atpLib\Scenarios\SingleMessageSingleDeviceScenario.cs:27) [INFO] - sending a message of type: ControlMessage
2018-05-23 10:48:48,699 [7] atpLib.Devices.RFC1662BinarySerialDevice.sendMsg(C:\BA\Software_projects\PIC\1510\source_code_1510_GUI\2\BA1510_GUI_SRC\atpLib\Devices\RFC1662Device\RFC1662BinarySerialDevice.cs:107) [INFO] - sending 0
2018-05-23 10:48:48,706 [7] atpLib.Devices.RFC1662BinarySerialDevice.receiveAnswer(C:\BA\Software_projects\PIC\1510\source_code_1510_GUI\2\BA1510_GUI_SRC\atpLib\Devices\RFC1662Device\RFC1662BinarySerialDevice.cs:86) [INFO] - got answer of type: 81
2018-05-23 10:48:48,710 [8] atpLib.Scenarios.Scenario.runTask(C:\BA\Software_projects\PIC\1510\source_code_1510_GUI\2\BA1510_GUI_SRC\atpLib\Scenarios\Scenario.cs:221) [INFO] - Scenario passed.
2018-05-23 10:48:50,043 [7] atpLib.Scenarios.Scenario.runTask(C:\BA\Software_projects\PIC\1510\source_code_1510_GUI\2\BA1510_GUI_SRC\atpLib\Scenarios\Scenario.cs:178) [INFO] - Running scenario "Get Momentery Status" - with timeout of: 10 seconds.
2018-05-23 10:48:50,048 [9] atpLib.Scenarios.SingleMessageSingleDeviceScenario.internalRun(C:\BA\Software_projects\PIC\1510\source_code_1510_GUI\2\BA1510_GUI_SRC\atpLib\Scenarios\SingleMessageSingleDeviceScenario.cs:27) [INFO] - sending a message of type: GetMomenteryStatusMessage
2018-05-23 10:48:50,052 [9] atpLib.Devices.RFC1662BinarySerialDevice.sendMsg(C:\BA\Software_projects\PIC\1510\source_code_1510_GUI\2\BA1510_GUI_SRC\atpLib\Devices\RFC1662Device\RFC1662BinarySerialDevice.cs:107) [INFO] - sending 9
2018-05-23 10:48:50,057 [9] atpLib.Devices.RFC1662BinarySerialDevice.receiveAnswer(C:\BA\Software_projects\PIC\1510\source_code_1510_GUI\2\BA1510_GUI_SRC\atpLib\Devices\RFC1662Device\RFC1662BinarySerialDevice.cs:86) [INFO] - got answer of type: 89
2018-05-23 10:49:58,656 [1] atpLib.Scenarios.Scenario.run(C:\BA\Software_projects\PIC\1510\source_code_1510_GUI\2\BA1510_GUI_SRC\atpLib\Scenarios\Scenario.cs:120) [WARN] - Task Timed out!
2018-05-23 10:50:02,022 [9] atpLib.Scenarios.SingleMessageSingleDeviceScenario.internalRun(C:\BA\Software_projects\PIC\1510\source_code_1510_GUI\2\BA1510_GUI_SRC\atpLib\Scenarios\SingleMessageSingleDeviceScenario.cs:68) [ERROR] - Object reference not set to an instance of an object.
