2018-06-13 13:32:00,951 [1] mfe_gui.frmMain.frmMain_Load(C:\BA\Software_projects\PIC\1510\8.5.18_ver_1_f\BA1510_GUI_1.1.11\MFE_gui\frmMain.cs:70) [INFO] - Statring Program, Version - 1.1.11.0, AtpLib - 1.4.4.0
2018-06-13 13:32:03,028 [1] mfe_gui.frmMain.btnConnect_Click(C:\BA\Software_projects\PIC\1510\8.5.18_ver_1_f\BA1510_GUI_1.1.11\MFE_gui\frmMain.cs:249) [INFO] - Connected to COM3
2018-06-13 13:32:09,881 [5] atpLib.Scenarios.Scenario.runTask(C:\BA\Software_projects\PIC\1510\8.5.18_ver_1_f\BA1510_GUI_1.1.11\atpLib\Scenarios\Scenario.cs:178) [INFO] - Running scenario "Change Mode" - with timeout of: 10 seconds.
2018-06-13 13:32:09,894 [6] atpLib.Scenarios.SingleMessageSingleDeviceScenario.internalRun(C:\BA\Software_projects\PIC\1510\8.5.18_ver_1_f\BA1510_GUI_1.1.11\atpLib\Scenarios\SingleMessageSingleDeviceScenario.cs:27) [INFO] - sending a message of type: ChangeModeMessage
2018-06-13 13:32:09,900 [6] atpLib.Devices.RFC1662BinarySerialDevice.sendMsg(C:\BA\Software_projects\PIC\1510\8.5.18_ver_1_f\BA1510_GUI_1.1.11\atpLib\Devices\RFC1662Device\RFC1662BinarySerialDevice.cs:107) [INFO] - sending 3
2018-06-13 13:32:10,057 [6] atpLib.Devices.RFC1662BinarySerialDevice.receiveAnswer(C:\BA\Software_projects\PIC\1510\8.5.18_ver_1_f\BA1510_GUI_1.1.11\atpLib\Devices\RFC1662Device\RFC1662BinarySerialDevice.cs:86) [INFO] - got answer of type: 80
2018-06-13 13:32:10,067 [5] atpLib.Scenarios.Scenario.runTask(C:\BA\Software_projects\PIC\1510\8.5.18_ver_1_f\BA1510_GUI_1.1.11\atpLib\Scenarios\Scenario.cs:221) [INFO] - Scenario passed.
2018-06-13 13:32:10,744 [9] atpLib.Scenarios.Scenario.runTask(C:\BA\Software_projects\PIC\1510\8.5.18_ver_1_f\BA1510_GUI_1.1.11\atpLib\Scenarios\Scenario.cs:178) [INFO] - Running scenario "Send Control Message" - with timeout of: 10 seconds.
2018-06-13 13:32:10,746 [5] atpLib.Scenarios.SingleMessageSingleDeviceScenario.internalRun(C:\BA\Software_projects\PIC\1510\8.5.18_ver_1_f\BA1510_GUI_1.1.11\atpLib\Scenarios\SingleMessageSingleDeviceScenario.cs:27) [INFO] - sending a message of type: ControlMessage
2018-06-13 13:32:10,748 [5] atpLib.Devices.RFC1662BinarySerialDevice.sendMsg(C:\BA\Software_projects\PIC\1510\8.5.18_ver_1_f\BA1510_GUI_1.1.11\atpLib\Devices\RFC1662Device\RFC1662BinarySerialDevice.cs:107) [INFO] - sending 0
2018-06-13 13:32:10,753 [5] atpLib.Devices.RFC1662BinarySerialDevice.receiveAnswer(C:\BA\Software_projects\PIC\1510\8.5.18_ver_1_f\BA1510_GUI_1.1.11\atpLib\Devices\RFC1662Device\RFC1662BinarySerialDevice.cs:86) [INFO] - got answer of type: 81
2018-06-13 13:32:10,757 [9] atpLib.Scenarios.Scenario.runTask(C:\BA\Software_projects\PIC\1510\8.5.18_ver_1_f\BA1510_GUI_1.1.11\atpLib\Scenarios\Scenario.cs:221) [INFO] - Scenario passed.
2018-06-13 13:32:11,228 [7] atpLib.Scenarios.Scenario.runTask(C:\BA\Software_projects\PIC\1510\8.5.18_ver_1_f\BA1510_GUI_1.1.11\atpLib\Scenarios\Scenario.cs:178) [INFO] - Running scenario "Send Control Message" - with timeout of: 10 seconds.
2018-06-13 13:32:11,234 [5] atpLib.Scenarios.SingleMessageSingleDeviceScenario.internalRun(C:\BA\Software_projects\PIC\1510\8.5.18_ver_1_f\BA1510_GUI_1.1.11\atpLib\Scenarios\SingleMessageSingleDeviceScenario.cs:27) [INFO] - sending a message of type: ControlMessage
2018-06-13 13:32:11,238 [5] atpLib.Devices.RFC1662BinarySerialDevice.sendMsg(C:\BA\Software_projects\PIC\1510\8.5.18_ver_1_f\BA1510_GUI_1.1.11\atpLib\Devices\RFC1662Device\RFC1662BinarySerialDevice.cs:107) [INFO] - sending 0
2018-06-13 13:32:11,244 [5] atpLib.Devices.RFC1662BinarySerialDevice.receiveAnswer(C:\BA\Software_projects\PIC\1510\8.5.18_ver_1_f\BA1510_GUI_1.1.11\atpLib\Devices\RFC1662Device\RFC1662BinarySerialDevice.cs:86) [INFO] - got answer of type: 81
2018-06-13 13:32:11,249 [7] atpLib.Scenarios.Scenario.runTask(C:\BA\Software_projects\PIC\1510\8.5.18_ver_1_f\BA1510_GUI_1.1.11\atpLib\Scenarios\Scenario.cs:221) [INFO] - Scenario passed.
2018-06-13 13:32:11,427 [6] atpLib.Scenarios.Scenario.runTask(C:\BA\Software_projects\PIC\1510\8.5.18_ver_1_f\BA1510_GUI_1.1.11\atpLib\Scenarios\Scenario.cs:178) [INFO] - Running scenario "Send Control Message" - with timeout of: 10 seconds.
2018-06-13 13:32:11,430 [5] atpLib.Scenarios.SingleMessageSingleDeviceScenario.internalRun(C:\BA\Software_projects\PIC\1510\8.5.18_ver_1_f\BA1510_GUI_1.1.11\atpLib\Scenarios\SingleMessageSingleDeviceScenario.cs:27) [INFO] - sending a message of type: ControlMessage
2018-06-13 13:32:11,434 [5] atpLib.Devices.RFC1662BinarySerialDevice.sendMsg(C:\BA\Software_projects\PIC\1510\8.5.18_ver_1_f\BA1510_GUI_1.1.11\atpLib\Devices\RFC1662Device\RFC1662BinarySerialDevice.cs:107) [INFO] - sending 0
2018-06-13 13:32:11,439 [5] atpLib.Devices.RFC1662BinarySerialDevice.receiveAnswer(C:\BA\Software_projects\PIC\1510\8.5.18_ver_1_f\BA1510_GUI_1.1.11\atpLib\Devices\RFC1662Device\RFC1662BinarySerialDevice.cs:86) [INFO] - got answer of type: 81
2018-06-13 13:32:11,444 [6] atpLib.Scenarios.Scenario.runTask(C:\BA\Software_projects\PIC\1510\8.5.18_ver_1_f\BA1510_GUI_1.1.11\atpLib\Scenarios\Scenario.cs:221) [INFO] - Scenario passed.
2018-06-13 13:32:11,618 [7] atpLib.Scenarios.Scenario.runTask(C:\BA\Software_projects\PIC\1510\8.5.18_ver_1_f\BA1510_GUI_1.1.11\atpLib\Scenarios\Scenario.cs:178) [INFO] - Running scenario "Send Control Message" - with timeout of: 10 seconds.
2018-06-13 13:32:11,622 [6] atpLib.Scenarios.SingleMessageSingleDeviceScenario.internalRun(C:\BA\Software_projects\PIC\1510\8.5.18_ver_1_f\BA1510_GUI_1.1.11\atpLib\Scenarios\SingleMessageSingleDeviceScenario.cs:27) [INFO] - sending a message of type: ControlMessage
2018-06-13 13:32:11,624 [6] atpLib.Devices.RFC1662BinarySerialDevice.sendMsg(C:\BA\Software_projects\PIC\1510\8.5.18_ver_1_f\BA1510_GUI_1.1.11\atpLib\Devices\RFC1662Device\RFC1662BinarySerialDevice.cs:107) [INFO] - sending 0
2018-06-13 13:32:11,629 [6] atpLib.Devices.RFC1662BinarySerialDevice.receiveAnswer(C:\BA\Software_projects\PIC\1510\8.5.18_ver_1_f\BA1510_GUI_1.1.11\atpLib\Devices\RFC1662Device\RFC1662BinarySerialDevice.cs:86) [INFO] - got answer of type: 81
2018-06-13 13:32:11,632 [7] atpLib.Scenarios.Scenario.runTask(C:\BA\Software_projects\PIC\1510\8.5.18_ver_1_f\BA1510_GUI_1.1.11\atpLib\Scenarios\Scenario.cs:221) [INFO] - Scenario passed.
2018-06-13 13:32:11,795 [5] atpLib.Scenarios.Scenario.runTask(C:\BA\Software_projects\PIC\1510\8.5.18_ver_1_f\BA1510_GUI_1.1.11\atpLib\Scenarios\Scenario.cs:178) [INFO] - Running scenario "Send Control Message" - with timeout of: 10 seconds.
2018-06-13 13:32:11,798 [7] atpLib.Scenarios.SingleMessageSingleDeviceScenario.internalRun(C:\BA\Software_projects\PIC\1510\8.5.18_ver_1_f\BA1510_GUI_1.1.11\atpLib\Scenarios\SingleMessageSingleDeviceScenario.cs:27) [INFO] - sending a message of type: ControlMessage
2018-06-13 13:32:11,801 [7] atpLib.Devices.RFC1662BinarySerialDevice.sendMsg(C:\BA\Software_projects\PIC\1510\8.5.18_ver_1_f\BA1510_GUI_1.1.11\atpLib\Devices\RFC1662Device\RFC1662BinarySerialDevice.cs:107) [INFO] - sending 0
2018-06-13 13:32:11,806 [7] atpLib.Devices.RFC1662BinarySerialDevice.receiveAnswer(C:\BA\Software_projects\PIC\1510\8.5.18_ver_1_f\BA1510_GUI_1.1.11\atpLib\Devices\RFC1662Device\RFC1662BinarySerialDevice.cs:86) [INFO] - got answer of type: 81
2018-06-13 13:32:11,810 [5] atpLib.Scenarios.Scenario.runTask(C:\BA\Software_projects\PIC\1510\8.5.18_ver_1_f\BA1510_GUI_1.1.11\atpLib\Scenarios\Scenario.cs:221) [INFO] - Scenario passed.
2018-06-13 13:32:11,965 [7] atpLib.Scenarios.Scenario.runTask(C:\BA\Software_projects\PIC\1510\8.5.18_ver_1_f\BA1510_GUI_1.1.11\atpLib\Scenarios\Scenario.cs:178) [INFO] - Running scenario "Send Control Message" - with timeout of: 10 seconds.
2018-06-13 13:32:11,967 [6] atpLib.Scenarios.SingleMessageSingleDeviceScenario.internalRun(C:\BA\Software_projects\PIC\1510\8.5.18_ver_1_f\BA1510_GUI_1.1.11\atpLib\Scenarios\SingleMessageSingleDeviceScenario.cs:27) [INFO] - sending a message of type: ControlMessage
2018-06-13 13:32:11,970 [6] atpLib.Devices.RFC1662BinarySerialDevice.sendMsg(C:\BA\Software_projects\PIC\1510\8.5.18_ver_1_f\BA1510_GUI_1.1.11\atpLib\Devices\RFC1662Device\RFC1662BinarySerialDevice.cs:107) [INFO] - sending 0
2018-06-13 13:32:11,977 [6] atpLib.Devices.RFC1662BinarySerialDevice.receiveAnswer(C:\BA\Software_projects\PIC\1510\8.5.18_ver_1_f\BA1510_GUI_1.1.11\atpLib\Devices\RFC1662Device\RFC1662BinarySerialDevice.cs:86) [INFO] - got answer of type: 81
2018-06-13 13:32:11,983 [7] atpLib.Scenarios.Scenario.runTask(C:\BA\Software_projects\PIC\1510\8.5.18_ver_1_f\BA1510_GUI_1.1.11\atpLib\Scenarios\Scenario.cs:221) [INFO] - Scenario passed.
2018-06-13 13:32:13,154 [5] atpLib.Scenarios.Scenario.runTask(C:\BA\Software_projects\PIC\1510\8.5.18_ver_1_f\BA1510_GUI_1.1.11\atpLib\Scenarios\Scenario.cs:178) [INFO] - Running scenario "Get Momentery Status" - with timeout of: 10 seconds.
2018-06-13 13:32:13,159 [7] atpLib.Scenarios.SingleMessageSingleDeviceScenario.internalRun(C:\BA\Software_projects\PIC\1510\8.5.18_ver_1_f\BA1510_GUI_1.1.11\atpLib\Scenarios\SingleMessageSingleDeviceScenario.cs:27) [INFO] - sending a message of type: GetMomenteryStatusMessage
2018-06-13 13:32:13,162 [7] atpLib.Devices.RFC1662BinarySerialDevice.sendMsg(C:\BA\Software_projects\PIC\1510\8.5.18_ver_1_f\BA1510_GUI_1.1.11\atpLib\Devices\RFC1662Device\RFC1662BinarySerialDevice.cs:107) [INFO] - sending 9
2018-06-13 13:32:13,169 [7] atpLib.Devices.RFC1662BinarySerialDevice.receiveAnswer(C:\BA\Software_projects\PIC\1510\8.5.18_ver_1_f\BA1510_GUI_1.1.11\atpLib\Devices\RFC1662Device\RFC1662BinarySerialDevice.cs:86) [INFO] - got answer of type: 89
2018-06-13 13:32:13,174 [5] atpLib.Scenarios.Scenario.runTask(C:\BA\Software_projects\PIC\1510\8.5.18_ver_1_f\BA1510_GUI_1.1.11\atpLib\Scenarios\Scenario.cs:221) [INFO] - Scenario passed.
2018-06-13 13:32:13,835 [12] atpLib.Scenarios.Scenario.runTask(C:\BA\Software_projects\PIC\1510\8.5.18_ver_1_f\BA1510_GUI_1.1.11\atpLib\Scenarios\Scenario.cs:178) [INFO] - Running scenario "Get Momentery Status" - with timeout of: 10 seconds.
2018-06-13 13:32:13,838 [7] atpLib.Scenarios.SingleMessageSingleDeviceScenario.internalRun(C:\BA\Software_projects\PIC\1510\8.5.18_ver_1_f\BA1510_GUI_1.1.11\atpLib\Scenarios\SingleMessageSingleDeviceScenario.cs:27) [INFO] - sending a message of type: GetMomenteryStatusMessage
2018-06-13 13:32:13,841 [7] atpLib.Devices.RFC1662BinarySerialDevice.sendMsg(C:\BA\Software_projects\PIC\1510\8.5.18_ver_1_f\BA1510_GUI_1.1.11\atpLib\Devices\RFC1662Device\RFC1662BinarySerialDevice.cs:107) [INFO] - sending 9
2018-06-13 13:32:13,847 [7] atpLib.Devices.RFC1662BinarySerialDevice.receiveAnswer(C:\BA\Software_projects\PIC\1510\8.5.18_ver_1_f\BA1510_GUI_1.1.11\atpLib\Devices\RFC1662Device\RFC1662BinarySerialDevice.cs:86) [INFO] - got answer of type: 89
2018-06-13 13:32:13,852 [12] atpLib.Scenarios.Scenario.runTask(C:\BA\Software_projects\PIC\1510\8.5.18_ver_1_f\BA1510_GUI_1.1.11\atpLib\Scenarios\Scenario.cs:221) [INFO] - Scenario passed.
2018-06-13 13:32:14,111 [9] atpLib.Scenarios.Scenario.runTask(C:\BA\Software_projects\PIC\1510\8.5.18_ver_1_f\BA1510_GUI_1.1.11\atpLib\Scenarios\Scenario.cs:178) [INFO] - Running scenario "Get Momentery Status" - with timeout of: 10 seconds.
2018-06-13 13:32:14,115 [7] atpLib.Scenarios.SingleMessageSingleDeviceScenario.internalRun(C:\BA\Software_projects\PIC\1510\8.5.18_ver_1_f\BA1510_GUI_1.1.11\atpLib\Scenarios\SingleMessageSingleDeviceScenario.cs:27) [INFO] - sending a message of type: GetMomenteryStatusMessage
2018-06-13 13:32:14,118 [7] atpLib.Devices.RFC1662BinarySerialDevice.sendMsg(C:\BA\Software_projects\PIC\1510\8.5.18_ver_1_f\BA1510_GUI_1.1.11\atpLib\Devices\RFC1662Device\RFC1662BinarySerialDevice.cs:107) [INFO] - sending 9
2018-06-13 13:32:14,124 [7] atpLib.Devices.RFC1662BinarySerialDevice.receiveAnswer(C:\BA\Software_projects\PIC\1510\8.5.18_ver_1_f\BA1510_GUI_1.1.11\atpLib\Devices\RFC1662Device\RFC1662BinarySerialDevice.cs:86) [INFO] - got answer of type: 89
2018-06-13 13:32:14,127 [9] atpLib.Scenarios.Scenario.runTask(C:\BA\Software_projects\PIC\1510\8.5.18_ver_1_f\BA1510_GUI_1.1.11\atpLib\Scenarios\Scenario.cs:221) [INFO] - Scenario passed.
2018-06-13 13:32:14,317 [5] atpLib.Scenarios.Scenario.runTask(C:\BA\Software_projects\PIC\1510\8.5.18_ver_1_f\BA1510_GUI_1.1.11\atpLib\Scenarios\Scenario.cs:178) [INFO] - Running scenario "Get Momentery Status" - with timeout of: 10 seconds.
2018-06-13 13:32:14,320 [6] atpLib.Scenarios.SingleMessageSingleDeviceScenario.internalRun(C:\BA\Software_projects\PIC\1510\8.5.18_ver_1_f\BA1510_GUI_1.1.11\atpLib\Scenarios\SingleMessageSingleDeviceScenario.cs:27) [INFO] - sending a message of type: GetMomenteryStatusMessage
2018-06-13 13:32:14,324 [6] atpLib.Devices.RFC1662BinarySerialDevice.sendMsg(C:\BA\Software_projects\PIC\1510\8.5.18_ver_1_f\BA1510_GUI_1.1.11\atpLib\Devices\RFC1662Device\RFC1662BinarySerialDevice.cs:107) [INFO] - sending 9
2018-06-13 13:32:14,328 [6] atpLib.Devices.RFC1662BinarySerialDevice.receiveAnswer(C:\BA\Software_projects\PIC\1510\8.5.18_ver_1_f\BA1510_GUI_1.1.11\atpLib\Devices\RFC1662Device\RFC1662BinarySerialDevice.cs:86) [INFO] - got answer of type: 89
2018-06-13 13:32:14,331 [5] atpLib.Scenarios.Scenario.runTask(C:\BA\Software_projects\PIC\1510\8.5.18_ver_1_f\BA1510_GUI_1.1.11\atpLib\Scenarios\Scenario.cs:221) [INFO] - Scenario passed.
2018-06-13 13:32:14,503 [9] atpLib.Scenarios.Scenario.runTask(C:\BA\Software_projects\PIC\1510\8.5.18_ver_1_f\BA1510_GUI_1.1.11\atpLib\Scenarios\Scenario.cs:178) [INFO] - Running scenario "Get Momentery Status" - with timeout of: 10 seconds.
2018-06-13 13:32:14,507 [12] atpLib.Scenarios.SingleMessageSingleDeviceScenario.internalRun(C:\BA\Software_projects\PIC\1510\8.5.18_ver_1_f\BA1510_GUI_1.1.11\atpLib\Scenarios\SingleMessageSingleDeviceScenario.cs:27) [INFO] - sending a message of type: GetMomenteryStatusMessage
2018-06-13 13:32:14,511 [12] atpLib.Devices.RFC1662BinarySerialDevice.sendMsg(C:\BA\Software_projects\PIC\1510\8.5.18_ver_1_f\BA1510_GUI_1.1.11\atpLib\Devices\RFC1662Device\RFC1662BinarySerialDevice.cs:107) [INFO] - sending 9
2018-06-13 13:32:14,517 [12] atpLib.Devices.RFC1662BinarySerialDevice.receiveAnswer(C:\BA\Software_projects\PIC\1510\8.5.18_ver_1_f\BA1510_GUI_1.1.11\atpLib\Devices\RFC1662Device\RFC1662BinarySerialDevice.cs:86) [INFO] - got answer of type: 89
2018-06-13 13:32:14,521 [9] atpLib.Scenarios.Scenario.runTask(C:\BA\Software_projects\PIC\1510\8.5.18_ver_1_f\BA1510_GUI_1.1.11\atpLib\Scenarios\Scenario.cs:221) [INFO] - Scenario passed.
2018-06-13 13:32:14,697 [5] atpLib.Scenarios.Scenario.runTask(C:\BA\Software_projects\PIC\1510\8.5.18_ver_1_f\BA1510_GUI_1.1.11\atpLib\Scenarios\Scenario.cs:178) [INFO] - Running scenario "Get Momentery Status" - with timeout of: 10 seconds.
2018-06-13 13:32:14,702 [6] atpLib.Scenarios.SingleMessageSingleDeviceScenario.internalRun(C:\BA\Software_projects\PIC\1510\8.5.18_ver_1_f\BA1510_GUI_1.1.11\atpLib\Scenarios\SingleMessageSingleDeviceScenario.cs:27) [INFO] - sending a message of type: GetMomenteryStatusMessage
2018-06-13 13:32:14,706 [6] atpLib.Devices.RFC1662BinarySerialDevice.sendMsg(C:\BA\Software_projects\PIC\1510\8.5.18_ver_1_f\BA1510_GUI_1.1.11\atpLib\Devices\RFC1662Device\RFC1662BinarySerialDevice.cs:107) [INFO] - sending 9
2018-06-13 13:32:14,711 [6] atpLib.Devices.RFC1662BinarySerialDevice.receiveAnswer(C:\BA\Software_projects\PIC\1510\8.5.18_ver_1_f\BA1510_GUI_1.1.11\atpLib\Devices\RFC1662Device\RFC1662BinarySerialDevice.cs:86) [INFO] - got answer of type: 89
2018-06-13 13:32:14,715 [5] atpLib.Scenarios.Scenario.runTask(C:\BA\Software_projects\PIC\1510\8.5.18_ver_1_f\BA1510_GUI_1.1.11\atpLib\Scenarios\Scenario.cs:221) [INFO] - Scenario passed.
2018-06-13 13:32:14,887 [7] atpLib.Scenarios.Scenario.runTask(C:\BA\Software_projects\PIC\1510\8.5.18_ver_1_f\BA1510_GUI_1.1.11\atpLib\Scenarios\Scenario.cs:178) [INFO] - Running scenario "Get Momentery Status" - with timeout of: 10 seconds.
2018-06-13 13:32:14,891 [12] atpLib.Scenarios.SingleMessageSingleDeviceScenario.internalRun(C:\BA\Software_projects\PIC\1510\8.5.18_ver_1_f\BA1510_GUI_1.1.11\atpLib\Scenarios\SingleMessageSingleDeviceScenario.cs:27) [INFO] - sending a message of type: GetMomenteryStatusMessage
2018-06-13 13:32:14,894 [12] atpLib.Devices.RFC1662BinarySerialDevice.sendMsg(C:\BA\Software_projects\PIC\1510\8.5.18_ver_1_f\BA1510_GUI_1.1.11\atpLib\Devices\RFC1662Device\RFC1662BinarySerialDevice.cs:107) [INFO] - sending 9
2018-06-13 13:32:14,900 [12] atpLib.Devices.RFC1662BinarySerialDevice.receiveAnswer(C:\BA\Software_projects\PIC\1510\8.5.18_ver_1_f\BA1510_GUI_1.1.11\atpLib\Devices\RFC1662Device\RFC1662BinarySerialDevice.cs:86) [INFO] - got answer of type: 89
2018-06-13 13:32:14,906 [7] atpLib.Scenarios.Scenario.runTask(C:\BA\Software_projects\PIC\1510\8.5.18_ver_1_f\BA1510_GUI_1.1.11\atpLib\Scenarios\Scenario.cs:221) [INFO] - Scenario passed.
2018-06-13 13:32:15,067 [5] atpLib.Scenarios.Scenario.runTask(C:\BA\Software_projects\PIC\1510\8.5.18_ver_1_f\BA1510_GUI_1.1.11\atpLib\Scenarios\Scenario.cs:178) [INFO] - Running scenario "Get Momentery Status" - with timeout of: 10 seconds.
2018-06-13 13:32:15,071 [12] atpLib.Scenarios.SingleMessageSingleDeviceScenario.internalRun(C:\BA\Software_projects\PIC\1510\8.5.18_ver_1_f\BA1510_GUI_1.1.11\atpLib\Scenarios\SingleMessageSingleDeviceScenario.cs:27) [INFO] - sending a message of type: GetMomenteryStatusMessage
2018-06-13 13:32:15,073 [12] atpLib.Devices.RFC1662BinarySerialDevice.sendMsg(C:\BA\Software_projects\PIC\1510\8.5.18_ver_1_f\BA1510_GUI_1.1.11\atpLib\Devices\RFC1662Device\RFC1662BinarySerialDevice.cs:107) [INFO] - sending 9
2018-06-13 13:32:15,078 [12] atpLib.Devices.RFC1662BinarySerialDevice.receiveAnswer(C:\BA\Software_projects\PIC\1510\8.5.18_ver_1_f\BA1510_GUI_1.1.11\atpLib\Devices\RFC1662Device\RFC1662BinarySerialDevice.cs:86) [INFO] - got answer of type: 89
2018-06-13 13:32:15,082 [5] atpLib.Scenarios.Scenario.runTask(C:\BA\Software_projects\PIC\1510\8.5.18_ver_1_f\BA1510_GUI_1.1.11\atpLib\Scenarios\Scenario.cs:221) [INFO] - Scenario passed.
2018-06-13 13:32:15,254 [9] atpLib.Scenarios.Scenario.runTask(C:\BA\Software_projects\PIC\1510\8.5.18_ver_1_f\BA1510_GUI_1.1.11\atpLib\Scenarios\Scenario.cs:178) [INFO] - Running scenario "Get Momentery Status" - with timeout of: 10 seconds.
2018-06-13 13:32:15,258 [7] atpLib.Scenarios.SingleMessageSingleDeviceScenario.internalRun(C:\BA\Software_projects\PIC\1510\8.5.18_ver_1_f\BA1510_GUI_1.1.11\atpLib\Scenarios\SingleMessageSingleDeviceScenario.cs:27) [INFO] - sending a message of type: GetMomenteryStatusMessage
2018-06-13 13:32:15,261 [7] atpLib.Devices.RFC1662BinarySerialDevice.sendMsg(C:\BA\Software_projects\PIC\1510\8.5.18_ver_1_f\BA1510_GUI_1.1.11\atpLib\Devices\RFC1662Device\RFC1662BinarySerialDevice.cs:107) [INFO] - sending 9
2018-06-13 13:32:15,266 [7] atpLib.Devices.RFC1662BinarySerialDevice.receiveAnswer(C:\BA\Software_projects\PIC\1510\8.5.18_ver_1_f\BA1510_GUI_1.1.11\atpLib\Devices\RFC1662Device\RFC1662BinarySerialDevice.cs:86) [INFO] - got answer of type: 89
2018-06-13 13:32:15,270 [9] atpLib.Scenarios.Scenario.runTask(C:\BA\Software_projects\PIC\1510\8.5.18_ver_1_f\BA1510_GUI_1.1.11\atpLib\Scenarios\Scenario.cs:221) [INFO] - Scenario passed.
2018-06-13 13:32:15,454 [12] atpLib.Scenarios.Scenario.runTask(C:\BA\Software_projects\PIC\1510\8.5.18_ver_1_f\BA1510_GUI_1.1.11\atpLib\Scenarios\Scenario.cs:178) [INFO] - Running scenario "Get Momentery Status" - with timeout of: 10 seconds.
2018-06-13 13:32:15,458 [6] atpLib.Scenarios.SingleMessageSingleDeviceScenario.internalRun(C:\BA\Software_projects\PIC\1510\8.5.18_ver_1_f\BA1510_GUI_1.1.11\atpLib\Scenarios\SingleMessageSingleDeviceScenario.cs:27) [INFO] - sending a message of type: GetMomenteryStatusMessage
2018-06-13 13:32:15,463 [6] atpLib.Devices.RFC1662BinarySerialDevice.sendMsg(C:\BA\Software_projects\PIC\1510\8.5.18_ver_1_f\BA1510_GUI_1.1.11\atpLib\Devices\RFC1662Device\RFC1662BinarySerialDevice.cs:107) [INFO] - sending 9
2018-06-13 13:32:15,468 [6] atpLib.Devices.RFC1662BinarySerialDevice.receiveAnswer(C:\BA\Software_projects\PIC\1510\8.5.18_ver_1_f\BA1510_GUI_1.1.11\atpLib\Devices\RFC1662Device\RFC1662BinarySerialDevice.cs:86) [INFO] - got answer of type: 89
2018-06-13 13:32:15,472 [12] atpLib.Scenarios.Scenario.runTask(C:\BA\Software_projects\PIC\1510\8.5.18_ver_1_f\BA1510_GUI_1.1.11\atpLib\Scenarios\Scenario.cs:221) [INFO] - Scenario passed.
2018-06-13 13:32:15,655 [9] atpLib.Scenarios.Scenario.runTask(C:\BA\Software_projects\PIC\1510\8.5.18_ver_1_f\BA1510_GUI_1.1.11\atpLib\Scenarios\Scenario.cs:178) [INFO] - Running scenario "Get Momentery Status" - with timeout of: 10 seconds.
2018-06-13 13:32:15,659 [6] atpLib.Scenarios.SingleMessageSingleDeviceScenario.internalRun(C:\BA\Software_projects\PIC\1510\8.5.18_ver_1_f\BA1510_GUI_1.1.11\atpLib\Scenarios\SingleMessageSingleDeviceScenario.cs:27) [INFO] - sending a message of type: GetMomenteryStatusMessage
2018-06-13 13:32:15,662 [6] atpLib.Devices.RFC1662BinarySerialDevice.sendMsg(C:\BA\Software_projects\PIC\1510\8.5.18_ver_1_f\BA1510_GUI_1.1.11\atpLib\Devices\RFC1662Device\RFC1662BinarySerialDevice.cs:107) [INFO] - sending 9
2018-06-13 13:32:15,667 [6] atpLib.Devices.RFC1662BinarySerialDevice.receiveAnswer(C:\BA\Software_projects\PIC\1510\8.5.18_ver_1_f\BA1510_GUI_1.1.11\atpLib\Devices\RFC1662Device\RFC1662BinarySerialDevice.cs:86) [INFO] - got answer of type: 89
2018-06-13 13:32:15,671 [9] atpLib.Scenarios.Scenario.runTask(C:\BA\Software_projects\PIC\1510\8.5.18_ver_1_f\BA1510_GUI_1.1.11\atpLib\Scenarios\Scenario.cs:221) [INFO] - Scenario passed.
2018-06-13 13:32:15,857 [12] atpLib.Scenarios.Scenario.runTask(C:\BA\Software_projects\PIC\1510\8.5.18_ver_1_f\BA1510_GUI_1.1.11\atpLib\Scenarios\Scenario.cs:178) [INFO] - Running scenario "Get Momentery Status" - with timeout of: 10 seconds.
2018-06-13 13:32:15,860 [6] atpLib.Scenarios.SingleMessageSingleDeviceScenario.internalRun(C:\BA\Software_projects\PIC\1510\8.5.18_ver_1_f\BA1510_GUI_1.1.11\atpLib\Scenarios\SingleMessageSingleDeviceScenario.cs:27) [INFO] - sending a message of type: GetMomenteryStatusMessage
2018-06-13 13:32:15,864 [6] atpLib.Devices.RFC1662BinarySerialDevice.sendMsg(C:\BA\Software_projects\PIC\1510\8.5.18_ver_1_f\BA1510_GUI_1.1.11\atpLib\Devices\RFC1662Device\RFC1662BinarySerialDevice.cs:107) [INFO] - sending 9
2018-06-13 13:32:15,870 [6] atpLib.Devices.RFC1662BinarySerialDevice.receiveAnswer(C:\BA\Software_projects\PIC\1510\8.5.18_ver_1_f\BA1510_GUI_1.1.11\atpLib\Devices\RFC1662Device\RFC1662BinarySerialDevice.cs:86) [INFO] - got answer of type: 89
2018-06-13 13:32:15,875 [12] atpLib.Scenarios.Scenario.runTask(C:\BA\Software_projects\PIC\1510\8.5.18_ver_1_f\BA1510_GUI_1.1.11\atpLib\Scenarios\Scenario.cs:221) [INFO] - Scenario passed.
2018-06-13 13:32:16,049 [9] atpLib.Scenarios.Scenario.runTask(C:\BA\Software_projects\PIC\1510\8.5.18_ver_1_f\BA1510_GUI_1.1.11\atpLib\Scenarios\Scenario.cs:178) [INFO] - Running scenario "Get Momentery Status" - with timeout of: 10 seconds.
2018-06-13 13:32:16,053 [7] atpLib.Scenarios.SingleMessageSingleDeviceScenario.internalRun(C:\BA\Software_projects\PIC\1510\8.5.18_ver_1_f\BA1510_GUI_1.1.11\atpLib\Scenarios\SingleMessageSingleDeviceScenario.cs:27) [INFO] - sending a message of type: GetMomenteryStatusMessage
2018-06-13 13:32:16,056 [7] atpLib.Devices.RFC1662BinarySerialDevice.sendMsg(C:\BA\Software_projects\PIC\1510\8.5.18_ver_1_f\BA1510_GUI_1.1.11\atpLib\Devices\RFC1662Device\RFC1662BinarySerialDevice.cs:107) [INFO] - sending 9
2018-06-13 13:32:16,061 [7] atpLib.Devices.RFC1662BinarySerialDevice.receiveAnswer(C:\BA\Software_projects\PIC\1510\8.5.18_ver_1_f\BA1510_GUI_1.1.11\atpLib\Devices\RFC1662Device\RFC1662BinarySerialDevice.cs:86) [INFO] - got answer of type: 89
2018-06-13 13:32:16,065 [9] atpLib.Scenarios.Scenario.runTask(C:\BA\Software_projects\PIC\1510\8.5.18_ver_1_f\BA1510_GUI_1.1.11\atpLib\Scenarios\Scenario.cs:221) [INFO] - Scenario passed.
2018-06-13 13:32:16,243 [12] atpLib.Scenarios.Scenario.runTask(C:\BA\Software_projects\PIC\1510\8.5.18_ver_1_f\BA1510_GUI_1.1.11\atpLib\Scenarios\Scenario.cs:178) [INFO] - Running scenario "Get Momentery Status" - with timeout of: 10 seconds.
2018-06-13 13:32:16,247 [6] atpLib.Scenarios.SingleMessageSingleDeviceScenario.internalRun(C:\BA\Software_projects\PIC\1510\8.5.18_ver_1_f\BA1510_GUI_1.1.11\atpLib\Scenarios\SingleMessageSingleDeviceScenario.cs:27) [INFO] - sending a message of type: GetMomenteryStatusMessage
2018-06-13 13:32:16,250 [6] atpLib.Devices.RFC1662BinarySerialDevice.sendMsg(C:\BA\Software_projects\PIC\1510\8.5.18_ver_1_f\BA1510_GUI_1.1.11\atpLib\Devices\RFC1662Device\RFC1662BinarySerialDevice.cs:107) [INFO] - sending 9
2018-06-13 13:32:16,256 [6] atpLib.Devices.RFC1662BinarySerialDevice.receiveAnswer(C:\BA\Software_projects\PIC\1510\8.5.18_ver_1_f\BA1510_GUI_1.1.11\atpLib\Devices\RFC1662Device\RFC1662BinarySerialDevice.cs:86) [INFO] - got answer of type: 89
2018-06-13 13:32:16,259 [12] atpLib.Scenarios.Scenario.runTask(C:\BA\Software_projects\PIC\1510\8.5.18_ver_1_f\BA1510_GUI_1.1.11\atpLib\Scenarios\Scenario.cs:221) [INFO] - Scenario passed.
2018-06-13 13:32:16,439 [7] atpLib.Scenarios.Scenario.runTask(C:\BA\Software_projects\PIC\1510\8.5.18_ver_1_f\BA1510_GUI_1.1.11\atpLib\Scenarios\Scenario.cs:178) [INFO] - Running scenario "Get Momentery Status" - with timeout of: 10 seconds.
2018-06-13 13:32:16,442 [12] atpLib.Scenarios.SingleMessageSingleDeviceScenario.internalRun(C:\BA\Software_projects\PIC\1510\8.5.18_ver_1_f\BA1510_GUI_1.1.11\atpLib\Scenarios\SingleMessageSingleDeviceScenario.cs:27) [INFO] - sending a message of type: GetMomenteryStatusMessage
2018-06-13 13:32:16,445 [12] atpLib.Devices.RFC1662BinarySerialDevice.sendMsg(C:\BA\Software_projects\PIC\1510\8.5.18_ver_1_f\BA1510_GUI_1.1.11\atpLib\Devices\RFC1662Device\RFC1662BinarySerialDevice.cs:107) [INFO] - sending 9
2018-06-13 13:32:16,452 [12] atpLib.Devices.RFC1662BinarySerialDevice.receiveAnswer(C:\BA\Software_projects\PIC\1510\8.5.18_ver_1_f\BA1510_GUI_1.1.11\atpLib\Devices\RFC1662Device\RFC1662BinarySerialDevice.cs:86) [INFO] - got answer of type: 89
2018-06-13 13:32:16,457 [7] atpLib.Scenarios.Scenario.runTask(C:\BA\Software_projects\PIC\1510\8.5.18_ver_1_f\BA1510_GUI_1.1.11\atpLib\Scenarios\Scenario.cs:221) [INFO] - Scenario passed.
2018-06-13 13:32:17,391 [5] atpLib.Scenarios.Scenario.runTask(C:\BA\Software_projects\PIC\1510\8.5.18_ver_1_f\BA1510_GUI_1.1.11\atpLib\Scenarios\Scenario.cs:178) [INFO] - Running scenario "Get Version" - with timeout of: 10 seconds.
2018-06-13 13:32:17,394 [7] atpLib.Scenarios.SingleMessageSingleDeviceScenario.internalRun(C:\BA\Software_projects\PIC\1510\8.5.18_ver_1_f\BA1510_GUI_1.1.11\atpLib\Scenarios\SingleMessageSingleDeviceScenario.cs:27) [INFO] - sending a message of type: GetVersionMessage
2018-06-13 13:32:17,398 [7] atpLib.Devices.RFC1662BinarySerialDevice.sendMsg(C:\BA\Software_projects\PIC\1510\8.5.18_ver_1_f\BA1510_GUI_1.1.11\atpLib\Devices\RFC1662Device\RFC1662BinarySerialDevice.cs:107) [INFO] - sending 2
2018-06-13 13:32:17,415 [7] atpLib.Scenarios.SingleMessageSingleDeviceScenario.internalRun(C:\BA\Software_projects\PIC\1510\8.5.18_ver_1_f\BA1510_GUI_1.1.11\atpLib\Scenarios\SingleMessageSingleDeviceScenario.cs:68) [ERROR] - Exception of type 'atpLib.Messagess.UnknownOPException' was thrown.
