2018-05-23 14:18:19,993 [1] mfe_gui.frmMain.frmMain_Load(C:\BA\Software_projects\PIC\1510\8.5.18_ver_1_f\BA1510_GUI_SRC\MFE_gui\frmMain.cs:70) [INFO] - Statring Program, Version - 1.1.10.0, AtpLib - 1.4.4.0
2018-05-23 14:18:21,667 [1] mfe_gui.frmMain.btnConnect_Click(C:\BA\Software_projects\PIC\1510\8.5.18_ver_1_f\BA1510_GUI_SRC\MFE_gui\frmMain.cs:249) [INFO] - Connected to COM3
2018-05-23 14:18:24,882 [5] atpLib.Scenarios.Scenario.runTask(C:\BA\Software_projects\PIC\1510\8.5.18_ver_1_f\BA1510_GUI_SRC\atpLib\Scenarios\Scenario.cs:178) [INFO] - Running scenario "Change Mode" - with timeout of: 10 seconds.
2018-05-23 14:18:24,894 [6] atpLib.Scenarios.SingleMessageSingleDeviceScenario.internalRun(C:\BA\Software_projects\PIC\1510\8.5.18_ver_1_f\BA1510_GUI_SRC\atpLib\Scenarios\SingleMessageSingleDeviceScenario.cs:27) [INFO] - sending a message of type: ChangeModeMessage
2018-05-23 14:18:24,900 [6] atpLib.Devices.RFC1662BinarySerialDevice.sendMsg(C:\BA\Software_projects\PIC\1510\8.5.18_ver_1_f\BA1510_GUI_SRC\atpLib\Devices\RFC1662Device\RFC1662BinarySerialDevice.cs:107) [INFO] - sending 3
2018-05-23 14:18:25,055 [6] atpLib.Devices.RFC1662BinarySerialDevice.receiveAnswer(C:\BA\Software_projects\PIC\1510\8.5.18_ver_1_f\BA1510_GUI_SRC\atpLib\Devices\RFC1662Device\RFC1662BinarySerialDevice.cs:86) [INFO] - got answer of type: 80
2018-05-23 14:18:25,065 [5] atpLib.Scenarios.Scenario.runTask(C:\BA\Software_projects\PIC\1510\8.5.18_ver_1_f\BA1510_GUI_SRC\atpLib\Scenarios\Scenario.cs:221) [INFO] - Scenario passed.
2018-05-23 14:18:25,529 [9] atpLib.Scenarios.Scenario.runTask(C:\BA\Software_projects\PIC\1510\8.5.18_ver_1_f\BA1510_GUI_SRC\atpLib\Scenarios\Scenario.cs:178) [INFO] - Running scenario "Send Control Message" - with timeout of: 10 seconds.
2018-05-23 14:18:25,531 [6] atpLib.Scenarios.SingleMessageSingleDeviceScenario.internalRun(C:\BA\Software_projects\PIC\1510\8.5.18_ver_1_f\BA1510_GUI_SRC\atpLib\Scenarios\SingleMessageSingleDeviceScenario.cs:27) [INFO] - sending a message of type: ControlMessage
2018-05-23 14:18:25,533 [6] atpLib.Devices.RFC1662BinarySerialDevice.sendMsg(C:\BA\Software_projects\PIC\1510\8.5.18_ver_1_f\BA1510_GUI_SRC\atpLib\Devices\RFC1662Device\RFC1662BinarySerialDevice.cs:107) [INFO] - sending 0
2018-05-23 14:18:25,537 [6] atpLib.Devices.RFC1662BinarySerialDevice.receiveAnswer(C:\BA\Software_projects\PIC\1510\8.5.18_ver_1_f\BA1510_GUI_SRC\atpLib\Devices\RFC1662Device\RFC1662BinarySerialDevice.cs:86) [INFO] - got answer of type: 81
2018-05-23 14:18:25,540 [9] atpLib.Scenarios.Scenario.runTask(C:\BA\Software_projects\PIC\1510\8.5.18_ver_1_f\BA1510_GUI_SRC\atpLib\Scenarios\Scenario.cs:221) [INFO] - Scenario passed.
2018-05-23 14:18:26,038 [5] atpLib.Scenarios.Scenario.runTask(C:\BA\Software_projects\PIC\1510\8.5.18_ver_1_f\BA1510_GUI_SRC\atpLib\Scenarios\Scenario.cs:178) [INFO] - Running scenario "Send Control Message" - with timeout of: 10 seconds.
2018-05-23 14:18:26,047 [6] atpLib.Scenarios.SingleMessageSingleDeviceScenario.internalRun(C:\BA\Software_projects\PIC\1510\8.5.18_ver_1_f\BA1510_GUI_SRC\atpLib\Scenarios\SingleMessageSingleDeviceScenario.cs:27) [INFO] - sending a message of type: ControlMessage
2018-05-23 14:18:26,051 [6] atpLib.Devices.RFC1662BinarySerialDevice.sendMsg(C:\BA\Software_projects\PIC\1510\8.5.18_ver_1_f\BA1510_GUI_SRC\atpLib\Devices\RFC1662Device\RFC1662BinarySerialDevice.cs:107) [INFO] - sending 0
2018-05-23 14:18:26,057 [6] atpLib.Devices.RFC1662BinarySerialDevice.receiveAnswer(C:\BA\Software_projects\PIC\1510\8.5.18_ver_1_f\BA1510_GUI_SRC\atpLib\Devices\RFC1662Device\RFC1662BinarySerialDevice.cs:86) [INFO] - got answer of type: 81
2018-05-23 14:18:26,061 [5] atpLib.Scenarios.Scenario.runTask(C:\BA\Software_projects\PIC\1510\8.5.18_ver_1_f\BA1510_GUI_SRC\atpLib\Scenarios\Scenario.cs:221) [INFO] - Scenario passed.
2018-05-23 14:18:26,246 [7] atpLib.Scenarios.Scenario.runTask(C:\BA\Software_projects\PIC\1510\8.5.18_ver_1_f\BA1510_GUI_SRC\atpLib\Scenarios\Scenario.cs:178) [INFO] - Running scenario "Send Control Message" - with timeout of: 10 seconds.
2018-05-23 14:18:26,251 [9] atpLib.Scenarios.SingleMessageSingleDeviceScenario.internalRun(C:\BA\Software_projects\PIC\1510\8.5.18_ver_1_f\BA1510_GUI_SRC\atpLib\Scenarios\SingleMessageSingleDeviceScenario.cs:27) [INFO] - sending a message of type: ControlMessage
2018-05-23 14:18:26,253 [9] atpLib.Devices.RFC1662BinarySerialDevice.sendMsg(C:\BA\Software_projects\PIC\1510\8.5.18_ver_1_f\BA1510_GUI_SRC\atpLib\Devices\RFC1662Device\RFC1662BinarySerialDevice.cs:107) [INFO] - sending 0
2018-05-23 14:18:26,259 [9] atpLib.Devices.RFC1662BinarySerialDevice.receiveAnswer(C:\BA\Software_projects\PIC\1510\8.5.18_ver_1_f\BA1510_GUI_SRC\atpLib\Devices\RFC1662Device\RFC1662BinarySerialDevice.cs:86) [INFO] - got answer of type: 81
2018-05-23 14:18:26,263 [7] atpLib.Scenarios.Scenario.runTask(C:\BA\Software_projects\PIC\1510\8.5.18_ver_1_f\BA1510_GUI_SRC\atpLib\Scenarios\Scenario.cs:221) [INFO] - Scenario passed.
2018-05-23 14:18:26,430 [6] atpLib.Scenarios.Scenario.runTask(C:\BA\Software_projects\PIC\1510\8.5.18_ver_1_f\BA1510_GUI_SRC\atpLib\Scenarios\Scenario.cs:178) [INFO] - Running scenario "Send Control Message" - with timeout of: 10 seconds.
2018-05-23 14:18:26,433 [5] atpLib.Scenarios.SingleMessageSingleDeviceScenario.internalRun(C:\BA\Software_projects\PIC\1510\8.5.18_ver_1_f\BA1510_GUI_SRC\atpLib\Scenarios\SingleMessageSingleDeviceScenario.cs:27) [INFO] - sending a message of type: ControlMessage
2018-05-23 14:18:26,437 [5] atpLib.Devices.RFC1662BinarySerialDevice.sendMsg(C:\BA\Software_projects\PIC\1510\8.5.18_ver_1_f\BA1510_GUI_SRC\atpLib\Devices\RFC1662Device\RFC1662BinarySerialDevice.cs:107) [INFO] - sending 0
2018-05-23 14:18:26,446 [5] atpLib.Devices.RFC1662BinarySerialDevice.receiveAnswer(C:\BA\Software_projects\PIC\1510\8.5.18_ver_1_f\BA1510_GUI_SRC\atpLib\Devices\RFC1662Device\RFC1662BinarySerialDevice.cs:86) [INFO] - got answer of type: 81
2018-05-23 14:18:26,450 [6] atpLib.Scenarios.Scenario.runTask(C:\BA\Software_projects\PIC\1510\8.5.18_ver_1_f\BA1510_GUI_SRC\atpLib\Scenarios\Scenario.cs:221) [INFO] - Scenario passed.
2018-05-23 14:18:26,606 [7] atpLib.Scenarios.Scenario.runTask(C:\BA\Software_projects\PIC\1510\8.5.18_ver_1_f\BA1510_GUI_SRC\atpLib\Scenarios\Scenario.cs:178) [INFO] - Running scenario "Send Control Message" - with timeout of: 10 seconds.
2018-05-23 14:18:26,610 [5] atpLib.Scenarios.SingleMessageSingleDeviceScenario.internalRun(C:\BA\Software_projects\PIC\1510\8.5.18_ver_1_f\BA1510_GUI_SRC\atpLib\Scenarios\SingleMessageSingleDeviceScenario.cs:27) [INFO] - sending a message of type: ControlMessage
2018-05-23 14:18:26,613 [5] atpLib.Devices.RFC1662BinarySerialDevice.sendMsg(C:\BA\Software_projects\PIC\1510\8.5.18_ver_1_f\BA1510_GUI_SRC\atpLib\Devices\RFC1662Device\RFC1662BinarySerialDevice.cs:107) [INFO] - sending 0
2018-05-23 14:18:26,619 [5] atpLib.Devices.RFC1662BinarySerialDevice.receiveAnswer(C:\BA\Software_projects\PIC\1510\8.5.18_ver_1_f\BA1510_GUI_SRC\atpLib\Devices\RFC1662Device\RFC1662BinarySerialDevice.cs:86) [INFO] - got answer of type: 81
2018-05-23 14:18:26,622 [7] atpLib.Scenarios.Scenario.runTask(C:\BA\Software_projects\PIC\1510\8.5.18_ver_1_f\BA1510_GUI_SRC\atpLib\Scenarios\Scenario.cs:221) [INFO] - Scenario passed.
2018-05-23 14:18:26,788 [6] atpLib.Scenarios.Scenario.runTask(C:\BA\Software_projects\PIC\1510\8.5.18_ver_1_f\BA1510_GUI_SRC\atpLib\Scenarios\Scenario.cs:178) [INFO] - Running scenario "Send Control Message" - with timeout of: 10 seconds.
2018-05-23 14:18:26,794 [9] atpLib.Scenarios.SingleMessageSingleDeviceScenario.internalRun(C:\BA\Software_projects\PIC\1510\8.5.18_ver_1_f\BA1510_GUI_SRC\atpLib\Scenarios\SingleMessageSingleDeviceScenario.cs:27) [INFO] - sending a message of type: ControlMessage
2018-05-23 14:18:26,797 [9] atpLib.Devices.RFC1662BinarySerialDevice.sendMsg(C:\BA\Software_projects\PIC\1510\8.5.18_ver_1_f\BA1510_GUI_SRC\atpLib\Devices\RFC1662Device\RFC1662BinarySerialDevice.cs:107) [INFO] - sending 0
2018-05-23 14:18:26,803 [9] atpLib.Devices.RFC1662BinarySerialDevice.receiveAnswer(C:\BA\Software_projects\PIC\1510\8.5.18_ver_1_f\BA1510_GUI_SRC\atpLib\Devices\RFC1662Device\RFC1662BinarySerialDevice.cs:86) [INFO] - got answer of type: 81
2018-05-23 14:18:26,806 [6] atpLib.Scenarios.Scenario.runTask(C:\BA\Software_projects\PIC\1510\8.5.18_ver_1_f\BA1510_GUI_SRC\atpLib\Scenarios\Scenario.cs:221) [INFO] - Scenario passed.
2018-05-23 14:18:26,949 [5] atpLib.Scenarios.Scenario.runTask(C:\BA\Software_projects\PIC\1510\8.5.18_ver_1_f\BA1510_GUI_SRC\atpLib\Scenarios\Scenario.cs:178) [INFO] - Running scenario "Send Control Message" - with timeout of: 10 seconds.
2018-05-23 14:18:26,952 [9] atpLib.Scenarios.SingleMessageSingleDeviceScenario.internalRun(C:\BA\Software_projects\PIC\1510\8.5.18_ver_1_f\BA1510_GUI_SRC\atpLib\Scenarios\SingleMessageSingleDeviceScenario.cs:27) [INFO] - sending a message of type: ControlMessage
2018-05-23 14:18:26,955 [9] atpLib.Devices.RFC1662BinarySerialDevice.sendMsg(C:\BA\Software_projects\PIC\1510\8.5.18_ver_1_f\BA1510_GUI_SRC\atpLib\Devices\RFC1662Device\RFC1662BinarySerialDevice.cs:107) [INFO] - sending 0
2018-05-23 14:18:26,962 [9] atpLib.Devices.RFC1662BinarySerialDevice.receiveAnswer(C:\BA\Software_projects\PIC\1510\8.5.18_ver_1_f\BA1510_GUI_SRC\atpLib\Devices\RFC1662Device\RFC1662BinarySerialDevice.cs:86) [INFO] - got answer of type: 81
2018-05-23 14:18:26,967 [5] atpLib.Scenarios.Scenario.runTask(C:\BA\Software_projects\PIC\1510\8.5.18_ver_1_f\BA1510_GUI_SRC\atpLib\Scenarios\Scenario.cs:221) [INFO] - Scenario passed.
2018-05-23 14:18:27,126 [6] atpLib.Scenarios.Scenario.runTask(C:\BA\Software_projects\PIC\1510\8.5.18_ver_1_f\BA1510_GUI_SRC\atpLib\Scenarios\Scenario.cs:178) [INFO] - Running scenario "Send Control Message" - with timeout of: 10 seconds.
2018-05-23 14:18:27,128 [9] atpLib.Scenarios.SingleMessageSingleDeviceScenario.internalRun(C:\BA\Software_projects\PIC\1510\8.5.18_ver_1_f\BA1510_GUI_SRC\atpLib\Scenarios\SingleMessageSingleDeviceScenario.cs:27) [INFO] - sending a message of type: ControlMessage
2018-05-23 14:18:27,131 [9] atpLib.Devices.RFC1662BinarySerialDevice.sendMsg(C:\BA\Software_projects\PIC\1510\8.5.18_ver_1_f\BA1510_GUI_SRC\atpLib\Devices\RFC1662Device\RFC1662BinarySerialDevice.cs:107) [INFO] - sending 0
2018-05-23 14:18:27,137 [9] atpLib.Devices.RFC1662BinarySerialDevice.receiveAnswer(C:\BA\Software_projects\PIC\1510\8.5.18_ver_1_f\BA1510_GUI_SRC\atpLib\Devices\RFC1662Device\RFC1662BinarySerialDevice.cs:86) [INFO] - got answer of type: 81
2018-05-23 14:18:27,141 [6] atpLib.Scenarios.Scenario.runTask(C:\BA\Software_projects\PIC\1510\8.5.18_ver_1_f\BA1510_GUI_SRC\atpLib\Scenarios\Scenario.cs:221) [INFO] - Scenario passed.
2018-05-23 14:18:27,296 [5] atpLib.Scenarios.Scenario.runTask(C:\BA\Software_projects\PIC\1510\8.5.18_ver_1_f\BA1510_GUI_SRC\atpLib\Scenarios\Scenario.cs:178) [INFO] - Running scenario "Send Control Message" - with timeout of: 10 seconds.
2018-05-23 14:18:27,298 [9] atpLib.Scenarios.SingleMessageSingleDeviceScenario.internalRun(C:\BA\Software_projects\PIC\1510\8.5.18_ver_1_f\BA1510_GUI_SRC\atpLib\Scenarios\SingleMessageSingleDeviceScenario.cs:27) [INFO] - sending a message of type: ControlMessage
2018-05-23 14:18:27,301 [9] atpLib.Devices.RFC1662BinarySerialDevice.sendMsg(C:\BA\Software_projects\PIC\1510\8.5.18_ver_1_f\BA1510_GUI_SRC\atpLib\Devices\RFC1662Device\RFC1662BinarySerialDevice.cs:107) [INFO] - sending 0
2018-05-23 14:18:27,307 [9] atpLib.Devices.RFC1662BinarySerialDevice.receiveAnswer(C:\BA\Software_projects\PIC\1510\8.5.18_ver_1_f\BA1510_GUI_SRC\atpLib\Devices\RFC1662Device\RFC1662BinarySerialDevice.cs:86) [INFO] - got answer of type: 81
2018-05-23 14:18:27,313 [5] atpLib.Scenarios.Scenario.runTask(C:\BA\Software_projects\PIC\1510\8.5.18_ver_1_f\BA1510_GUI_SRC\atpLib\Scenarios\Scenario.cs:221) [INFO] - Scenario passed.
2018-05-23 14:18:27,460 [9] atpLib.Scenarios.Scenario.runTask(C:\BA\Software_projects\PIC\1510\8.5.18_ver_1_f\BA1510_GUI_SRC\atpLib\Scenarios\Scenario.cs:178) [INFO] - Running scenario "Send Control Message" - with timeout of: 10 seconds.
2018-05-23 14:18:27,465 [7] atpLib.Scenarios.SingleMessageSingleDeviceScenario.internalRun(C:\BA\Software_projects\PIC\1510\8.5.18_ver_1_f\BA1510_GUI_SRC\atpLib\Scenarios\SingleMessageSingleDeviceScenario.cs:27) [INFO] - sending a message of type: ControlMessage
2018-05-23 14:18:27,468 [7] atpLib.Devices.RFC1662BinarySerialDevice.sendMsg(C:\BA\Software_projects\PIC\1510\8.5.18_ver_1_f\BA1510_GUI_SRC\atpLib\Devices\RFC1662Device\RFC1662BinarySerialDevice.cs:107) [INFO] - sending 0
2018-05-23 14:18:27,474 [7] atpLib.Devices.RFC1662BinarySerialDevice.receiveAnswer(C:\BA\Software_projects\PIC\1510\8.5.18_ver_1_f\BA1510_GUI_SRC\atpLib\Devices\RFC1662Device\RFC1662BinarySerialDevice.cs:86) [INFO] - got answer of type: 81
2018-05-23 14:18:27,479 [9] atpLib.Scenarios.Scenario.runTask(C:\BA\Software_projects\PIC\1510\8.5.18_ver_1_f\BA1510_GUI_SRC\atpLib\Scenarios\Scenario.cs:221) [INFO] - Scenario passed.
